
Gurobi 13.0.1 (linux64) logging started Tue Feb 24 22:51:11 2026

Set parameter LogFile to value "logs/log_gurobi_140B_20260224224917.log"
Gurobi Optimizer version 13.0.1 build v13.0.1rc0 (linux64 - "openSUSE Tumbleweed")

CPU model: Intel(R) Core(TM) i7-10610U CPU @ 1.80GHz, instruction set [SSE2|AVX|AVX2]
Thread count: 4 physical cores, 8 logical processors, using up to 8 threads

Non-default parameters:
TimeLimit  7200
SoftMemLimit  13.2

Optimize a model with 100320 rows, 2982150 columns and 8989887 nonzeros (Min)
Model fingerprint: 0x42869ed3
Model has 2929965 linear objective coefficients
Variable types: 21150 continuous, 2961000 integer (2961000 binary)
Coefficient statistics:
  Matrix range     [3e-03, 2e+04]
  Objective range  [3e-01, 1e+02]
  Bounds range     [1e+00, 2e+05]
  RHS range        [4e-02, 3e+05]

Presolve removed 48299 rows and 2042803 columns (presolve time = 5s)...
Presolve removed 56951 rows and 2042803 columns (presolve time = 10s)...
Presolve removed 56951 rows and 2042803 columns (presolve time = 15s)...
Presolve removed 56951 rows and 2042803 columns (presolve time = 20s)...
Presolve removed 56951 rows and 2042803 columns (presolve time = 25s)...
Presolve removed 56951 rows and 2042803 columns (presolve time = 30s)...
Presolve removed 56951 rows and 2042803 columns (presolve time = 35s)...
Presolve removed 56951 rows and 2042803 columns (presolve time = 40s)...
Presolve removed 56951 rows and 2042803 columns (presolve time = 45s)...
Presolve removed 56951 rows and 2042803 columns (presolve time = 50s)...
Presolve removed 56951 rows and 2042803 columns (presolve time = 55s)...
Presolve removed 56951 rows and 2042803 columns (presolve time = 60s)...
Presolve removed 56951 rows and 2042803 columns (presolve time = 65s)...
Presolve removed 56951 rows and 2042803 columns (presolve time = 70s)...
Presolve removed 56951 rows and 2042803 columns (presolve time = 75s)...
Presolve removed 56951 rows and 2042803 columns (presolve time = 80s)...
Presolve removed 56951 rows and 2042803 columns (presolve time = 85s)...
Presolve removed 56951 rows and 2042803 columns (presolve time = 90s)...
Presolve removed 56951 rows and 2042803 columns (presolve time = 95s)...
Presolve removed 56951 rows and 2042803 columns (presolve time = 100s)...
Presolve removed 56951 rows and 2042803 columns (presolve time = 105s)...
Presolve removed 56951 rows and 2042803 columns (presolve time = 110s)...
Presolve removed 56951 rows and 2042803 columns (presolve time = 115s)...
Presolve removed 56951 rows and 2042803 columns (presolve time = 120s)...
Presolve removed 56951 rows and 2042803 columns (presolve time = 125s)...
Presolve removed 56951 rows and 2042803 columns (presolve time = 130s)...
Presolve removed 56951 rows and 2042803 columns (presolve time = 135s)...
Presolve removed 56951 rows and 2042803 columns (presolve time = 142s)...
Presolve removed 56951 rows and 2042803 columns (presolve time = 145s)...
Presolve removed 56951 rows and 2042803 columns (presolve time = 150s)...
Presolve removed 56951 rows and 2042803 columns (presolve time = 155s)...
Presolve removed 56951 rows and 2042803 columns (presolve time = 160s)...
Presolve removed 56951 rows and 2042803 columns (presolve time = 165s)...
Presolve removed 56951 rows and 2042803 columns (presolve time = 170s)...
Presolve removed 56951 rows and 2042803 columns (presolve time = 175s)...
Presolve removed 56951 rows and 2042803 columns (presolve time = 180s)...
Presolve removed 56951 rows and 2042803 columns (presolve time = 185s)...
Presolve removed 56951 rows and 2042803 columns (presolve time = 190s)...
Presolve removed 56951 rows and 2042803 columns (presolve time = 195s)...
Presolve removed 56951 rows and 2042803 columns (presolve time = 200s)...
Presolve removed 56951 rows and 2042803 columns (presolve time = 205s)...
Presolve removed 56951 rows and 2042803 columns (presolve time = 210s)...
Presolve removed 56951 rows and 2042803 columns (presolve time = 215s)...
Presolve removed 56951 rows and 2042803 columns (presolve time = 220s)...
Presolve removed 56951 rows and 2042803 columns (presolve time = 225s)...
Presolve removed 56951 rows and 2042803 columns (presolve time = 230s)...
Presolve removed 56951 rows and 2042803 columns (presolve time = 235s)...
Presolve removed 56951 rows and 2042803 columns (presolve time = 240s)...
Presolve removed 56951 rows and 2042803 columns (presolve time = 245s)...
Presolve removed 56951 rows and 2042803 columns (presolve time = 250s)...
Presolve removed 56951 rows and 2042803 columns (presolve time = 255s)...
Presolve removed 56951 rows and 2042803 columns (presolve time = 260s)...
Presolve removed 56951 rows and 2042803 columns (presolve time = 265s)...
Presolve removed 56951 rows and 2042803 columns (presolve time = 270s)...
Presolve removed 56951 rows and 2042803 columns (presolve time = 275s)...
Presolve removed 56951 rows and 2042803 columns (presolve time = 280s)...
Presolve removed 56951 rows and 2042803 columns (presolve time = 285s)...
Presolve removed 56951 rows and 2042803 columns (presolve time = 290s)...
Presolve removed 56951 rows and 2042803 columns (presolve time = 295s)...
Presolve removed 56951 rows and 2042803 columns (presolve time = 300s)...
Presolve removed 56951 rows and 2042803 columns (presolve time = 305s)...
Presolve removed 56951 rows and 2042803 columns (presolve time = 310s)...
Presolve removed 56951 rows and 2042803 columns (presolve time = 315s)...
Presolve removed 56951 rows and 2042803 columns (presolve time = 320s)...
Presolve removed 56951 rows and 2042803 columns (presolve time = 325s)...
Presolve removed 56951 rows and 2042803 columns (presolve time = 330s)...
Presolve removed 56951 rows and 2042803 columns (presolve time = 335s)...
Presolve removed 56951 rows and 2042803 columns (presolve time = 340s)...
Presolve removed 56951 rows and 2042803 columns (presolve time = 345s)...
Presolve removed 56951 rows and 2042803 columns (presolve time = 350s)...
Presolve removed 56951 rows and 2042803 columns (presolve time = 355s)...
Presolve removed 56951 rows and 2042803 columns (presolve time = 360s)...
Presolve removed 56951 rows and 2042803 columns (presolve time = 365s)...
Presolve removed 56951 rows and 2042803 columns (presolve time = 370s)...
Presolve removed 56951 rows and 2042803 columns (presolve time = 375s)...
Presolve removed 56951 rows and 2042803 columns (presolve time = 380s)...
Presolve removed 56951 rows and 2042803 columns (presolve time = 385s)...
Presolve removed 56951 rows and 2042803 columns (presolve time = 390s)...
Presolve removed 56951 rows and 2042803 columns (presolve time = 395s)...
Presolve removed 56951 rows and 2042803 columns (presolve time = 400s)...
Presolve removed 56951 rows and 2042803 columns (presolve time = 405s)...
Presolve removed 56951 rows and 2042803 columns (presolve time = 410s)...
Presolve removed 56951 rows and 2042803 columns (presolve time = 415s)...
Presolve removed 56951 rows and 2042803 columns (presolve time = 420s)...
Presolve removed 56951 rows and 2042803 columns (presolve time = 425s)...
Presolve removed 56951 rows and 2042803 columns (presolve time = 430s)...
Presolve removed 56951 rows and 2042803 columns (presolve time = 435s)...
Presolve removed 56951 rows and 2042803 columns (presolve time = 440s)...
Presolve removed 56951 rows and 2042803 columns (presolve time = 445s)...
Presolve removed 56951 rows and 2042803 columns (presolve time = 450s)...
Presolve removed 56951 rows and 2042803 columns (presolve time = 455s)...
Presolve removed 56951 rows and 2042803 columns (presolve time = 460s)...
Presolve removed 56951 rows and 2042803 columns (presolve time = 465s)...
Presolve removed 56951 rows and 2042803 columns (presolve time = 470s)...
Presolve removed 56951 rows and 2042803 columns (presolve time = 475s)...
Presolve removed 56951 rows and 2791891 columns (presolve time = 480s)...
Presolve removed 82897 rows and 2791871 columns
Presolve time: 480.49s
Presolved: 17423 rows, 190279 columns, 626449 nonzeros
Variable types: 10975 continuous, 179304 integer (179304 binary)
Found heuristic solution: objective 2.503441e+07
Performing another presolve...
Presolve removed 6684 rows and 6564 columns
Presolve time: 3.21s
Deterministic concurrent LP optimizer: primal simplex, dual simplex, and barrier
Showing barrier log only...

Root barrier log...

Ordering time: 0.53s

Barrier statistics:
 AA' NZ     : 2.588e+05
 Factor NZ  : 1.631e+06 (roughly 100 MB of memory)
 Factor Ops : 6.168e+08 (less than 1 second per iteration)
 Threads    : 2

                  Objective                Residual
Iter       Primal          Dual         Primal    Dual     Compl     Time
   0   3.92271354e+10 -2.96161718e+07  1.18e+07 3.00e+01  7.52e+05   487s
   1   9.69783749e+09 -3.32466550e+07  2.91e+06 3.52e-12  1.90e+05   487s
   2   1.54468774e+09 -2.31901275e+07  4.59e+05 1.41e-12  3.04e+04   487s
   3   2.02037924e+08 -1.59384151e+07  5.48e+04 1.04e-12  3.75e+03   488s
   4   7.17818874e+07 -1.10038806e+07  1.55e+04 1.22e-12  1.10e+03   488s
   5   3.85487314e+07 -4.20005503e+06  5.26e+03 2.08e-12  3.92e+02   488s
   6   2.33594076e+07  7.18253974e+06  5.95e+02 2.12e-12  6.93e+01   488s
   7   2.22588037e+07  1.38941650e+07  2.73e+02 2.38e-12  3.27e+01   488s

Barrier performed 7 iterations in 488.25 seconds (243.07 work units)
Barrier solve interrupted - model solved by another algorithm

Concurrent spin time: 0.24s (can be avoided by choosing Method=3)

Solved with dual simplex

Root simplex log...

Iteration    Objective       Primal Inf.    Dual Inf.      Time
    6316    2.1250415e+07   0.000000e+00   0.000000e+00    488s

Root relaxation: objective 2.125041e+07, 6316 iterations, 2.60 seconds (1.09 work units)
Total elapsed time = 488.46s (DegenMoves)

    Nodes    |    Current Node    |     Objective Bounds      |     Work
 Expl Unexpl |  Obj  Depth IntInf | Incumbent    BestBd   Gap | It/Node Time

     0     0 2.1250e+07    0  307 2.5034e+07 2.1250e+07  15.1%     -  490s
H    0     0                    2.305953e+07 2.1250e+07  7.85%     -  491s
H    0     0                    2.279277e+07 2.1250e+07  6.77%     -  492s
H    0     0                    2.276975e+07 2.1250e+07  6.67%     -  492s
H    0     0                    2.275601e+07 2.1250e+07  6.62%     -  493s
H    0     0                    2.274836e+07 2.1250e+07  6.58%     -  494s
H    0     0                    2.272387e+07 2.1250e+07  6.48%     -  494s
H    0     0                    2.255904e+07 2.1250e+07  5.80%     -  499s
H    0     0                    2.240439e+07 2.1250e+07  5.15%     -  500s
H    0     0                    2.239796e+07 2.1250e+07  5.12%     -  503s
H    0     0                    2.239497e+07 2.1250e+07  5.11%     -  503s
H    0     0                    2.239114e+07 2.1250e+07  5.09%     -  503s
H    0     0                    2.237834e+07 2.1250e+07  5.04%     -  503s
H    0     0                    2.227794e+07 2.1250e+07  4.61%     -  504s
H    0     0                    2.225646e+07 2.1251e+07  4.52%     -  505s
     0     0 2.1251e+07    0  208 2.2256e+07 2.1251e+07  4.52%     -  506s
H    0     0                    2.213883e+07 2.1251e+07  4.01%     -  510s
H    0     0                    2.213449e+07 2.1251e+07  3.99%     -  517s
H    0     0                    2.200696e+07 2.1251e+07  3.44%     -  526s
     0     0 2.1255e+07    0  282 2.2007e+07 2.1255e+07  3.42%     -  534s
     0     0 2.1255e+07    0  288 2.2007e+07 2.1255e+07  3.42%     -  536s
     0     0 2.1255e+07    0  299 2.2007e+07 2.1255e+07  3.42%     -  536s
     0     0 2.1257e+07    0  299 2.2007e+07 2.1257e+07  3.41%     -  543s
H    0     0                    2.200158e+07 2.1258e+07  3.38%     -  570s
     0     0 2.1258e+07    0  295 2.2002e+07 2.1258e+07  3.38%     -  574s
     0     0 2.1258e+07    0  296 2.2002e+07 2.1258e+07  3.38%     -  574s
H    0     0                    2.193860e+07 2.1263e+07  3.08%     -  579s
     0     0 2.1263e+07    0  332 2.1939e+07 2.1263e+07  3.08%     -  581s
     0     0 2.1264e+07    0  319 2.1939e+07 2.1264e+07  3.08%     -  584s
     0     0 2.1264e+07    0  345 2.1939e+07 2.1264e+07  3.08%     -  586s
     0     0 2.1264e+07    0  329 2.1939e+07 2.1264e+07  3.08%     -  587s
     0     0 2.1264e+07    0  329 2.1939e+07 2.1264e+07  3.08%     -  587s
     0     0 2.1269e+07    0  315 2.1939e+07 2.1269e+07  3.05%     -  593s
     0     0 2.1270e+07    0  349 2.1939e+07 2.1270e+07  3.05%     -  595s
     0     0 2.1271e+07    0  331 2.1939e+07 2.1271e+07  3.04%     -  597s
     0     0 2.1271e+07    0  331 2.1939e+07 2.1271e+07  3.04%     -  598s
     0     0 2.1271e+07    0  333 2.1939e+07 2.1271e+07  3.04%     -  598s
     0     0 2.1280e+07    0  344 2.1939e+07 2.1280e+07  3.00%     -  604s
H    0     0                    2.192682e+07 2.1280e+07  2.95%     -  607s
H    0     0                    2.189560e+07 2.1280e+07  2.81%     -  640s
     0     0 2.1281e+07    0  342 2.1896e+07 2.1281e+07  2.81%     -  647s
     0     0 2.1281e+07    0  372 2.1896e+07 2.1281e+07  2.81%     -  648s
     0     0 2.1281e+07    0  373 2.1896e+07 2.1281e+07  2.81%     -  648s
     0     0 2.1299e+07    0  341 2.1896e+07 2.1299e+07  2.73%     -  654s
     0     0 2.1300e+07    0  335 2.1896e+07 2.1300e+07  2.72%     -  656s
     0     0 2.1300e+07    0  351 2.1896e+07 2.1300e+07  2.72%     -  657s
     0     0 2.1300e+07    0  347 2.1896e+07 2.1300e+07  2.72%     -  658s
     0     0 2.1300e+07    0  347 2.1896e+07 2.1300e+07  2.72%     -  658s
     0     0 2.1308e+07    0  352 2.1896e+07 2.1308e+07  2.69%     -  664s
     0     0 2.1309e+07    0  359 2.1896e+07 2.1309e+07  2.68%     -  668s
     0     0 2.1309e+07    0  362 2.1896e+07 2.1309e+07  2.68%     -  670s
     0     0 2.1309e+07    0  369 2.1896e+07 2.1309e+07  2.68%     -  672s
     0     0 2.1309e+07    0  367 2.1896e+07 2.1309e+07  2.68%     -  672s
     0     0 2.1315e+07    0  376 2.1896e+07 2.1315e+07  2.65%     -  678s
     0     0 2.1316e+07    0  377 2.1896e+07 2.1316e+07  2.65%     -  680s
     0     0 2.1317e+07    0  364 2.1896e+07 2.1317e+07  2.64%     -  682s
     0     0 2.1317e+07    0  357 2.1896e+07 2.1317e+07  2.64%     -  682s
H    0     0                    2.188681e+07 2.1328e+07  2.55%     -  686s
     0     0 2.1328e+07    0  351 2.1887e+07 2.1328e+07  2.55%     -  687s
H    0     0                    2.188643e+07 2.1329e+07  2.55%     -  689s
     0     0 2.1329e+07    0  376 2.1886e+07 2.1329e+07  2.55%     -  689s
     0     0 2.1329e+07    0  356 2.1886e+07 2.1329e+07  2.55%     -  691s
     0     0 2.1329e+07    0  365 2.1886e+07 2.1329e+07  2.55%     -  692s
     0     0 2.1332e+07    0  350 2.1886e+07 2.1332e+07  2.53%     -  697s
H    0     0                    2.187224e+07 2.1332e+07  2.47%     -  710s
H    0     0                    2.185932e+07 2.1332e+07  2.41%     -  735s
H    0     0                    2.185931e+07 2.1332e+07  2.41%     -  755s
     0     0 2.1333e+07    0  355 2.1859e+07 2.1333e+07  2.41%     -  763s
     0     0 2.1333e+07    0  346 2.1859e+07 2.1333e+07  2.41%     -  764s
     0     0 2.1333e+07    0  356 2.1859e+07 2.1333e+07  2.41%     -  764s
     0     0 2.1340e+07    0  353 2.1859e+07 2.1340e+07  2.38%     -  771s
     0     0 2.1342e+07    0  363 2.1859e+07 2.1342e+07  2.37%     -  776s
     0     0 2.1342e+07    0  355 2.1859e+07 2.1342e+07  2.37%     -  777s
     0     0 2.1342e+07    0  360 2.1859e+07 2.1342e+07  2.37%     -  778s
     0     0 2.1351e+07    0  382 2.1859e+07 2.1351e+07  2.33%     -  784s
     0     0 2.1352e+07    0  381 2.1859e+07 2.1352e+07  2.32%     -  788s
     0     0 2.1352e+07    0  383 2.1859e+07 2.1352e+07  2.32%     -  789s
     0     0 2.1352e+07    0  387 2.1859e+07 2.1352e+07  2.32%     -  790s
     0     0 2.1372e+07    0  373 2.1859e+07 2.1372e+07  2.23%     -  797s
     0     0 2.1375e+07    0  394 2.1859e+07 2.1375e+07  2.21%     -  813s
     0     0 2.1375e+07    0  390 2.1859e+07 2.1375e+07  2.21%     -  815s
     0     0 2.1375e+07    0  380 2.1859e+07 2.1375e+07  2.21%     -  816s
     0     0 2.1402e+07    0  346 2.1859e+07 2.1402e+07  2.09%     -  823s
     0     0 2.1406e+07    0  372 2.1859e+07 2.1406e+07  2.07%     -  860s
     0     0 2.1407e+07    0  397 2.1859e+07 2.1407e+07  2.07%     -  862s
     0     0 2.1407e+07    0  391 2.1859e+07 2.1407e+07  2.07%     -  862s
     0     0 2.1407e+07    0  394 2.1859e+07 2.1407e+07  2.07%     -  863s
     0     0 2.1437e+07    0  329 2.1859e+07 2.1437e+07  1.93%     -  871s
     0     0 2.1439e+07    0  337 2.1859e+07 2.1439e+07  1.92%     -  874s
     0     0 2.1441e+07    0  332 2.1859e+07 2.1441e+07  1.92%     -  876s
     0     0 2.1441e+07    0  344 2.1859e+07 2.1441e+07  1.91%     -  877s
     0     0 2.1441e+07    0  344 2.1859e+07 2.1441e+07  1.91%     -  877s
     0     0 2.1454e+07    0  337 2.1859e+07 2.1454e+07  1.86%     -  883s
     0     0 2.1458e+07    0  354 2.1859e+07 2.1458e+07  1.83%     -  886s
     0     0 2.1459e+07    0  373 2.1859e+07 2.1459e+07  1.83%     -  889s
     0     0 2.1459e+07    0  395 2.1859e+07 2.1459e+07  1.83%     -  890s
     0     0 2.1459e+07    0  391 2.1859e+07 2.1459e+07  1.83%     -  891s
     0     0 2.1476e+07    0  395 2.1859e+07 2.1476e+07  1.76%     -  900s
     0     0 2.1482e+07    0  419 2.1859e+07 2.1482e+07  1.72%     -  903s
     0     0 2.1483e+07    0  401 2.1859e+07 2.1483e+07  1.72%     -  905s
     0     0 2.1483e+07    0  397 2.1859e+07 2.1483e+07  1.72%     -  907s
     0     0 2.1499e+07    0  355 2.1859e+07 2.1499e+07  1.65%     -  915s
     0     0 2.1502e+07    0  381 2.1859e+07 2.1502e+07  1.63%     -  918s
     0     0 2.1502e+07    0  387 2.1859e+07 2.1502e+07  1.63%     -  920s
     0     0 2.1502e+07    0  369 2.1859e+07 2.1502e+07  1.63%     -  921s
     0     0 2.1502e+07    0  370 2.1859e+07 2.1502e+07  1.63%     -  922s
     0     0 2.1518e+07    0  411 2.1859e+07 2.1518e+07  1.56%     -  931s
     0     0 2.1520e+07    0  421 2.1859e+07 2.1520e+07  1.55%     -  936s
     0     0 2.1520e+07    0  404 2.1859e+07 2.1520e+07  1.55%     -  938s
     0     0 2.1521e+07    0  407 2.1859e+07 2.1521e+07  1.55%     -  940s
     0     0 2.1521e+07    0  412 2.1859e+07 2.1521e+07  1.55%     -  941s
     0     0 2.1521e+07    0  412 2.1859e+07 2.1521e+07  1.55%     -  941s
     0     0 2.1539e+07    0  384 2.1859e+07 2.1539e+07  1.46%     -  951s
     0     0 2.1541e+07    0  397 2.1859e+07 2.1541e+07  1.46%     -  954s
     0     0 2.1542e+07    0  376 2.1859e+07 2.1542e+07  1.45%     -  956s
     0     0 2.1542e+07    0  377 2.1859e+07 2.1542e+07  1.45%     -  956s
     0     0 2.1557e+07    0  360 2.1859e+07 2.1557e+07  1.38%     -  964s
     0     0 2.1557e+07    0  376 2.1859e+07 2.1557e+07  1.38%     -  966s
     0     0 2.1557e+07    0  377 2.1859e+07 2.1557e+07  1.38%     -  969s
     0     0 2.1572e+07    0  382 2.1859e+07 2.1572e+07  1.32%     -  978s
     0     0 2.1575e+07    0  405 2.1859e+07 2.1575e+07  1.30%     -  983s
     0     0 2.1575e+07    0  410 2.1859e+07 2.1575e+07  1.30%     -  985s
     0     0 2.1575e+07    0  397 2.1859e+07 2.1575e+07  1.30%     -  986s
     0     0 2.1587e+07    0  384 2.1859e+07 2.1587e+07  1.25%     -  994s
     0     0 2.1588e+07    0  410 2.1859e+07 2.1588e+07  1.24%     -  999s
     0     0 2.1588e+07    0  429 2.1859e+07 2.1588e+07  1.24%     - 1001s
     0     0 2.1589e+07    0  434 2.1859e+07 2.1589e+07  1.24%     - 1004s
     0     0 2.1589e+07    0  429 2.1859e+07 2.1589e+07  1.24%     - 1005s
     0     0 2.1589e+07    0  433 2.1859e+07 2.1589e+07  1.24%     - 1006s
     0     0 2.1598e+07    0  409 2.1859e+07 2.1598e+07  1.20%     - 1020s
     0     0 2.1598e+07    0  416 2.1859e+07 2.1598e+07  1.19%     - 1025s
     0     0 2.1598e+07    0  421 2.1859e+07 2.1598e+07  1.19%     - 1026s
     0     0 2.1604e+07    0  414 2.1859e+07 2.1604e+07  1.17%     - 1038s
     0     0 2.1604e+07    0  410 2.1859e+07 2.1604e+07  1.17%     - 1041s
     0     0 2.1604e+07    0  436 2.1859e+07 2.1604e+07  1.17%     - 1043s
     0     0 2.1609e+07    0  415 2.1859e+07 2.1609e+07  1.14%     - 1056s
     0     0 2.1610e+07    0  453 2.1859e+07 2.1610e+07  1.14%     - 1065s
     0     0 2.1611e+07    0  423 2.1859e+07 2.1611e+07  1.14%     - 1070s
     0     0 2.1611e+07    0  429 2.1859e+07 2.1611e+07  1.14%     - 1071s
     0     0 2.1617e+07    0  422 2.1859e+07 2.1617e+07  1.11%     - 1083s
     0     0 2.1617e+07    0  434 2.1859e+07 2.1617e+07  1.11%     - 1087s
     0     0 2.1617e+07    0  433 2.1859e+07 2.1617e+07  1.11%     - 1092s
     0     0 2.1622e+07    0  433 2.1859e+07 2.1622e+07  1.08%     - 1104s
H    0     0                    2.185450e+07 2.1623e+07  1.06%     - 1107s
     0     0 2.1623e+07    0  432 2.1854e+07 2.1623e+07  1.06%     - 1108s
     0     0 2.1623e+07    0  439 2.1854e+07 2.1623e+07  1.06%     - 1109s
     0     0 2.1626e+07    0  444 2.1854e+07 2.1626e+07  1.05%     - 1119s
     0     0 2.1626e+07    0  444 2.1854e+07 2.1626e+07  1.04%     - 1126s
     0     0 2.1627e+07    0  462 2.1854e+07 2.1627e+07  1.04%     - 1128s
     0     0 2.1627e+07    0  452 2.1854e+07 2.1627e+07  1.04%     - 1130s
     0     0 2.1632e+07    0  465 2.1854e+07 2.1632e+07  1.02%     - 1150s
     0     0 2.1632e+07    0  435 2.1854e+07 2.1632e+07  1.02%     - 1155s
     0     0 2.1633e+07    0  430 2.1854e+07 2.1633e+07  1.01%     - 1162s
     0     0 2.1633e+07    0  423 2.1854e+07 2.1633e+07  1.01%     - 1165s
     0     0 2.1633e+07    0  420 2.1854e+07 2.1633e+07  1.01%     - 1166s
     0     0 2.1635e+07    0  433 2.1854e+07 2.1635e+07  1.00%     - 1180s
     0     0 2.1635e+07    0  440 2.1854e+07 2.1635e+07  1.00%     - 1183s
     0     0 2.1640e+07    0  472 2.1854e+07 2.1640e+07  0.98%     - 1204s
     0     0 2.1640e+07    0  473 2.1854e+07 2.1640e+07  0.98%     - 1232s
     0     0 2.1643e+07    0  445 2.1854e+07 2.1643e+07  0.97%     - 1246s
     0     0 2.1644e+07    0  464 2.1854e+07 2.1644e+07  0.97%     - 1248s
     0     0 2.1648e+07    0  420 2.1854e+07 2.1648e+07  0.94%     - 1265s
     0     0 2.1648e+07    0  424 2.1854e+07 2.1648e+07  0.94%     - 1270s
     0     0 2.1648e+07    0  446 2.1854e+07 2.1648e+07  0.94%     - 1272s
     0     0 2.1650e+07    0  439 2.1854e+07 2.1650e+07  0.94%     - 1290s
     0     0 2.1650e+07    0  444 2.1854e+07 2.1650e+07  0.94%     - 1296s
     0     0 2.1652e+07    0  447 2.1854e+07 2.1652e+07  0.93%     - 1310s
     0     0 2.1653e+07    0  466 2.1854e+07 2.1653e+07  0.92%     - 1313s
     0     0 2.1653e+07    0  468 2.1854e+07 2.1653e+07  0.92%     - 1313s
     0     0 2.1655e+07    0  469 2.1854e+07 2.1655e+07  0.91%     - 1328s
     0     0 2.1655e+07    0  473 2.1854e+07 2.1655e+07  0.91%     - 1332s
     0     0 2.1660e+07    0  434 2.1854e+07 2.1660e+07  0.89%     - 1350s
     0     0 2.1661e+07    0  454 2.1854e+07 2.1661e+07  0.89%     - 1368s
     0     0 2.1661e+07    0  459 2.1854e+07 2.1661e+07  0.89%     - 1369s
     0     0 2.1664e+07    0  423 2.1854e+07 2.1664e+07  0.87%     - 1377s
     0     0 2.1664e+07    0  456 2.1854e+07 2.1664e+07  0.87%     - 1398s
     0     0 2.1666e+07    0  435 2.1854e+07 2.1666e+07  0.86%     - 1406s
     0     0 2.1667e+07    0  465 2.1854e+07 2.1667e+07  0.86%     - 1410s
     0     0 2.1668e+07    0  432 2.1854e+07 2.1668e+07  0.85%     - 1419s
     0     0 2.1668e+07    0  442 2.1854e+07 2.1668e+07  0.85%     - 1422s
H    0     0                    2.185447e+07 2.1671e+07  0.84%     - 1432s
     0     0 2.1671e+07    0  448 2.1854e+07 2.1671e+07  0.84%     - 1433s
     0     0 2.1671e+07    0  445 2.1854e+07 2.1671e+07  0.84%     - 1436s
     0     0 2.1671e+07    0  451 2.1854e+07 2.1671e+07  0.84%     - 1436s
     0     0 2.1672e+07    0  471 2.1854e+07 2.1672e+07  0.84%     - 1445s
     0     0 2.1672e+07    0  471 2.1854e+07 2.1672e+07  0.84%     - 1453s
     0     0 2.1672e+07    0  470 2.1854e+07 2.1672e+07  0.84%     - 1454s
     0     2 2.1674e+07    0  467 2.1854e+07 2.1674e+07  0.82%     - 1497s
     1     4 2.1674e+07    1  458 2.1854e+07 2.1674e+07  0.82%   863 1501s
     3     8 2.1677e+07    2  445 2.1854e+07 2.1677e+07  0.81%  1370 1512s
     7    12 2.1679e+07    3  432 2.1854e+07 2.1677e+07  0.81%  1659 1525s
    11    23 2.1680e+07    4  434 2.1854e+07 2.1677e+07  0.81%  1797 1535s
    22    32 2.1681e+07    5  427 2.1854e+07 2.1677e+07  0.81%  1244 1544s
    31    42 2.1682e+07    7  426 2.1854e+07 2.1677e+07  0.81%  1153 1554s
    41    52 2.1683e+07    9  428 2.1854e+07 2.1677e+07  0.81%  1067 1559s
    51    58 2.1686e+07   13  419 2.1854e+07 2.1677e+07  0.81%   997 1566s
    57    64 2.1687e+07   14  418 2.1854e+07 2.1677e+07  0.81%   960 1572s
    63    75 2.1688e+07   16  413 2.1854e+07 2.1677e+07  0.81%   970 1579s
    74    88 2.1688e+07   17  401 2.1854e+07 2.1677e+07  0.81%   889 1586s
    87    97 2.1688e+07   18  401 2.1854e+07 2.1677e+07  0.81%   822 1591s
    96   108 2.1689e+07   20  403 2.1854e+07 2.1677e+07  0.81%   807 1596s
   107   121 2.1689e+07   22  406 2.1854e+07 2.1677e+07  0.81%   768 1601s
   120   135 2.1689e+07   22  373 2.1854e+07 2.1677e+07  0.81%   736 1607s
   134   145 2.1691e+07   24  343 2.1854e+07 2.1677e+07  0.81%   713 1611s
   144   159 2.1691e+07   24  316 2.1854e+07 2.1677e+07  0.81%   698 1615s
   158   174 2.1691e+07   25  348 2.1854e+07 2.1677e+07  0.81%   664 1620s
   195   218 2.1691e+07   26  345 2.1854e+07 2.1677e+07  0.81%   591 1629s
   217   238 2.1694e+07   27  332 2.1854e+07 2.1677e+07  0.81%   556 1633s
   237   255 2.1695e+07   28  344 2.1854e+07 2.1677e+07  0.81%   529 1637s
   254   288 2.1696e+07   29  334 2.1854e+07 2.1677e+07  0.81%   515 1641s
   287   313 2.1697e+07   29  310 2.1854e+07 2.1677e+07  0.81%   475 1646s
   312   345 2.1697e+07   30  334 2.1854e+07 2.1677e+07  0.81%   452 1650s
   368   400 2.1697e+07   33  364 2.1854e+07 2.1677e+07  0.81%   422 1658s
   399   443 2.1700e+07   35  338 2.1854e+07 2.1677e+07  0.81%   409 1661s
   442   488 2.1702e+07   37  318 2.1854e+07 2.1677e+07  0.81%   383 1665s
   541   591 2.1702e+07   42  306 2.1854e+07 2.1677e+07  0.81%   339 1671s
   590   641 2.1703e+07   45  274 2.1854e+07 2.1677e+07  0.81%   325 1677s
H  641   641                    2.184211e+07 2.1677e+07  0.76%   309 1677s
   642   697 2.1704e+07   49  280 2.1842e+07 2.1677e+07  0.76%   309 1680s
   757   817 2.1704e+07   57  290 2.1842e+07 2.1677e+07  0.76%   287 1688s
   826   885 2.1706e+07   61  296 2.1842e+07 2.1677e+07  0.76%   275 1691s
   902   976 2.1709e+07   65  260 2.1842e+07 2.1677e+07  0.76%   264 1695s
  1000  1045 2.1707e+07   72  266 2.1842e+07 2.1677e+07  0.76%   248 1702s
H 1085  1055                    2.184211e+07 2.1681e+07  0.74%   239 1706s
H 1094  1053                    2.184014e+07 2.1681e+07  0.73%   239 1707s
  1095  1128 2.1707e+07   78  252 2.1840e+07 2.1681e+07  0.73%   239 1711s
  1170  1189 2.1711e+07   84  188 2.1840e+07 2.1681e+07  0.73%   232 1716s
  1232  1296 2.1751e+07   90  200 2.1840e+07 2.1681e+07  0.73%   232 1722s
  1341  1420 2.1714e+07   97  210 2.1840e+07 2.1681e+07  0.73%   219 1728s
  1465  1534 2.1716e+07  108  203 2.1840e+07 2.1681e+07  0.73%   207 1734s
  1605  1592 2.1718e+07  121  222 2.1840e+07 2.1681e+07  0.73%   196 1742s
  1702  1631 2.1719e+07  146  169 2.1840e+07 2.1681e+07  0.73%   192 1750s
  1741  1669 2.1723e+07  176  134 2.1840e+07 2.1681e+07  0.73%   193 1759s
  1779  1707 2.1726e+07  200  168 2.1840e+07 2.1681e+07  0.73%   195 1767s
  1817  1747 2.1729e+07  217  162 2.1840e+07 2.1681e+07  0.73%   198 1775s
  1857  1802 2.1735e+07  232  149 2.1840e+07 2.1681e+07  0.73%   202 1785s
  1912  1867 2.1759e+07  267  120 2.1840e+07 2.1681e+07  0.73%   204 1794s
  1977  1974 2.1752e+07  292  116 2.1840e+07 2.1681e+07  0.73%   206 1804s
  2084  2114 2.1758e+07  337   75 2.1840e+07 2.1681e+07  0.73%   205 1814s
  2226  2153 2.1793e+07  381   62 2.1840e+07 2.1681e+07  0.73%   201 1823s
  2265  2334 2.1795e+07  386   62 2.1840e+07 2.1681e+07  0.73%   200 1835s
  2470  2426 2.1694e+07    6  350 2.1840e+07 2.1681e+07  0.73%   192 1844s
  2563  2427 2.1723e+07   82 5370 2.1840e+07 2.1681e+07  0.73%   192 1893s
  2565  2428 2.1719e+07   96  349 2.1840e+07 2.1681e+07  0.73%   192 1947s
  2566  2429 2.1731e+07  220  331 2.1840e+07 2.1681e+07  0.73%   191 2031s
  2567  2430 2.1718e+07   79  376 2.1840e+07 2.1681e+07  0.73%   191 2051s
  2568  2430 2.1746e+07   49  373 2.1840e+07 2.1681e+07  0.73%   191 2066s
  2569  2431 2.1756e+07  250  351 2.1840e+07 2.1681e+07  0.73%   191 2079s
  2570  2432 2.1762e+07  308  293 2.1840e+07 2.1681e+07  0.73%   191 2090s
  2571  2432 2.1707e+07   78  353 2.1840e+07 2.1681e+07  0.73%   191 2101s
  2572  2433 2.1753e+07  226  344 2.1840e+07 2.1681e+07  0.73%   191 2110s
  2573  2434 2.1758e+07  290  319 2.1840e+07 2.1681e+07  0.73%   191 2116s
  2574  2434 2.1689e+07    9  363 2.1840e+07 2.1681e+07  0.73%   191 2124s
  2575  2435 2.1789e+07  456  364 2.1840e+07 2.1681e+07  0.73%   191 2135s
  2576  2436 2.1716e+07   45  410 2.1840e+07 2.1681e+07  0.73%   191 2151s
  2577  2436 2.1741e+07  128  419 2.1840e+07 2.1681e+07  0.73%   191 2165s
  2578  2437 2.1824e+07  468  394 2.1840e+07 2.1681e+07  0.73%   191 2174s
  2579  2438 2.1716e+07   45  421 2.1840e+07 2.1681e+07  0.73%   190 2184s
  2580  2438 2.1780e+07  350  424 2.1840e+07 2.1681e+07  0.73%   190 2192s
  2581  2439 2.1794e+07  379  433 2.1840e+07 2.1681e+07  0.73%   190 2203s
  2582  2440 2.1786e+07  135  450 2.1840e+07 2.1681e+07  0.73%   190 2211s
H 2582  2317                    2.184010e+07 2.1681e+07  0.73%   190 2219s
  2583  2317 2.1756e+07  331  431 2.1840e+07 2.1681e+07  0.73%   190 2220s
  2584  2318 2.1780e+07  350  399 2.1840e+07 2.1681e+07  0.73%   190 2230s
  2585  2319 2.1775e+07   74  422 2.1840e+07 2.1681e+07  0.73%   190 2243s
  2586  2319 2.1719e+07   97  439 2.1840e+07 2.1681e+07  0.73%   190 2260s
  2587  2320 2.1723e+07  176  417 2.1840e+07 2.1681e+07  0.73%   190 2270s
  2589  2321 2.1719e+07   66  455 2.1840e+07 2.1681e+07  0.73%   190 2280s
  2592  2323 2.1782e+07  145  460 2.1840e+07 2.1681e+07  0.73%   190 2294s
  2593  2324 2.1813e+07  436  349 2.1840e+07 2.1690e+07  0.69%   189 2308s
  2594  2325 2.1706e+07   60  258 2.1840e+07 2.1700e+07  0.64%   189 2312s
  2596  2326 2.1702e+07   25  269 2.1840e+07 2.1702e+07  0.63%   189 2315s
  2598  2327 2.1817e+07  456  254 2.1840e+07 2.1704e+07  0.62%   189 2321s
  2599  2328 2.1759e+07  268  304 2.1840e+07 2.1707e+07  0.61%   189 2334s
  2600  2329 2.1752e+07  253  268 2.1840e+07 2.1707e+07  0.61%   189 2336s
  2602  2330 2.1787e+07  168  250 2.1840e+07 2.1707e+07  0.61%   189 2341s
H 2602  2213                    2.184010e+07 2.1711e+07  0.59%   189 2351s
  2604  2214 2.1720e+07   71  288 2.1840e+07 2.1712e+07  0.59%   189 2360s
  2606  2216 2.1751e+07  211  234 2.1840e+07 2.1712e+07  0.59%   188 2365s
  2607  2216 2.1715e+07    6  226 2.1840e+07 2.1715e+07  0.57%   188 2375s
  2608  2217 2.1715e+07    4  245 2.1840e+07 2.1715e+07  0.57%   188 2380s
  2609  2218 2.1730e+07  142  243 2.1840e+07 2.1717e+07  0.56%   188 2398s
  2610  2218 2.1743e+07  137  219 2.1840e+07 2.1717e+07  0.56%   188 2400s
  2612  2220 2.1720e+07   10  216 2.1840e+07 2.1720e+07  0.55%   188 2411s
  2614  2221 2.1765e+07  124  212 2.1840e+07 2.1720e+07  0.55%   188 2415s
  2615  2222 2.1785e+07  160  230 2.1840e+07 2.1723e+07  0.54%   188 2424s
  2616  2222 2.1780e+07  371  228 2.1840e+07 2.1723e+07  0.54%   188 2426s
  2618  2224 2.1746e+07   54  219 2.1840e+07 2.1723e+07  0.54%   188 2430s
  2619  2224 2.1800e+07  258  238 2.1840e+07 2.1727e+07  0.52%   188 2441s
  2620  2225 2.1831e+07  278  240 2.1840e+07 2.1727e+07  0.52%   187 2446s
  2621  2226 2.1727e+07   93  242 2.1840e+07 2.1727e+07  0.52%   187 2455s
  2624  2228 2.1727e+07   70  251 2.1840e+07 2.1727e+07  0.52%   187 2461s
  2625  2228 2.1779e+07  353  230 2.1840e+07 2.1729e+07  0.51%   187 2474s
  2626  2229 2.1748e+07  240  231 2.1840e+07 2.1729e+07  0.51%   187 2477s
  2627  2230 2.1732e+07   56  246 2.1840e+07 2.1732e+07  0.50%   187 2487s
  2630  2232 2.1763e+07  108  241 2.1840e+07 2.1733e+07  0.49%   187 2490s
  2632  2233 2.1738e+07  239  224 2.1840e+07 2.1734e+07  0.49%   187 2499s
  2633  2234 2.1734e+07  105  249 2.1840e+07 2.1734e+07  0.49%   187 2500s
  2635  2235 2.1739e+07  116  239 2.1840e+07 2.1736e+07  0.47%   186 2528s
  2637  2236 2.1754e+07  141  225 2.1840e+07 2.1737e+07  0.47%   186 2532s
  2638  2237 2.1774e+07  132  219 2.1840e+07 2.1738e+07  0.47%   186 2539s
  2639  2238 2.1738e+07  106  210 2.1840e+07 2.1738e+07  0.47%   186 2540s
  2641  2239 2.1754e+07  236  229 2.1840e+07 2.1740e+07  0.46%   186 2552s
  2643  2240 2.1749e+07  241  231 2.1840e+07 2.1740e+07  0.46%   186 2556s
  2644  2241 2.1757e+07  273  236 2.1840e+07 2.1741e+07  0.45%   186 2566s
  2647  2243 2.1741e+07   11  218 2.1840e+07 2.1741e+07  0.45%   186 2572s
  2648  2244 2.1746e+07  160  222 2.1840e+07 2.1745e+07  0.44%   185 2581s
  2650  2245 2.1745e+07   13  224 2.1840e+07 2.1745e+07  0.44%   185 2586s
  2651  2246 2.1747e+07   66  218 2.1840e+07 2.1747e+07  0.43%   185 2593s
  2652  2246 2.1747e+07  143  225 2.1840e+07 2.1747e+07  0.43%   185 2599s
  2653  2247 2.1747e+07   72  210 2.1840e+07 2.1747e+07  0.43%   185 2601s
  2655  2248 2.1783e+07  416  237 2.1840e+07 2.1749e+07  0.42%   185 2613s
  2656  2249 2.1749e+07   34  238 2.1840e+07 2.1749e+07  0.42%   185 2616s
  2657  2250 2.1749e+07  171  227 2.1840e+07 2.1749e+07  0.42%   185 2623s
  2658  2250 2.1787e+07  434  220 2.1840e+07 2.1749e+07  0.42%   185 2626s
  2659  2251 2.1753e+07   77  253 2.1840e+07 2.1753e+07  0.40%   185 2645s
  2661  2252 2.1761e+07   89  249 2.1840e+07 2.1753e+07  0.40%   185 2651s
  2663  2254 2.1753e+07   82  262 2.1840e+07 2.1753e+07  0.40%   184 2664s
  2664  2254 2.1757e+07  291  239 2.1840e+07 2.1753e+07  0.40%   184 2667s
  2665  2255 2.1754e+07   96  236 2.1840e+07 2.1754e+07  0.39%   184 2679s
  2666  2256 2.1754e+07  220  247 2.1840e+07 2.1754e+07  0.39%   184 2683s
  2667  2256 2.1754e+07   79  243 2.1840e+07 2.1754e+07  0.39%   184 2686s
H 2667  2141                    2.184007e+07 2.1755e+07  0.39%   184 2795s
  2668  2142 2.1755e+07   49  252 2.1840e+07 2.1755e+07  0.39%   184 2812s
  2669  2143 2.1756e+07  250  258 2.1840e+07 2.1755e+07  0.39%   184 2852s
  2670  2143 2.1762e+07  308  247 2.1840e+07 2.1755e+07  0.39%   184 2855s
  2672  2145 2.1755e+07  226  231 2.1840e+07 2.1755e+07  0.39%   184 2869s
  2673  2145 2.1758e+07  290  248 2.1840e+07 2.1756e+07  0.38%   184 2877s
  2674  2146 2.1757e+07    9  231 2.1840e+07 2.1757e+07  0.38%   184 2881s
  2676  2147 2.1758e+07   45  239 2.1840e+07 2.1758e+07  0.38%   184 2895s
  2677  2148 2.1758e+07  128  259 2.1840e+07 2.1758e+07  0.37%   183 2905s
  2679  2149 2.1759e+07   45  243 2.1840e+07 2.1759e+07  0.37%   183 2926s
  2680  2150 2.1780e+07  350  266 2.1840e+07 2.1763e+07  0.35%   183 2933s
  2681  2151 2.1794e+07  379  261 2.1840e+07 2.1763e+07  0.35%   183 2943s
  2682  2151 2.1786e+07  135  246 2.1840e+07 2.1763e+07  0.35%   183 2945s
  2684  2153 2.1780e+07  350  258 2.1840e+07 2.1764e+07  0.35%   183 2953s
  2686  2154 2.1764e+07   97  250 2.1840e+07 2.1764e+07  0.35%   183 2958s
  2687  2155 2.1765e+07  176  244 2.1840e+07 2.1765e+07  0.34%   183 2971s
  2688  2155 2.1765e+07   34  231 2.1840e+07 2.1765e+07  0.34%   183 2977s
  2689  2156 2.1766e+07   66  239 2.1840e+07 2.1766e+07  0.34%   183 2984s
  2690  2157 2.1766e+07    9  229 2.1840e+07 2.1766e+07  0.34%   183 2988s
  2691  2157 2.1789e+07  270  238 2.1840e+07 2.1767e+07  0.34%   183 2994s
  2692  2158 2.1782e+07  145  235 2.1840e+07 2.1767e+07  0.34%   182 2998s
  2693  2159 2.1813e+07  436  219 2.1840e+07 2.1767e+07  0.34%   182 3052s
  2694  2159 2.1767e+07   60  241 2.1840e+07 2.1767e+07  0.33%   182 3056s
  2696  2161 2.1768e+07   25  240 2.1840e+07 2.1768e+07  0.33%   182 3064s
  2697  2161 2.1768e+07   85  240 2.1840e+07 2.1768e+07  0.33%   182 3067s
  2698  2162 2.1817e+07  456  240 2.1840e+07 2.1768e+07  0.33%   182 3070s
  2699  2163 2.1768e+07  268  250 2.1840e+07 2.1768e+07  0.33%   182 3080s
  2700  2163 2.1768e+07  253  249 2.1840e+07 2.1768e+07  0.33%   182 3085s
  2702  2165 2.1787e+07  168  252 2.1840e+07 2.1768e+07  0.33%   182 3094s
  2703  2165 2.1768e+07  123  258 2.1840e+07 2.1768e+07  0.33%   182 3097s
  2704  2166 2.1768e+07   71  261 2.1840e+07 2.1768e+07  0.33%   182 3100s
  2705  2167 2.1768e+07   62  261 2.1840e+07 2.1768e+07  0.33%   182 3107s
  2706  2167 2.1768e+07  211  246 2.1840e+07 2.1768e+07  0.33%   182 3110s
  2707  2168 2.1769e+07    6  246 2.1840e+07 2.1769e+07  0.33%   181 3117s
  2708  2169 2.1769e+07    4  256 2.1840e+07 2.1769e+07  0.33%   181 3121s
  2709  2169 2.1769e+07  142  254 2.1840e+07 2.1769e+07  0.33%   181 3129s
  2710  2170 2.1769e+07  137  266 2.1840e+07 2.1769e+07  0.33%   181 3132s
  2711  2171 2.1769e+07  268  275 2.1840e+07 2.1769e+07  0.32%   181 3143s
  2713  2172 2.1769e+07   19  282 2.1840e+07 2.1769e+07  0.32%   181 3147s
  2714  2173 2.1769e+07  124  278 2.1840e+07 2.1769e+07  0.32%   181 3152s
  2715  2173 2.1785e+07  160  259 2.1840e+07 2.1769e+07  0.32%   181 3158s
  2716  2174 2.1780e+07  371  265 2.1840e+07 2.1769e+07  0.32%   181 3162s
  2717  2175 2.1769e+07  154  252 2.1840e+07 2.1769e+07  0.32%   181 3168s
  2718  2175 2.1770e+07   54  246 2.1840e+07 2.1770e+07  0.32%   181 3172s
  2719  2176 2.1800e+07  258  262 2.1840e+07 2.1770e+07  0.32%   181 3175s
  2721  2177 2.1770e+07   93  261 2.1840e+07 2.1770e+07  0.32%   181 3186s
  2723  2179 2.1770e+07  257  253 2.1840e+07 2.1770e+07  0.32%   180 3198s
  2724  2179 2.1770e+07   70  257 2.1840e+07 2.1770e+07  0.32%   180 3201s
  2725  2180 2.1779e+07  353  268 2.1840e+07 2.1771e+07  0.32%   180 3213s
  2726  2181 2.1771e+07  240  255 2.1840e+07 2.1771e+07  0.32%   180 3217s
  2727  2181 2.1771e+07   56  262 2.1840e+07 2.1771e+07  0.32%   180 3223s
  2729  2183 2.1771e+07  260  254 2.1840e+07 2.1771e+07  0.32%   180 3228s
  2730  2183 2.1772e+07  108  261 2.1840e+07 2.1772e+07  0.31%   180 3237s
  2731  2184 2.1828e+07  363  243 2.1840e+07 2.1772e+07  0.31%   180 3241s
  2732  2185 2.1772e+07  239  241 2.1840e+07 2.1772e+07  0.31%   180 3248s
  2733  2185 2.1772e+07  105  243 2.1840e+07 2.1772e+07  0.31%   180 3251s
  2734  2186 2.1795e+07  235  261 2.1840e+07 2.1772e+07  0.31%   180 3261s
  2735  2187 2.1772e+07  116  243 2.1840e+07 2.1772e+07  0.31%   180 3265s
  2736  2187 2.1773e+07  102  247 2.1840e+07 2.1773e+07  0.31%   180 3273s
  2737  2188 2.1773e+07  141  234 2.1840e+07 2.1773e+07  0.31%   179 3276s
  2738  2189 2.1774e+07  132  248 2.1840e+07 2.1773e+07  0.31%   179 3289s
  2739  2189 2.1773e+07  106  264 2.1840e+07 2.1773e+07  0.31%   179 3292s
  2740  2190 2.1805e+07  385  250 2.1840e+07 2.1773e+07  0.31%   179 3297s
  2741  2191 2.1773e+07  236  251 2.1840e+07 2.1773e+07  0.31%   179 3300s
  2742  2191 2.1773e+07  100  261 2.1840e+07 2.1773e+07  0.31%   179 3305s
  2744  2193 2.1773e+07  273  259 2.1840e+07 2.1773e+07  0.31%   179 3316s
  2746  2194 2.1822e+07  392  250 2.1840e+07 2.1773e+07  0.31%   179 3325s
  2748  2195 2.1773e+07  160  246 2.1840e+07 2.1773e+07  0.31%   179 3332s
  2749  2196 2.1773e+07  123  258 2.1840e+07 2.1773e+07  0.31%   179 3337s
  2750  2197 2.1773e+07   13  261 2.1840e+07 2.1773e+07  0.31%   179 3340s
  2751  2197 2.1774e+07   66  248 2.1840e+07 2.1774e+07  0.30%   179 3349s
  2752  2198 2.1774e+07  143  258 2.1840e+07 2.1774e+07  0.30%   178 3350s
  2755  2200 2.1783e+07  416  269 2.1840e+07 2.1774e+07  0.30%   178 3355s
  2756  2201 2.1774e+07   34  280 2.1840e+07 2.1774e+07  0.30%   178 3361s
  2759  2203 2.1774e+07   77  261 2.1840e+07 2.1774e+07  0.30%   178 3367s
  2760  2203 2.1774e+07   85  258 2.1840e+07 2.1774e+07  0.30%   178 3374s
  2761  2204 2.1774e+07   89  257 2.1840e+07 2.1774e+07  0.30%   178 3377s
  2762  2205 2.1774e+07  283  271 2.1840e+07 2.1774e+07  0.30%   178 3382s
  2763  2205 2.1774e+07   82  274 2.1840e+07 2.1774e+07  0.30%   178 3386s
  2765  2207 2.1774e+07   96  268 2.1840e+07 2.1774e+07  0.30%   178 3392s
  2766  2207 2.1774e+07  220  292 2.1840e+07 2.1774e+07  0.30%   178 3398s
  2767  2208 2.1774e+07   79  285 2.1840e+07 2.1774e+07  0.30%   178 3403s
  2768  2209 2.1774e+07   49  280 2.1840e+07 2.1774e+07  0.30%   177 3408s
  2769  2209 2.1774e+07  250  276 2.1840e+07 2.1774e+07  0.30%   177 3412s
  2770  2210 2.1774e+07  308  263 2.1840e+07 2.1774e+07  0.30%   177 3417s
  2771  2211 2.1774e+07   78  265 2.1840e+07 2.1774e+07  0.30%   177 3421s
  2772  2211 2.1775e+07  226  289 2.1840e+07 2.1775e+07  0.30%   177 3429s
  2773  2212 2.1775e+07  290  299 2.1840e+07 2.1775e+07  0.30%   177 3433s
  2774  2213 2.1775e+07    9  304 2.1840e+07 2.1775e+07  0.30%   177 3439s
  2775  2213 2.1789e+07  456  268 2.1840e+07 2.1775e+07  0.30%   177 3440s
  2777  2215 2.1775e+07  128  276 2.1840e+07 2.1775e+07  0.30%   177 3447s
  2778  2215 2.1824e+07  468  277 2.1840e+07 2.1775e+07  0.30%   177 3452s
  2779  2216 2.1775e+07   45  254 2.1840e+07 2.1775e+07  0.30%   177 3456s
  2780  2217 2.1780e+07  350  264 2.1840e+07 2.1775e+07  0.30%   177 3460s
  2781  2217 2.1794e+07  379  265 2.1840e+07 2.1775e+07  0.30%   177 3465s
  2783  2219 2.1776e+07  331  265 2.1840e+07 2.1776e+07  0.30%   176 3489s
  2784  2219 2.1780e+07  350  277 2.1840e+07 2.1776e+07  0.30%   176 3493s
  2785  2220 2.1776e+07   74  262 2.1840e+07 2.1776e+07  0.30%   176 3501s
  2787  2221 2.1776e+07  176  262 2.1840e+07 2.1776e+07  0.30%   176 3505s
  2792  2226 2.1782e+07  145  334 2.1840e+07 2.1776e+07  0.30%   276 3584s
  2793  2227 2.1813e+07  436  333 2.1840e+07 2.1776e+07  0.30%   276 3665s
  2794  2228 2.1776e+07   60  349 2.1840e+07 2.1776e+07  0.30%   276 3680s
  2795  2228 2.1776e+07  271  268 2.1840e+07 2.1776e+07  0.30%   276 3688s
  2796  2229 2.1776e+07   25  342 2.1840e+07 2.1776e+07  0.30%   275 3695s
  2797  2230 2.1776e+07   85  305 2.1840e+07 2.1776e+07  0.30%   275 3702s
  2798  2230 2.1817e+07  456  306 2.1840e+07 2.1776e+07  0.30%   275 3711s
  2799  2231 2.1776e+07  268  260 2.1840e+07 2.1776e+07  0.30%   275 3717s
  2800  2232 2.1776e+07  253  280 2.1840e+07 2.1776e+07  0.30%   275 3723s
  2801  2232 2.1776e+07  207  292 2.1840e+07 2.1776e+07  0.30%   275 3730s
  2803  2234 2.1776e+07  123  229 2.1840e+07 2.1776e+07  0.30%   275 3740s
  2804  2234 2.1776e+07   71  272 2.1840e+07 2.1776e+07  0.30%   275 3747s
  2805  2235 2.1776e+07   62  237 2.1840e+07 2.1776e+07  0.30%   275 3755s
  2806  2236 2.1776e+07  211  266 2.1840e+07 2.1776e+07  0.30%   274 3761s
  2807  2236 2.1776e+07    6  248 2.1840e+07 2.1776e+07  0.30%   274 3766s
  2808  2237 2.1776e+07    4  238 2.1840e+07 2.1776e+07  0.30%   274 3775s
  2809  2238 2.1776e+07  142  230 2.1840e+07 2.1776e+07  0.30%   274 3780s
  2810  2238 2.1776e+07  137  245 2.1840e+07 2.1776e+07  0.30%   274 3785s
  2811  2239 2.1776e+07  268  236 2.1840e+07 2.1776e+07  0.30%   274 3791s
  2812  2240 2.1776e+07   10  234 2.1840e+07 2.1776e+07  0.30%   274 3796s
  2814  2241 2.1776e+07  124  215 2.1840e+07 2.1776e+07  0.30%   274 3803s
  2815  2242 2.1785e+07  160  244 2.1840e+07 2.1776e+07  0.30%   274 3808s
  2816  2242 2.1780e+07  371  239 2.1840e+07 2.1776e+07  0.30%   273 3814s
  2817  2243 2.1776e+07  154  216 2.1840e+07 2.1776e+07  0.30%   273 3820s
  2818  2244 2.1776e+07   54  224 2.1840e+07 2.1776e+07  0.30%   273 3826s
  2819  2244 2.1800e+07  258  223 2.1840e+07 2.1776e+07  0.30%   273 3831s
  2820  2245 2.1831e+07  278  253 2.1840e+07 2.1776e+07  0.30%   273 3835s
  2821  2246 2.1776e+07   93  259 2.1840e+07 2.1776e+07  0.30%   273 3840s
  2822  2246 2.1776e+07   11  261 2.1840e+07 2.1776e+07  0.30%   273 3849s
  2823  2247 2.1776e+07  257  240 2.1840e+07 2.1776e+07  0.30%   273 3856s
  2824  2248 2.1776e+07   70  227 2.1840e+07 2.1776e+07  0.30%   273 3864s
H 2824  2135                    2.184007e+07 2.1776e+07  0.30%   273 3869s
  2825  2135 2.1779e+07  353  238 2.1840e+07 2.1776e+07  0.30%   273 3870s
  2826  2136 2.1776e+07  240  222 2.1840e+07 2.1776e+07  0.30%   272 3879s
  2827  2137 2.1776e+07   56  214 2.1840e+07 2.1776e+07  0.30%   272 3883s
  2828  2137 2.1776e+07  281  226 2.1840e+07 2.1776e+07  0.30%   272 3887s
  2829  2138 2.1776e+07  260  275 2.1840e+07 2.1776e+07  0.30%   272 3898s
  2830  2139 2.1776e+07  108  254 2.1840e+07 2.1776e+07  0.30%   272 3910s
  2831  2139 2.1828e+07  363  260 2.1840e+07 2.1776e+07  0.30%   272 3928s
  2832  2140 2.1776e+07  239  247 2.1840e+07 2.1776e+07  0.30%   272 3936s
  2833  2141 2.1776e+07  105  260 2.1840e+07 2.1776e+07  0.30%   272 3944s
  2834  2141 2.1795e+07  235  238 2.1840e+07 2.1776e+07  0.30%   272 3955s
  2835  2142 2.1776e+07  116  259 2.1840e+07 2.1776e+07  0.30%   272 3962s
  2836  2143 2.1776e+07  102  267 2.1840e+07 2.1776e+07  0.30%   272 3975s
  2837  2143 2.1776e+07  141  243 2.1840e+07 2.1776e+07  0.30%   271 3986s
  2838  2144 2.1776e+07  132  247 2.1840e+07 2.1776e+07  0.30%   271 3992s
  2839  2145 2.1776e+07  106  209 2.1840e+07 2.1776e+07  0.30%   271 3996s
  2841  2146 2.1776e+07  236  247 2.1840e+07 2.1776e+07  0.30%   271 4004s
  2842  2147 2.1776e+07  100  281 2.1840e+07 2.1776e+07  0.30%   271 4010s
  2844  2148 2.1776e+07  273  266 2.1840e+07 2.1776e+07  0.30%   271 4024s
  2845  2149 2.1821e+07  389  258 2.1840e+07 2.1776e+07  0.30%   271 4028s
  2846  2149 2.1822e+07  392  261 2.1840e+07 2.1776e+07  0.30%   271 4034s
H 2846  2040                    2.183913e+07 2.1776e+07  0.29%   271 4041s
  2848  2042 2.1776e+07  160  262 2.1839e+07 2.1776e+07  0.29%   270 4049s
  2849  2042 2.1776e+07  123  257 2.1839e+07 2.1776e+07  0.29%   270 4053s
  2850  2043 2.1776e+07   13  258 2.1839e+07 2.1776e+07  0.29%   270 4061s
  2851  2044 2.1776e+07   66  258 2.1839e+07 2.1776e+07  0.29%   270 4066s
  2852  2044 2.1776e+07  143  252 2.1839e+07 2.1776e+07  0.29%   270 4070s
  2853  2045 2.1776e+07   72  262 2.1839e+07 2.1776e+07  0.29%   270 4079s
  2854  2046 2.1776e+07  116  237 2.1839e+07 2.1776e+07  0.29%   270 4086s
  2855  2046 2.1783e+07  416  258 2.1839e+07 2.1776e+07  0.29%   270 4090s
  2856  2047 2.1776e+07   34  251 2.1839e+07 2.1776e+07  0.29%   270 4095s
  2858  2048 2.1787e+07  434  249 2.1839e+07 2.1776e+07  0.29%   269 4104s
  2859  2049 2.1776e+07   77  253 2.1839e+07 2.1776e+07  0.29%   269 4113s
  2860  2050 2.1776e+07   85  259 2.1839e+07 2.1776e+07  0.29%   269 4117s
  2861  2050 2.1776e+07   89  253 2.1839e+07 2.1776e+07  0.29%   269 4120s
  2862  2051 2.1776e+07  283  242 2.1839e+07 2.1776e+07  0.29%   269 4125s
  2863  2052 2.1776e+07   82  266 2.1839e+07 2.1776e+07  0.29%   269 4132s
  2864  2052 2.1776e+07  291  268 2.1839e+07 2.1776e+07  0.29%   269 4137s
  2865  2053 2.1776e+07   96  258 2.1839e+07 2.1776e+07  0.29%   269 4143s
  2867  2054 2.1776e+07   79  243 2.1839e+07 2.1776e+07  0.29%   269 4150s
  2869  2056 2.1776e+07  250  249 2.1839e+07 2.1776e+07  0.29%   268 4157s
  2871  2057 2.1776e+07   78  247 2.1839e+07 2.1776e+07  0.29%   268 4163s
  2872  2058 2.1776e+07  226  247 2.1839e+07 2.1776e+07  0.29%   268 4176s
  2873  2058 2.1776e+07  290  247 2.1839e+07 2.1776e+07  0.29%   268 4182s
  2874  2059 2.1776e+07    9  253 2.1839e+07 2.1776e+07  0.29%   268 4189s
  2875  2060 2.1789e+07  456  261 2.1839e+07 2.1776e+07  0.29%   268 4195s
  2876  2060 2.1776e+07   45  239 2.1839e+07 2.1776e+07  0.29%   268 4204s
  2877  2061 2.1776e+07  128  251 2.1839e+07 2.1776e+07  0.29%   268 4208s
  2878  2062 2.1824e+07  468  251 2.1839e+07 2.1776e+07  0.29%   268 4214s
  2879  2062 2.1776e+07   45  255 2.1839e+07 2.1776e+07  0.29%   267 4218s
  2880  2063 2.1780e+07  350  235 2.1839e+07 2.1776e+07  0.29%   267 4266s
  2881  2064 2.1794e+07  379  251 2.1839e+07 2.1776e+07  0.29%   267 4270s
  2882  2064 2.1786e+07  135  274 2.1839e+07 2.1776e+07  0.29%   267 4277s
  2883  2065 2.1776e+07  331  270 2.1839e+07 2.1776e+07  0.29%   267 4282s
  2884  2066 2.1780e+07  350  250 2.1839e+07 2.1776e+07  0.29%   267 4296s
  2885  2066 2.1776e+07   74  262 2.1839e+07 2.1776e+07  0.29%   267 4300s
  2886  2067 2.1776e+07   97  258 2.1839e+07 2.1776e+07  0.29%   267 4305s
  2887  2068 2.1776e+07  176  252 2.1839e+07 2.1776e+07  0.29%   267 4316s
  2888  2068 2.1776e+07   34  259 2.1839e+07 2.1776e+07  0.29%   267 4320s
  2889  2069 2.1776e+07   66  260 2.1839e+07 2.1776e+07  0.29%   267 4334s
  2890  2070 2.1776e+07    9  261 2.1839e+07 2.1776e+07  0.29%   266 4336s
  2891  2070 2.1789e+07  270  252 2.1839e+07 2.1776e+07  0.29%   266 4340s
  2892  2071 2.1782e+07  145  244 2.1839e+07 2.1776e+07  0.29%   266 4353s
  2893  2072 2.1813e+07  436  242 2.1839e+07 2.1776e+07  0.29%   266 4358s
  2894  2072 2.1776e+07   60  254 2.1839e+07 2.1776e+07  0.29%   266 4367s
  2895  2073 2.1776e+07  271  258 2.1839e+07 2.1776e+07  0.29%   266 4373s
  2896  2074 2.1777e+07   25  247 2.1839e+07 2.1777e+07  0.29%   266 4387s
  2897  2074 2.1777e+07   85  240 2.1839e+07 2.1777e+07  0.29%   266 4394s
  2898  2075 2.1817e+07  456  236 2.1839e+07 2.1777e+07  0.29%   266 4406s
  2899  2076 2.1777e+07  268  244 2.1839e+07 2.1777e+07  0.29%   266 4413s
  2900  2076 2.1777e+07  253  257 2.1839e+07 2.1777e+07  0.29%   266 4425s
  2902  2078 2.1787e+07  168  234 2.1839e+07 2.1777e+07  0.29%   265 4437s
  2903  2078 2.1777e+07  123  246 2.1839e+07 2.1777e+07  0.29%   265 4440s
  2904  2079 2.1777e+07   71  234 2.1839e+07 2.1777e+07  0.28%   265 4445s
  2905  2080 2.1777e+07   62  240 2.1839e+07 2.1777e+07  0.28%   265 4450s
  2906  2080 2.1777e+07  211  254 2.1839e+07 2.1777e+07  0.28%   265 4461s
  2907  2081 2.1777e+07    6  247 2.1839e+07 2.1777e+07  0.28%   265 4467s
  2908  2082 2.1777e+07    4  264 2.1839e+07 2.1777e+07  0.28%   265 4483s
  2909  2082 2.1777e+07  142  253 2.1839e+07 2.1777e+07  0.28%   265 4487s
  2910  2083 2.1777e+07  137  275 2.1839e+07 2.1777e+07  0.28%   265 4497s
  2911  2084 2.1777e+07  268  278 2.1839e+07 2.1777e+07  0.28%   265 4501s
  2912  2084 2.1777e+07   10  264 2.1839e+07 2.1777e+07  0.28%   264 4511s
  2913  2085 2.1777e+07   19  255 2.1839e+07 2.1777e+07  0.28%   264 4515s
  2914  2086 2.1777e+07  124  263 2.1839e+07 2.1777e+07  0.28%   264 4520s
  2915  2086 2.1785e+07  160  264 2.1839e+07 2.1777e+07  0.28%   264 4526s
  2916  2087 2.1780e+07  371  275 2.1839e+07 2.1777e+07  0.28%   264 4538s
  2917  2088 2.1777e+07  154  267 2.1839e+07 2.1777e+07  0.28%   264 4545s
  2918  2088 2.1777e+07   54  261 2.1839e+07 2.1777e+07  0.28%   264 4554s
  2919  2089 2.1800e+07  258  260 2.1839e+07 2.1777e+07  0.28%   264 4558s
  2920  2090 2.1831e+07  278  253 2.1839e+07 2.1777e+07  0.28%   264 4565s
  2922  2091 2.1777e+07   11  270 2.1839e+07 2.1777e+07  0.28%   264 4574s
  2923  2092 2.1777e+07  257  273 2.1839e+07 2.1777e+07  0.28%   263 4578s
  2924  2092 2.1778e+07   70  260 2.1839e+07 2.1778e+07  0.28%   263 4585s
  2927  2094 2.1778e+07   56  272 2.1839e+07 2.1778e+07  0.28%   263 4591s
  2928  2095 2.1778e+07  281  260 2.1839e+07 2.1778e+07  0.28%   263 4692s
H 2928  1988                    2.183913e+07 2.1778e+07  0.28%   263 4699s
  2929  1989 2.1778e+07  260  263 2.1839e+07 2.1778e+07  0.28%   263 4703s
  2930  1989 2.1778e+07  108  268 2.1839e+07 2.1778e+07  0.28%   263 4727s
  2931  1990 2.1828e+07  363  271 2.1839e+07 2.1778e+07  0.28%   263 4730s
  2933  1991 2.1778e+07  105  265 2.1839e+07 2.1778e+07  0.28%   263 4738s
  2934  1992 2.1795e+07  235  262 2.1839e+07 2.1778e+07  0.28%   262 4745s
  2936  1993 2.1778e+07  102  289 2.1839e+07 2.1778e+07  0.28%   262 4755s
  2938  1995 2.1778e+07  132  238 2.1839e+07 2.1778e+07  0.28%   262 4766s
  2940  1996 2.1805e+07  385  271 2.1839e+07 2.1778e+07  0.28%   262 4774s
  2941  1997 2.1778e+07  236  271 2.1839e+07 2.1778e+07  0.28%   262 4785s
  2942  1997 2.1778e+07  100  271 2.1839e+07 2.1778e+07  0.28%   262 4837s
  2943  2001 2.1778e+07   21  272 2.1839e+07 2.1778e+07  0.28%   342 4842s
  2945  2004 2.1778e+07   22  269 2.1839e+07 2.1778e+07  0.28%   342 4849s
  2949  2007 2.1778e+07   23  258 2.1839e+07 2.1778e+07  0.28%   342 4856s
H 2952  1904                    2.183787e+07 2.1778e+07  0.27%   341 4856s
  2953  1915 2.1778e+07   24  262 2.1838e+07 2.1778e+07  0.27%   341 4878s
H 2958  1815                    2.183787e+07 2.1778e+07  0.27%   341 4878s
H 2960  1722                    2.183554e+07 2.1778e+07  0.26%   341 4878s
  2964  1752 2.1778e+07   26  256 2.1836e+07 2.1778e+07  0.26%   341 4909s
  2995  1755 2.1778e+07   30  204 2.1836e+07 2.1778e+07  0.26%   344 4937s
  3009  1754 2.1827e+07   31  215 2.1836e+07 2.1778e+07  0.26%   347 4967s
  3013  1757 2.1779e+07   32  220 2.1836e+07 2.1778e+07  0.26%   348 5000s
  3017  1763 2.1786e+07   32  198 2.1836e+07 2.1778e+07  0.26%   349 5041s
H 3018  1675                    2.183554e+07 2.1778e+07  0.26%   349 5041s
  3027  1744 2.1779e+07   33  215 2.1836e+07 2.1778e+07  0.26%   351 5101s
  3101  1812 2.1780e+07   41  202 2.1836e+07 2.1778e+07  0.26%   356 5162s
  3222  1847 2.1792e+07   53  169 2.1836e+07 2.1778e+07  0.26%   362 5194s
  3336  1861 2.1781e+07   64  171 2.1836e+07 2.1778e+07  0.26%   365 5219s
  3422  1865 2.1782e+07   74  170 2.1836e+07 2.1778e+07  0.26%   367 5243s
  3501  1883 2.1786e+07   81  162 2.1836e+07 2.1778e+07  0.26%   367 5265s
  3601  1888 2.1786e+07   93  167 2.1836e+07 2.1778e+07  0.26%   363 5285s
  3700  1881 2.1789e+07  110  150 2.1836e+07 2.1778e+07  0.26%   358 5303s
  3802  1869 2.1792e+07  125  156 2.1836e+07 2.1778e+07  0.26%   355 5321s
H 3936  1742                    2.183554e+07 2.1778e+07  0.26%   349 5335s
  3947  1776     cutoff  143      2.1836e+07 2.1778e+07  0.26%   349 5352s
  4095  1770 2.1808e+07  159  180 2.1836e+07 2.1778e+07  0.26%   344 5365s
  4211  1764 2.1810e+07  172  153 2.1836e+07 2.1778e+07  0.26%   340 5379s
  4374  1732 2.1811e+07  190  139 2.1836e+07 2.1778e+07  0.26%   333 5391s
  4468  1733 2.1812e+07  214  130 2.1836e+07 2.1778e+07  0.26%   331 5404s
  4612  1723 2.1818e+07  267  119 2.1836e+07 2.1778e+07  0.26%   327 5419s
  4733  1717 2.1821e+07  294   95 2.1836e+07 2.1778e+07  0.26%   324 5436s
  4790  1729 2.1779e+07   29  212 2.1836e+07 2.1778e+07  0.26%   326 5450s
  4830  1742 2.1780e+07   34  206 2.1836e+07 2.1778e+07  0.26%   330 5466s
  4874  1756 2.1781e+07   39  179 2.1836e+07 2.1778e+07  0.26%   333 5483s
  4923  1742 2.1788e+07   46  184 2.1836e+07 2.1778e+07  0.26%   337 5496s
  4927  1744 2.1782e+07   47  195 2.1836e+07 2.1778e+07  0.26%   338 5508s
  4933  1748 2.1782e+07   48  201 2.1836e+07 2.1778e+07  0.26%   338 5523s
  4966  1742 2.1785e+07   60  185 2.1836e+07 2.1778e+07  0.26%   339 5538s
  4979  1752 2.1785e+07   61  190 2.1836e+07 2.1778e+07  0.26%   340 5552s
  5003  1765 2.1791e+07   62  192 2.1836e+07 2.1778e+07  0.26%   341 5567s
  5033  1772 2.1790e+07   70  179 2.1836e+07 2.1778e+07  0.26%   343 5582s
  5076  1789 2.1792e+07   84  186 2.1836e+07 2.1778e+07  0.26%   346 5602s
  5138  1802     cutoff  104      2.1836e+07 2.1778e+07  0.26%   350 5623s
  5224  1825 2.1802e+07  117  189 2.1836e+07 2.1778e+07  0.26%   352 5648s
  5304  1848 2.1806e+07  131  177 2.1836e+07 2.1778e+07  0.26%   355 5672s
  5404  1874 2.1809e+07  147  176 2.1836e+07 2.1778e+07  0.26%   357 5696s
  5538  1895     cutoff  164      2.1836e+07 2.1778e+07  0.26%   358 5720s
  5695  1903 2.1818e+07  200  108 2.1836e+07 2.1778e+07  0.26%   358 5746s
  5927  1900 2.1778e+07   28  241 2.1836e+07 2.1778e+07  0.26%   353 5771s
  6100  1945 2.1787e+07   43  179 2.1836e+07 2.1778e+07  0.26%   350 5796s
  6288  1889 2.1789e+07   86  176 2.1836e+07 2.1778e+07  0.26%   348 5820s
  6296  1957 2.1790e+07   91  182 2.1836e+07 2.1778e+07  0.26%   348 5845s
  6513  1964 2.1792e+07  145  175 2.1836e+07 2.1778e+07  0.26%   343 5873s
  6777  1930 2.1800e+07  185  174 2.1836e+07 2.1778e+07  0.26%   338 5901s
  7023  1933 2.1808e+07  216  170 2.1836e+07 2.1778e+07  0.26%   332 5928s
  7212  2001 2.1816e+07  288  141 2.1836e+07 2.1778e+07  0.26%   329 5958s
  7527  2065 2.1820e+07  382  146 2.1836e+07 2.1778e+07  0.26%   320 5991s
  7837  2248 2.1827e+07  528  116 2.1836e+07 2.1778e+07  0.26%   315 6025s
  8110  2442 2.1788e+07   42  210 2.1836e+07 2.1778e+07  0.26%   312 6060s
  8426  2661 2.1802e+07   71  183 2.1836e+07 2.1778e+07  0.26%   308 6099s
  8869  2863 2.1819e+07  133  151 2.1836e+07 2.1778e+07  0.26%   300 6137s
  9326  3010 2.1780e+07   27  227 2.1836e+07 2.1778e+07  0.26%   291 6172s
  9616  3283 2.1791e+07   64  159 2.1836e+07 2.1778e+07  0.26%   288 6212s
 10000  3512 2.1816e+07  112  125 2.1836e+07 2.1778e+07  0.26%   286 6251s
 10427  3513 2.1835e+07  142 5046 2.1836e+07 2.1778e+07  0.26%   279 6338s
 10429  3514 2.1792e+07   83  324 2.1836e+07 2.1778e+07  0.26%   279 6378s
 10430  3515 2.1819e+07  364  291 2.1836e+07 2.1778e+07  0.26%   279 6439s
 10431  3516 2.1808e+07  271  318 2.1836e+07 2.1778e+07  0.26%   279 6452s
 10432  3516 2.1817e+07  180  304 2.1836e+07 2.1778e+07  0.26%   279 6461s
 10433  3517 2.1806e+07  188  341 2.1836e+07 2.1778e+07  0.26%   278 6468s
 10434  3518 2.1815e+07  112  346 2.1836e+07 2.1778e+07  0.26%   278 6475s
 10435  3518 2.1803e+07  153  306 2.1836e+07 2.1778e+07  0.26%   278 6484s
 10436  3519 2.1828e+07  301  286 2.1836e+07 2.1778e+07  0.26%   278 6491s
 10437  3520 2.1778e+07   25  286 2.1836e+07 2.1778e+07  0.26%   278 6501s
 10438  3520 2.1811e+07  118  288 2.1836e+07 2.1778e+07  0.26%   278 6505s
 10439  3521 2.1801e+07  108  223 2.1836e+07 2.1778e+07  0.26%   278 6510s
 10440  3522 2.1829e+07   41  268 2.1836e+07 2.1778e+07  0.26%   278 6516s
 10441  3522 2.1804e+07  176  284 2.1836e+07 2.1778e+07  0.26%   278 6521s
 10442  3523 2.1785e+07   49  249 2.1836e+07 2.1778e+07  0.26%   278 6526s
 10443  3524 2.1819e+07  429  232 2.1836e+07 2.1778e+07  0.26%   278 6531s
 10444  3524 2.1798e+07   98  235 2.1836e+07 2.1778e+07  0.26%   278 6538s
 10445  3525 2.1826e+07  261  253 2.1836e+07 2.1778e+07  0.26%   278 6542s
 10446  3526 2.1823e+07  301  250 2.1836e+07 2.1778e+07  0.26%   278 6549s
 10447  3526 2.1784e+07   45  239 2.1836e+07 2.1778e+07  0.26%   278 6555s
 10448  3527 2.1814e+07  283  258 2.1836e+07 2.1778e+07  0.26%   278 6561s
 10449  3528 2.1818e+07  333  269 2.1836e+07 2.1778e+07  0.26%   278 6571s
 10450  3528 2.1829e+07  431  257 2.1836e+07 2.1778e+07  0.26%   278 6580s
 10451  3529 2.1787e+07   47  241 2.1836e+07 2.1778e+07  0.26%   278 6587s
 10452  3530 2.1783e+07   40  244 2.1836e+07 2.1778e+07  0.26%   278 6594s
 10453  3530 2.1819e+07  389  252 2.1836e+07 2.1778e+07  0.26%   278 6600s
 10454  3531 2.1827e+07  499  252 2.1836e+07 2.1778e+07  0.26%   278 6606s
 10455  3532 2.1823e+07  155  248 2.1836e+07 2.1778e+07  0.26%   278 6611s
 10456  3532 2.1789e+07   75  258 2.1836e+07 2.1778e+07  0.26%   278 6616s
 10457  3533 2.1820e+07  198  243 2.1836e+07 2.1778e+07  0.26%   278 6622s
 10458  3534 2.1830e+07  626  220 2.1836e+07 2.1778e+07  0.26%   278 6626s
 10459  3534 2.1789e+07   63  268 2.1836e+07 2.1778e+07  0.26%   278 6634s
 10460  3535 2.1829e+07  277  233 2.1836e+07 2.1778e+07  0.26%   278 6641s
 10461  3536 2.1826e+07   36  255 2.1836e+07 2.1778e+07  0.26%   278 6646s
 10462  3536 2.1816e+07  387  229 2.1836e+07 2.1778e+07  0.26%   278 6653s
 10463  3537 2.1821e+07  252  235 2.1836e+07 2.1778e+07  0.26%   278 6657s
 10464  3538 2.1795e+07  124  254 2.1836e+07 2.1778e+07  0.26%   278 6666s
 10465  3538 2.1818e+07  120  264 2.1836e+07 2.1778e+07  0.26%   278 6674s
 10466  3539 2.1789e+07   82  264 2.1836e+07 2.1778e+07  0.26%   278 6684s
 10467  3540 2.1780e+07   35  245 2.1836e+07 2.1778e+07  0.26%   278 6693s
 10468  3540 2.1815e+07  148  257 2.1836e+07 2.1778e+07  0.26%   278 6700s
 10469  3541 2.1811e+07  353  265 2.1836e+07 2.1778e+07  0.26%   278 6706s
 10470  3542 2.1819e+07  356  263 2.1836e+07 2.1778e+07  0.26%   277 6712s
 10471  3542 2.1808e+07   89  295 2.1836e+07 2.1778e+07  0.26%   277 6722s
 10472  3543 2.1788e+07   45  243 2.1836e+07 2.1778e+07  0.26%   277 6728s
 10473  3544 2.1831e+07  553  254 2.1836e+07 2.1778e+07  0.26%   277 6737s
 10474  3544 2.1808e+07  192  257 2.1836e+07 2.1778e+07  0.26%   277 6741s
 10475  3545 2.1814e+07  128  248 2.1836e+07 2.1778e+07  0.26%   277 6749s
 10476  3546 2.1797e+07  114  254 2.1836e+07 2.1778e+07  0.26%   277 6751s
 10477  3546 2.1804e+07  210  239 2.1836e+07 2.1778e+07  0.26%   277 6756s
 10478  3547 2.1829e+07   52  277 2.1836e+07 2.1778e+07  0.26%   277 6761s
 10479  3548 2.1811e+07  225  264 2.1836e+07 2.1778e+07  0.26%   277 6765s
 10481  3549 2.1810e+07  301  269 2.1836e+07 2.1778e+07  0.26%   277 6771s
 10483  3550 2.1825e+07  459  280 2.1836e+07 2.1778e+07  0.26%   277 6778s
 10484  3551 2.1829e+07  192  261 2.1836e+07 2.1778e+07  0.26%   277 6780s
 10485  3552 2.1819e+07  377  270 2.1836e+07 2.1778e+07  0.26%   277 6785s
 10487  3553 2.1826e+07  242  270 2.1836e+07 2.1778e+07  0.26%   277 6792s
 10488  3554 2.1801e+07   83  263 2.1836e+07 2.1778e+07  0.26%   277 6797s
 10489  3554 2.1810e+07  294  281 2.1836e+07 2.1778e+07  0.26%   277 6802s
 10490  3555 2.1814e+07  123  252 2.1836e+07 2.1778e+07  0.26%   277 6807s
 10491  3556 2.1789e+07   66  271 2.1836e+07 2.1778e+07  0.26%   277 6811s
 10492  3556 2.1833e+07   71  261 2.1836e+07 2.1778e+07  0.26%   277 6819s
 10493  3557 2.1791e+07   62  253 2.1836e+07 2.1778e+07  0.26%   277 6823s
 10495  3558 2.1827e+07  282  265 2.1836e+07 2.1778e+07  0.26%   277 6830s
 10496  3559 2.1798e+07   52  283 2.1836e+07 2.1778e+07  0.26%   277 6836s
 10497  3560 2.1800e+07  118  274 2.1836e+07 2.1778e+07  0.26%   277 6841s
 10498  3560 2.1807e+07  242  245 2.1836e+07 2.1778e+07  0.26%   277 6845s
 10499  3561 2.1786e+07   63  266 2.1836e+07 2.1778e+07  0.26%   277 6850s
 10501  3562 2.1791e+07   74  275 2.1836e+07 2.1778e+07  0.26%   277 6859s
 10502  3563 2.1800e+07  119  264 2.1836e+07 2.1778e+07  0.26%   277 6864s
 10503  3564 2.1804e+07  202  276 2.1836e+07 2.1778e+07  0.26%   277 6866s
 10506  3566 2.1812e+07  215  264 2.1836e+07 2.1778e+07  0.26%   277 6874s
 10507  3566 2.1818e+07  232  265 2.1836e+07 2.1778e+07  0.26%   277 6878s
 10508  3567 2.1787e+07   31  258 2.1836e+07 2.1778e+07  0.26%   276 6885s
 10510  3568 2.1789e+07  103  271 2.1836e+07 2.1778e+07  0.26%   276 6894s
 10511  3569 2.1828e+07  187  275 2.1836e+07 2.1778e+07  0.26%   276 6897s
 10512  3570 2.1798e+07   63  279 2.1836e+07 2.1778e+07  0.26%   276 6901s
 10513  3570 2.1815e+07  147  285 2.1836e+07 2.1778e+07  0.26%   276 6905s
 10514  3571 2.1824e+07  254  254 2.1836e+07 2.1778e+07  0.26%   276 6912s
 10516  3572 2.1787e+07   66  260 2.1836e+07 2.1778e+07  0.26%   276 6919s
 10517  3573 2.1801e+07   43  266 2.1836e+07 2.1778e+07  0.26%   276 6924s
 10518  3574 2.1826e+07  474  288 2.1836e+07 2.1778e+07  0.26%   276 6931s
 10519  3574 2.1797e+07  104  276 2.1836e+07 2.1778e+07  0.26%   276 6938s
 10520  3575 2.1780e+07   38  223 2.1836e+07 2.1778e+07  0.26%   276 6940s
 10522  3576 2.1789e+07   39  268 2.1836e+07 2.1778e+07  0.26%   276 6945s
 10523  3577 2.1809e+07  286  296 2.1836e+07 2.1778e+07  0.26%   276 6953s
 10524  3578 2.1797e+07  113  297 2.1836e+07 2.1778e+07  0.26%   276 6957s
 10525  3578 2.1803e+07  125  267 2.1836e+07 2.1778e+07  0.26%   276 7011s
 10526  3579 2.1800e+07  181  284 2.1836e+07 2.1778e+07  0.26%   276 7022s
 10527  3580 2.1835e+07  142  288 2.1836e+07 2.1778e+07  0.26%   276 7026s
 10529  3581 2.1792e+07   83  300 2.1836e+07 2.1778e+07  0.26%   276 7030s
 10531  3582 2.1808e+07  271  289 2.1836e+07 2.1778e+07  0.26%   276 7036s
 10533  3584 2.1806e+07  188  278 2.1836e+07 2.1779e+07  0.26%   276 7053s
 10535  3585 2.1803e+07  153  284 2.1836e+07 2.1779e+07  0.26%   276 7057s
 10536  3586 2.1828e+07  301  287 2.1836e+07 2.1779e+07  0.26%   276 7065s
 10538  3587 2.1811e+07  118  285 2.1836e+07 2.1779e+07  0.26%   276 7074s
 10539  3588 2.1801e+07  108  289 2.1836e+07 2.1779e+07  0.26%   276 7077s
 10540  3588 2.1829e+07   41  285 2.1836e+07 2.1779e+07  0.26%   276 7082s
 10541  3589 2.1804e+07  176  306 2.1836e+07 2.1779e+07  0.26%   276 7085s
 10542  3590 2.1785e+07   49  297 2.1836e+07 2.1779e+07  0.26%   276 7094s
 10543  3590 2.1819e+07  429  303 2.1836e+07 2.1779e+07  0.26%   276 7097s
 10544  3591 2.1798e+07   98  299 2.1836e+07 2.1779e+07  0.26%   276 7100s
 10545  3592 2.1826e+07  261  299 2.1836e+07 2.1779e+07  0.26%   276 7108s
 10546  3592 2.1823e+07  301  299 2.1836e+07 2.1779e+07  0.26%   275 7178s
 10547  3596 2.1779e+07   33  295 2.1836e+07 2.1779e+07  0.26%   301 7183s
 10549  3599 2.1779e+07   34  295 2.1836e+07 2.1779e+07  0.26%   301 7188s
 10553  3602 2.1779e+07   35  287 2.1836e+07 2.1779e+07  0.26%   301 7191s
 10557  3613 2.1779e+07   36  276 2.1836e+07 2.1779e+07  0.26%   301 7200s

Cutting planes:
  Implied bound: 2
  Projected implied bound: 472
  MIR: 586
  Flow cover: 53
  RLT: 3
  Relax-and-lift: 38

Explored 10569 nodes (3387999 simplex iterations) in 7200.79 seconds (3536.02 work units)
Thread count was 8 (of 8 available processors)

Solution count 10: 2.18355e+07 2.18355e+07 2.18379e+07 ... 2.18421e+07

Time limit reached
Best objective 2.183554245313e+07, best bound 2.177904036159e+07, gap 0.2588%
