
Gurobi 13.0.1 (linux64) logging started Wed Feb 25 00:55:57 2026

Set parameter LogFile to value "logs/log_gurobi_90B_20260225005509.log"
Gurobi Optimizer version 13.0.1 build v13.0.1rc0 (linux64 - "openSUSE Tumbleweed")

CPU model: Intel(R) Core(TM) i7-10610U CPU @ 1.80GHz, instruction set [SSE2|AVX|AVX2]
Thread count: 4 physical cores, 8 logical processors, using up to 8 threads

Non-default parameters:
TimeLimit  7200
SoftMemLimit  13.2

Optimize a model with 64570 rows, 1242100 columns and 3767908 nonzeros (Min)
Model fingerprint: 0x580f2f03
Model has 1208575 linear objective coefficients
Variable types: 13600 continuous, 1228500 integer (1228500 binary)
Coefficient statistics:
  Matrix range     [3e-03, 2e+04]
  Objective range  [3e-01, 1e+02]
  Bounds range     [1e+00, 2e+05]
  RHS range        [3e-02, 3e+05]

Presolve removed 36518 rows and 843658 columns (presolve time = 5s)...
Presolve removed 36518 rows and 843658 columns (presolve time = 10s)...
Presolve removed 36518 rows and 843658 columns (presolve time = 15s)...
Presolve removed 36518 rows and 843658 columns (presolve time = 20s)...
Presolve removed 36518 rows and 843658 columns (presolve time = 25s)...
Presolve removed 36518 rows and 843658 columns (presolve time = 30s)...
Presolve removed 36518 rows and 843658 columns (presolve time = 35s)...
Presolve removed 36518 rows and 843658 columns (presolve time = 40s)...
Presolve removed 36518 rows and 843658 columns (presolve time = 45s)...
Presolve removed 36518 rows and 843658 columns (presolve time = 50s)...
Presolve removed 36518 rows and 843658 columns (presolve time = 55s)...
Presolve removed 36518 rows and 843658 columns (presolve time = 60s)...
Presolve removed 36518 rows and 843658 columns (presolve time = 65s)...
Presolve removed 36518 rows and 843658 columns (presolve time = 70s)...
Presolve removed 36518 rows and 843658 columns (presolve time = 75s)...
Presolve removed 36518 rows and 1159450 columns (presolve time = 117s)...
Presolve removed 53248 rows and 1159430 columns
Presolve time: 117.93s
Presolved: 11322 rows, 82670 columns, 283874 nonzeros
Variable types: 7085 continuous, 75585 integer (75585 binary)
Found heuristic solution: objective 2.338660e+07
Performing another presolve...
Presolve removed 4353 rows and 4233 columns
Presolve time: 1.21s
Deterministic concurrent LP optimizer: primal and dual simplex
Showing primal log only...


Root simplex log...

Iteration    Objective       Primal Inf.    Dual Inf.      Time
       0    1.2479812e+02   1.447785e+02   1.666470e+09    121s
    1238    2.4481650e+07   0.000000e+00   1.881249e+05    121s
Concurrent spin time: 0.21s (can be avoided by choosing Method=3)

Solved with dual simplex

Root simplex log...

Iteration    Objective       Primal Inf.    Dual Inf.      Time
    4625    1.9826301e+07   0.000000e+00   0.000000e+00    122s

Root relaxation: objective 1.982630e+07, 4625 iterations, 0.98 seconds (0.65 work units)
Total elapsed time = 122.01s (DegenMoves)

    Nodes    |    Current Node    |     Objective Bounds      |     Work
 Expl Unexpl |  Obj  Depth IntInf | Incumbent    BestBd   Gap | It/Node Time

     0     0 1.9826e+07    0  274 2.3387e+07 1.9826e+07  15.2%     -  123s
H    0     0                    2.139773e+07 1.9826e+07  7.34%     -  123s
H    0     0                    2.095507e+07 1.9826e+07  5.39%     -  123s
H    0     0                    2.093114e+07 1.9826e+07  5.28%     -  123s
H    0     0                    2.093079e+07 1.9826e+07  5.28%     -  124s
H    0     0                    2.091043e+07 1.9826e+07  5.18%     -  125s
H    0     0                    2.090026e+07 1.9826e+07  5.14%     -  125s
H    0     0                    2.089247e+07 1.9826e+07  5.10%     -  125s
H    0     0                    2.029819e+07 1.9826e+07  2.32%     -  126s
H    0     0                    2.013955e+07 1.9826e+07  1.56%     -  127s
     0     0 1.9827e+07    0  250 2.0140e+07 1.9827e+07  1.55%     -  130s
H    0     0                    2.011856e+07 1.9827e+07  1.45%     -  131s
     0     0 1.9827e+07    0  250 2.0119e+07 1.9827e+07  1.45%     -  139s
     0     0 1.9828e+07    0  254 2.0119e+07 1.9828e+07  1.44%     -  141s
     0     0 1.9828e+07    0  260 2.0119e+07 1.9828e+07  1.44%     -  142s
     0     0 1.9828e+07    0  259 2.0119e+07 1.9828e+07  1.44%     -  142s
     0     0 1.9828e+07    0  260 2.0119e+07 1.9828e+07  1.44%     -  143s
     0     0 1.9829e+07    0  278 2.0119e+07 1.9829e+07  1.44%     -  144s
     0     0 1.9829e+07    0  275 2.0119e+07 1.9829e+07  1.44%     -  145s
     0     0 1.9829e+07    0  270 2.0119e+07 1.9829e+07  1.44%     -  145s
     0     0 1.9829e+07    0  309 2.0119e+07 1.9829e+07  1.44%     -  146s
     0     0 1.9829e+07    0  318 2.0119e+07 1.9829e+07  1.44%     -  147s
     0     0 1.9829e+07    0  315 2.0119e+07 1.9829e+07  1.44%     -  147s
     0     0 1.9829e+07    0  315 2.0119e+07 1.9829e+07  1.44%     -  147s
     0     0 1.9830e+07    0  344 2.0119e+07 1.9830e+07  1.44%     -  150s
     0     0 1.9830e+07    0  338 2.0119e+07 1.9830e+07  1.44%     -  152s
     0     0 1.9830e+07    0  343 2.0119e+07 1.9830e+07  1.44%     -  152s
     0     0 1.9830e+07    0  339 2.0119e+07 1.9830e+07  1.44%     -  153s
     0     0 1.9830e+07    0  342 2.0119e+07 1.9830e+07  1.44%     -  153s
     0     0 1.9830e+07    0  371 2.0119e+07 1.9830e+07  1.43%     -  156s
H    0     0                    2.007725e+07 1.9830e+07  1.23%     -  160s
     0     0 1.9830e+07    0  350 2.0077e+07 1.9830e+07  1.23%     -  160s
     0     0 1.9830e+07    0  343 2.0077e+07 1.9830e+07  1.23%     -  161s
     0     0 1.9831e+07    0  369 2.0077e+07 1.9831e+07  1.23%     -  162s
     0     0 1.9831e+07    0  395 2.0077e+07 1.9831e+07  1.23%     -  163s
     0     0 1.9831e+07    0  371 2.0077e+07 1.9831e+07  1.23%     -  163s
     0     0 1.9831e+07    0  371 2.0077e+07 1.9831e+07  1.23%     -  163s
     0     0 1.9831e+07    0  381 2.0077e+07 1.9831e+07  1.23%     -  165s
     0     0 1.9831e+07    0  337 2.0077e+07 1.9831e+07  1.23%     -  167s
     0     0 1.9831e+07    0  349 2.0077e+07 1.9831e+07  1.23%     -  168s
     0     0 1.9832e+07    0  377 2.0077e+07 1.9832e+07  1.22%     -  171s
     0     0 1.9833e+07    0  371 2.0077e+07 1.9833e+07  1.22%     -  172s
     0     0 1.9833e+07    0  384 2.0077e+07 1.9833e+07  1.22%     -  173s
     0     0 1.9833e+07    0  395 2.0077e+07 1.9833e+07  1.22%     -  174s
     0     0 1.9833e+07    0  410 2.0077e+07 1.9833e+07  1.22%     -  175s
     0     0 1.9833e+07    0  394 2.0077e+07 1.9833e+07  1.22%     -  175s
     0     0 1.9833e+07    0  395 2.0077e+07 1.9833e+07  1.22%     -  175s
     0     0 1.9833e+07    0  395 2.0077e+07 1.9833e+07  1.22%     -  175s
     0     0 1.9834e+07    0  417 2.0077e+07 1.9834e+07  1.21%     -  178s
     0     0 1.9834e+07    0  421 2.0077e+07 1.9834e+07  1.21%     -  180s
     0     0 1.9835e+07    0  431 2.0077e+07 1.9835e+07  1.21%     -  181s
     0     0 1.9835e+07    0  430 2.0077e+07 1.9835e+07  1.21%     -  181s
     0     0 1.9835e+07    0  423 2.0077e+07 1.9835e+07  1.21%     -  181s
     0     0 1.9836e+07    0  403 2.0077e+07 1.9836e+07  1.20%     -  184s
     0     0 1.9836e+07    0  418 2.0077e+07 1.9836e+07  1.20%     -  193s
     0     0 1.9836e+07    0  426 2.0077e+07 1.9836e+07  1.20%     -  193s
     0     0 1.9836e+07    0  427 2.0077e+07 1.9836e+07  1.20%     -  194s
     0     0 1.9836e+07    0  430 2.0077e+07 1.9836e+07  1.20%     -  194s
     0     0 1.9837e+07    0  445 2.0077e+07 1.9837e+07  1.20%     -  198s
     0     0 1.9837e+07    0  460 2.0077e+07 1.9837e+07  1.19%     -  200s
     0     0 1.9837e+07    0  408 2.0077e+07 1.9837e+07  1.19%     -  201s
     0     0 1.9837e+07    0  407 2.0077e+07 1.9837e+07  1.19%     -  201s
     0     0 1.9837e+07    0  420 2.0077e+07 1.9837e+07  1.19%     -  202s
     0     0 1.9838e+07    0  434 2.0077e+07 1.9838e+07  1.19%     -  206s
H    0     0                    2.007724e+07 1.9838e+07  1.19%     -  207s
H    0     0                    2.007667e+07 1.9838e+07  1.19%     -  211s
H    0     0                    2.007627e+07 1.9838e+07  1.18%     -  215s
     0     0 1.9839e+07    0  463 2.0076e+07 1.9839e+07  1.18%     -  218s
     0     0 1.9839e+07    0  440 2.0076e+07 1.9839e+07  1.18%     -  219s
     0     0 1.9839e+07    0  454 2.0076e+07 1.9839e+07  1.18%     -  219s
     0     0 1.9839e+07    0  451 2.0076e+07 1.9839e+07  1.18%     -  222s
H    0     0                    2.006238e+07 1.9839e+07  1.11%     -  224s
H    0     0                    2.006236e+07 1.9839e+07  1.11%     -  234s
     0     0 1.9840e+07    0  469 2.0062e+07 1.9840e+07  1.11%     -  237s
     0     0 1.9840e+07    0  470 2.0062e+07 1.9840e+07  1.11%     -  238s
     0     0 1.9840e+07    0  493 2.0062e+07 1.9840e+07  1.11%     -  238s
     0     0 1.9842e+07    0  373 2.0062e+07 1.9842e+07  1.10%     -  242s
     0     0 1.9842e+07    0  422 2.0062e+07 1.9842e+07  1.10%     -  246s
     0     0 1.9842e+07    0  452 2.0062e+07 1.9842e+07  1.10%     -  247s
     0     0 1.9842e+07    0  449 2.0062e+07 1.9842e+07  1.10%     -  248s
     0     0 1.9842e+07    0  436 2.0062e+07 1.9842e+07  1.10%     -  248s
     0     0 1.9842e+07    0  455 2.0062e+07 1.9842e+07  1.10%     -  248s
     0     0 1.9845e+07    0  465 2.0062e+07 1.9845e+07  1.09%     -  251s
     0     0 1.9845e+07    0  447 2.0062e+07 1.9845e+07  1.08%     -  258s
     0     0 1.9845e+07    0  458 2.0062e+07 1.9845e+07  1.08%     -  258s
     0     0 1.9845e+07    0  455 2.0062e+07 1.9845e+07  1.08%     -  259s
     0     0 1.9845e+07    0  468 2.0062e+07 1.9845e+07  1.08%     -  260s
     0     0 1.9845e+07    0  468 2.0062e+07 1.9845e+07  1.08%     -  260s
     0     0 1.9847e+07    0  385 2.0062e+07 1.9847e+07  1.07%     -  264s
     0     0 1.9847e+07    0  423 2.0062e+07 1.9847e+07  1.07%     -  266s
     0     0 1.9847e+07    0  422 2.0062e+07 1.9847e+07  1.07%     -  266s
     0     0 1.9847e+07    0  418 2.0062e+07 1.9847e+07  1.07%     -  266s
     0     0 1.9849e+07    0  419 2.0062e+07 1.9849e+07  1.06%     -  269s
     0     0 1.9850e+07    0  448 2.0062e+07 1.9850e+07  1.06%     -  271s
     0     0 1.9850e+07    0  439 2.0062e+07 1.9850e+07  1.06%     -  272s
     0     0 1.9850e+07    0  440 2.0062e+07 1.9850e+07  1.06%     -  273s
     0     0 1.9850e+07    0  440 2.0062e+07 1.9850e+07  1.06%     -  273s
     0     0 1.9850e+07    0  459 2.0062e+07 1.9850e+07  1.06%     -  276s
     0     0 1.9851e+07    0  442 2.0062e+07 1.9851e+07  1.05%     -  278s
     0     0 1.9851e+07    0  447 2.0062e+07 1.9851e+07  1.05%     -  278s
     0     0 1.9851e+07    0  451 2.0062e+07 1.9851e+07  1.05%     -  279s
     0     0 1.9851e+07    0  469 2.0062e+07 1.9851e+07  1.05%     -  280s
     0     0 1.9854e+07    0  432 2.0062e+07 1.9854e+07  1.04%     -  284s
     0     0 1.9854e+07    0  443 2.0062e+07 1.9854e+07  1.04%     -  291s
     0     0 1.9854e+07    0  457 2.0062e+07 1.9854e+07  1.04%     -  291s
     0     0 1.9854e+07    0  421 2.0062e+07 1.9854e+07  1.04%     -  293s
     0     0 1.9854e+07    0  450 2.0062e+07 1.9854e+07  1.04%     -  294s
     0     0 1.9854e+07    0  450 2.0062e+07 1.9854e+07  1.04%     -  294s
     0     0 1.9854e+07    0  446 2.0062e+07 1.9854e+07  1.04%     -  295s
     0     0 1.9854e+07    0  452 2.0062e+07 1.9854e+07  1.04%     -  295s
     0     0 1.9855e+07    0  412 2.0062e+07 1.9855e+07  1.03%     -  298s
H    0     0                    2.005956e+07 1.9855e+07  1.02%     -  299s
H    0     0                    2.005956e+07 1.9855e+07  1.02%     -  308s
     0     0 1.9855e+07    0  395 2.0060e+07 1.9855e+07  1.02%     -  315s
     0     0 1.9855e+07    0  404 2.0060e+07 1.9855e+07  1.02%     -  315s
     0     0 1.9855e+07    0  410 2.0060e+07 1.9855e+07  1.02%     -  315s
     0     0 1.9855e+07    0  413 2.0060e+07 1.9855e+07  1.02%     -  316s
     0     0 1.9857e+07    0  419 2.0060e+07 1.9857e+07  1.01%     -  319s
     0     0 1.9857e+07    0  403 2.0060e+07 1.9857e+07  1.01%     -  325s
     0     0 1.9857e+07    0  456 2.0060e+07 1.9857e+07  1.01%     -  327s
     0     0 1.9857e+07    0  407 2.0060e+07 1.9857e+07  1.01%     -  327s
     0     0 1.9857e+07    0  423 2.0060e+07 1.9857e+07  1.01%     -  328s
     0     0 1.9858e+07    0  423 2.0060e+07 1.9858e+07  1.01%     -  331s
     0     0 1.9858e+07    0  444 2.0060e+07 1.9858e+07  1.01%     -  332s
     0     0 1.9858e+07    0  422 2.0060e+07 1.9858e+07  1.01%     -  333s
     0     0 1.9858e+07    0  417 2.0060e+07 1.9858e+07  1.01%     -  333s
     0     0 1.9860e+07    0  437 2.0060e+07 1.9860e+07  1.00%     -  337s
     0     0 1.9860e+07    0  445 2.0060e+07 1.9860e+07  0.99%     -  338s
     0     0 1.9860e+07    0  412 2.0060e+07 1.9860e+07  0.99%     -  339s
     0     0 1.9860e+07    0  418 2.0060e+07 1.9860e+07  0.99%     -  339s
     0     0 1.9861e+07    0  419 2.0060e+07 1.9861e+07  0.99%     -  342s
     0     0 1.9861e+07    0  461 2.0060e+07 1.9861e+07  0.99%     -  344s
     0     0 1.9861e+07    0  494 2.0060e+07 1.9861e+07  0.99%     -  345s
     0     0 1.9861e+07    0  514 2.0060e+07 1.9861e+07  0.99%     -  345s
     0     0 1.9865e+07    0  470 2.0060e+07 1.9865e+07  0.97%     -  349s
     0     0 1.9865e+07    0  497 2.0060e+07 1.9865e+07  0.97%     -  353s
     0     0 1.9866e+07    0  475 2.0060e+07 1.9866e+07  0.97%     -  355s
     0     0 1.9866e+07    0  471 2.0060e+07 1.9866e+07  0.97%     -  356s
     0     0 1.9866e+07    0  471 2.0060e+07 1.9866e+07  0.97%     -  356s
     0     0 1.9866e+07    0  491 2.0060e+07 1.9866e+07  0.96%     -  357s
     0     0 1.9866e+07    0  492 2.0060e+07 1.9866e+07  0.96%     -  357s
     0     0 1.9867e+07    0  482 2.0060e+07 1.9867e+07  0.96%     -  362s
     0     0 1.9867e+07    0  477 2.0060e+07 1.9867e+07  0.96%     -  365s
     0     0 1.9868e+07    0  526 2.0060e+07 1.9868e+07  0.96%     -  367s
     0     0 1.9868e+07    0  526 2.0060e+07 1.9868e+07  0.96%     -  368s
     0     0 1.9868e+07    0  530 2.0060e+07 1.9868e+07  0.96%     -  369s
     0     0 1.9869e+07    0  489 2.0060e+07 1.9869e+07  0.95%     -  373s
     0     0 1.9870e+07    0  585 2.0060e+07 1.9870e+07  0.95%     -  379s
     0     0 1.9870e+07    0  580 2.0060e+07 1.9870e+07  0.95%     -  380s
     0     0 1.9870e+07    0  567 2.0060e+07 1.9870e+07  0.95%     -  382s
     0     0 1.9870e+07    0  574 2.0060e+07 1.9870e+07  0.95%     -  383s
     0     0 1.9871e+07    0  525 2.0060e+07 1.9871e+07  0.94%     -  387s
     0     0 1.9872e+07    0  559 2.0060e+07 1.9872e+07  0.94%     -  392s
     0     0 1.9872e+07    0  529 2.0060e+07 1.9872e+07  0.94%     -  393s
     0     0 1.9872e+07    0  538 2.0060e+07 1.9872e+07  0.94%     -  394s
     0     0 1.9873e+07    0  563 2.0060e+07 1.9873e+07  0.93%     -  399s
     0     0 1.9873e+07    0  568 2.0060e+07 1.9873e+07  0.93%     -  403s
     0     0 1.9873e+07    0  561 2.0060e+07 1.9873e+07  0.93%     -  404s
     0     0 1.9874e+07    0  562 2.0060e+07 1.9874e+07  0.93%     -  408s
     0     0 1.9874e+07    0  549 2.0060e+07 1.9874e+07  0.93%     -  411s
     0     0 1.9874e+07    0  572 2.0060e+07 1.9874e+07  0.93%     -  413s
     0     0 1.9874e+07    0  537 2.0060e+07 1.9874e+07  0.93%     -  414s
     0     0 1.9876e+07    0  537 2.0060e+07 1.9876e+07  0.92%     -  421s
     0     0 1.9876e+07    0  542 2.0060e+07 1.9876e+07  0.91%     -  427s
     0     0 1.9877e+07    0  574 2.0060e+07 1.9877e+07  0.91%     -  429s
     0     0 1.9877e+07    0  587 2.0060e+07 1.9877e+07  0.91%     -  431s
     0     0 1.9877e+07    0  560 2.0060e+07 1.9877e+07  0.91%     -  431s
     0     0 1.9877e+07    0  540 2.0060e+07 1.9877e+07  0.91%     -  435s
     0     0 1.9878e+07    0  546 2.0060e+07 1.9878e+07  0.91%     -  439s
     0     0 1.9878e+07    0  552 2.0060e+07 1.9878e+07  0.91%     -  440s
     0     0 1.9878e+07    0  527 2.0060e+07 1.9878e+07  0.91%     -  441s
     0     0 1.9878e+07    0  544 2.0060e+07 1.9878e+07  0.90%     -  444s
     0     0 1.9878e+07    0  566 2.0060e+07 1.9878e+07  0.90%     -  447s
     0     0 1.9878e+07    0  582 2.0060e+07 1.9878e+07  0.90%     -  448s
     0     0 1.9878e+07    0  595 2.0060e+07 1.9878e+07  0.90%     -  448s
     0     0 1.9879e+07    0  550 2.0060e+07 1.9879e+07  0.90%     -  452s
     0     0 1.9880e+07    0  569 2.0060e+07 1.9880e+07  0.90%     -  468s
     0     0 1.9880e+07    0  576 2.0060e+07 1.9880e+07  0.90%     -  469s
     0     0 1.9880e+07    0  551 2.0060e+07 1.9880e+07  0.90%     -  470s
     0     0 1.9880e+07    0  548 2.0060e+07 1.9880e+07  0.90%     -  470s
     0     0 1.9881e+07    0  587 2.0060e+07 1.9881e+07  0.89%     -  474s
     0     0 1.9882e+07    0  543 2.0060e+07 1.9882e+07  0.88%     -  506s
     0     0 1.9882e+07    0  564 2.0060e+07 1.9882e+07  0.88%     -  508s
     0     0 1.9882e+07    0  540 2.0060e+07 1.9882e+07  0.88%     -  508s
     0     0 1.9882e+07    0  541 2.0060e+07 1.9882e+07  0.88%     -  509s
     0     0 1.9882e+07    0  551 2.0060e+07 1.9882e+07  0.88%     -  509s
     0     0 1.9884e+07    0  621 2.0060e+07 1.9884e+07  0.88%     -  514s
     0     0 1.9884e+07    0  643 2.0060e+07 1.9884e+07  0.88%     -  524s
     0     0 1.9884e+07    0  624 2.0060e+07 1.9884e+07  0.88%     -  525s
     0     0 1.9884e+07    0  642 2.0060e+07 1.9884e+07  0.88%     -  525s
     0     0 1.9886e+07    0  568 2.0060e+07 1.9886e+07  0.86%     -  531s
     0     0 1.9887e+07    0  608 2.0060e+07 1.9887e+07  0.86%     -  536s
H    0     0                    2.005274e+07 1.9887e+07  0.83%     -  539s
     0     0 1.9887e+07    0  583 2.0053e+07 1.9887e+07  0.83%     -  539s
     0     0 1.9887e+07    0  574 2.0053e+07 1.9887e+07  0.83%     -  539s
     0     0 1.9888e+07    0  553 2.0053e+07 1.9888e+07  0.82%     -  544s
H    0     0                    2.005271e+07 1.9888e+07  0.82%     -  548s
H    0     0                    2.005271e+07 1.9888e+07  0.82%     -  573s
H    0     0                    2.005267e+07 1.9888e+07  0.82%     -  578s
     0     0 1.9888e+07    0  597 2.0053e+07 1.9888e+07  0.82%     -  607s
     0     0 1.9888e+07    0  566 2.0053e+07 1.9888e+07  0.82%     -  607s
     0     0 1.9888e+07    0  581 2.0053e+07 1.9888e+07  0.82%     -  608s
     0     0 1.9888e+07    0  601 2.0053e+07 1.9888e+07  0.82%     -  612s
     0     0 1.9889e+07    0  650 2.0053e+07 1.9889e+07  0.82%     -  620s
     0     0 1.9889e+07    0  652 2.0053e+07 1.9889e+07  0.82%     -  621s
     0     0 1.9889e+07    0  654 2.0053e+07 1.9889e+07  0.82%     -  621s
     0     0 1.9889e+07    0  603 2.0053e+07 1.9889e+07  0.81%     -  625s
     0     0 1.9889e+07    0  635 2.0053e+07 1.9889e+07  0.81%     -  635s
     0     0 1.9889e+07    0  619 2.0053e+07 1.9889e+07  0.81%     -  635s
     0     0 1.9889e+07    0  654 2.0053e+07 1.9889e+07  0.81%     -  636s
     0     0 1.9890e+07    0  631 2.0053e+07 1.9890e+07  0.81%     -  639s
     0     0 1.9890e+07    0  619 2.0053e+07 1.9890e+07  0.81%     -  644s
     0     0 1.9890e+07    0  660 2.0053e+07 1.9890e+07  0.81%     -  645s
     0     0 1.9890e+07    0  666 2.0053e+07 1.9890e+07  0.81%     -  648s
     0     0 1.9890e+07    0  685 2.0053e+07 1.9890e+07  0.81%     -  652s
     0     0 1.9890e+07    0  681 2.0053e+07 1.9890e+07  0.81%     -  653s
     0     0 1.9890e+07    0  688 2.0053e+07 1.9890e+07  0.81%     -  654s
     0     0 1.9891e+07    0  629 2.0053e+07 1.9891e+07  0.81%     -  657s
     0     0 1.9891e+07    0  592 2.0053e+07 1.9891e+07  0.81%     -  659s
     0     0 1.9891e+07    0  616 2.0053e+07 1.9891e+07  0.81%     -  660s
     0     0 1.9891e+07    0  565 2.0053e+07 1.9891e+07  0.81%     -  662s
     0     0 1.9891e+07    0  551 2.0053e+07 1.9891e+07  0.81%     -  667s
     0     0 1.9891e+07    0  542 2.0053e+07 1.9891e+07  0.80%     -  668s
     0     0 1.9891e+07    0  546 2.0053e+07 1.9891e+07  0.80%     -  668s
     0     0 1.9891e+07    0  550 2.0053e+07 1.9891e+07  0.80%     -  668s
     0     0 1.9892e+07    0  545 2.0053e+07 1.9892e+07  0.80%     -  671s
     0     0 1.9892e+07    0  585 2.0053e+07 1.9892e+07  0.80%     -  675s
     0     0 1.9892e+07    0  578 2.0053e+07 1.9892e+07  0.80%     -  676s
     0     0 1.9895e+07    0  539 2.0053e+07 1.9895e+07  0.79%     -  678s
     0     0 1.9895e+07    0  557 2.0053e+07 1.9895e+07  0.79%     -  680s
     0     0 1.9895e+07    0  551 2.0053e+07 1.9895e+07  0.79%     -  681s
     0     0 1.9895e+07    0  548 2.0053e+07 1.9895e+07  0.79%     -  682s
     0     0 1.9895e+07    0  550 2.0053e+07 1.9895e+07  0.79%     -  682s
     0     0 1.9896e+07    0  586 2.0053e+07 1.9896e+07  0.78%     -  684s
     0     0 1.9896e+07    0  616 2.0053e+07 1.9896e+07  0.78%     -  688s
     0     0 1.9896e+07    0  615 2.0053e+07 1.9896e+07  0.78%     -  689s
     0     0 1.9896e+07    0  606 2.0053e+07 1.9896e+07  0.78%     -  691s
     0     0 1.9896e+07    0  608 2.0053e+07 1.9896e+07  0.78%     -  693s
     0     0 1.9896e+07    0  614 2.0053e+07 1.9896e+07  0.78%     -  694s
     0     0 1.9897e+07    0  594 2.0053e+07 1.9897e+07  0.78%     -  698s
     0     0 1.9898e+07    0  613 2.0053e+07 1.9898e+07  0.77%     -  701s
     0     0 1.9898e+07    0  625 2.0053e+07 1.9898e+07  0.77%     -  702s
     0     0 1.9898e+07    0  611 2.0053e+07 1.9898e+07  0.77%     -  705s
     0     0 1.9898e+07    0  636 2.0053e+07 1.9898e+07  0.77%     -  708s
     0     0 1.9898e+07    0  640 2.0053e+07 1.9898e+07  0.77%     -  709s
     0     0 1.9898e+07    0  570 2.0053e+07 1.9898e+07  0.77%     -  712s
     0     0 1.9898e+07    0  607 2.0053e+07 1.9898e+07  0.77%     -  716s
     0     0 1.9898e+07    0  610 2.0053e+07 1.9898e+07  0.77%     -  717s
     0     0 1.9899e+07    0  587 2.0053e+07 1.9899e+07  0.77%     -  720s
     0     0 1.9899e+07    0  608 2.0053e+07 1.9899e+07  0.77%     -  724s
     0     0 1.9899e+07    0  615 2.0053e+07 1.9899e+07  0.77%     -  725s
     0     0 1.9899e+07    0  566 2.0053e+07 1.9899e+07  0.77%     -  728s
     0     0 1.9899e+07    0  600 2.0053e+07 1.9899e+07  0.77%     -  729s
     0     0 1.9899e+07    0  588 2.0053e+07 1.9899e+07  0.77%     -  731s
     0     0 1.9899e+07    0  588 2.0053e+07 1.9899e+07  0.76%     -  734s
     0     0 1.9899e+07    0  587 2.0053e+07 1.9899e+07  0.76%     -  734s
     0     2 1.9899e+07    0  587 2.0053e+07 1.9899e+07  0.76%     -  744s
     1     4 1.9902e+07    1  587 2.0053e+07 1.9899e+07  0.76%   991  747s
     7    12 1.9904e+07    3  598 2.0053e+07 1.9904e+07  0.74%  1281  752s
    11    23 1.9904e+07    4  593 2.0053e+07 1.9904e+07  0.74%  1092  755s
    26    33 1.9909e+07    8  583 2.0053e+07 1.9904e+07  0.74%   956  760s
    40    52 1.9914e+07   11  583 2.0053e+07 1.9904e+07  0.74%   958  765s
    59    68 1.9917e+07   15  535 2.0053e+07 1.9904e+07  0.74%   845  771s
    73    81 1.9920e+07   16  455 2.0053e+07 1.9904e+07  0.74%   877  775s
   100   111 1.9922e+07   23  511 2.0053e+07 1.9904e+07  0.74%   774  780s
   124   139 1.9927e+07   27  479 2.0053e+07 1.9904e+07  0.74%   747  786s
   153   165 1.9929e+07   34  487 2.0053e+07 1.9904e+07  0.74%   674  790s
   200   224 1.9931e+07   43  398 2.0053e+07 1.9904e+07  0.74%   592  795s
   263   283 1.9937e+07   55  348 2.0053e+07 1.9904e+07  0.74%   525  802s
   310   339 1.9938e+07   67  392 2.0053e+07 1.9904e+07  0.74%   492  806s
   364   406 1.9940e+07   75  305 2.0053e+07 1.9904e+07  0.74%   462  810s
   480   537 1.9942e+07   88  287 2.0053e+07 1.9904e+07  0.74%   406  816s
   578   658 1.9949e+07   98  273 2.0053e+07 1.9904e+07  0.74%   371  821s
   733   799 1.9965e+07  117  240 2.0053e+07 1.9904e+07  0.74%   324  825s
   868   908 1.9977e+07  130  232 2.0053e+07 1.9904e+07  0.74%   305  831s
  1013  1032 2.0026e+07  151  215 2.0053e+07 1.9904e+07  0.74%   284  837s
  1120  1033 2.0049e+07  177  149 2.0053e+07 1.9904e+07  0.74%   270  841s
  1145  1044 1.9936e+07   40 3485 2.0053e+07 1.9905e+07  0.74%   279  867s
  1147  1045 1.9983e+07  162  323 2.0053e+07 1.9905e+07  0.74%   279  878s
  1148  1046 2.0000e+07  202  320 2.0053e+07 1.9905e+07  0.74%   278  906s
H 1148   993                    2.005267e+07 1.9905e+07  0.74%   278  913s
H 1148   943                    2.005267e+07 1.9905e+07  0.74%   278  913s
  1150   944 2.0018e+07  112  384 2.0053e+07 1.9905e+07  0.74%   278  924s
  1151   945 1.9950e+07   94  423 2.0053e+07 1.9905e+07  0.74%   278  933s
  1152   946 1.9968e+07  143  453 2.0053e+07 1.9905e+07  0.74%   277  941s
  1153   946 2.0039e+07  243  483 2.0053e+07 1.9905e+07  0.74%   277  952s
  1154   947 1.9930e+07   19  525 2.0053e+07 1.9905e+07  0.74%   277  962s
  1155   948 1.9935e+07   35  506 2.0053e+07 1.9905e+07  0.74%   277  967s
  1156   948 1.9942e+07   48  518 2.0053e+07 1.9905e+07  0.74%   276  972s
  1157   949 1.9954e+07   95  567 2.0053e+07 1.9905e+07  0.74%   276  978s
  1158   950 1.9936e+07   40  565 2.0053e+07 1.9905e+07  0.74%   276  984s
  1159   950 2.0002e+07  260  556 2.0053e+07 1.9905e+07  0.74%   276  990s
  1161   952 1.9980e+07  166  600 2.0053e+07 1.9905e+07  0.74%   275  995s
  1163   953 1.9940e+07   48  612 2.0053e+07 1.9905e+07  0.74%   275 1009s
  1164   954 1.9939e+07   58  475 2.0053e+07 1.9925e+07  0.64%   275 1031s
  1165   954 1.9931e+07    4  430 2.0053e+07 1.9931e+07  0.61%   274 1035s
  1167   956 1.9933e+07   13  366 2.0053e+07 1.9933e+07  0.60%   274 1040s
  1171   958 1.9941e+07   50  329 2.0053e+07 1.9941e+07  0.56%   273 1123s
  1172   959 1.9964e+07  118  339 2.0053e+07 1.9946e+07  0.53%   273 1127s
  1174   960 1.9949e+07   20  321 2.0053e+07 1.9949e+07  0.52%   272 1130s
  1178   963 2.0009e+07  111  340 2.0053e+07 1.9956e+07  0.48%   271 1138s
  1179   964 2.0037e+07  152  281 2.0053e+07 1.9957e+07  0.48%   271 1140s
  1183   966 1.9959e+07   92  257 2.0053e+07 1.9959e+07  0.47%   270 1145s
  1188   970 2.0011e+07  256  241 2.0053e+07 1.9960e+07  0.46%   269 1152s
  1190   971 1.9961e+07   83  267 2.0053e+07 1.9961e+07  0.46%   269 1155s
H 1190   922                    2.005265e+07 1.9961e+07  0.46%   269 1156s
  1192   923 1.9963e+07   52  246 2.0053e+07 1.9963e+07  0.45%   268 1174s
H 1192   876                    2.005265e+07 1.9965e+07  0.44%   268 1176s
  1196   879 1.9968e+07   76  246 2.0053e+07 1.9968e+07  0.42%   267 1182s
  1197   880 1.9999e+07  247  284 2.0053e+07 1.9969e+07  0.42%   267 1185s
  1201   882 1.9973e+07   41  250 2.0053e+07 1.9973e+07  0.39%   266 1192s
  1204   884 1.9979e+07  106  280 2.0053e+07 1.9979e+07  0.37%   265 1201s
  1206   886 1.9984e+07   17  248 2.0053e+07 1.9984e+07  0.34%   265 1208s
  1208   887 2.0041e+07  162  242 2.0053e+07 1.9984e+07  0.34%   265 1211s
  1211   889 1.9986e+07   79  232 2.0053e+07 1.9986e+07  0.33%   264 1218s
  1212   890 1.9987e+07   79  220 2.0053e+07 1.9987e+07  0.33%   264 1220s
  1214   891 1.9989e+07  108  273 2.0053e+07 1.9989e+07  0.32%   263 1225s
  1221   896 1.9991e+07   85  244 2.0053e+07 1.9991e+07  0.31%   262 1230s
  1225   899 1.9991e+07   16  347 2.0053e+07 1.9991e+07  0.31%   384 1245s
  1226   900 1.9991e+07  161  353 2.0053e+07 1.9991e+07  0.31%   384 1271s
  1227   901 1.9991e+07   23  304 2.0053e+07 1.9991e+07  0.31%   383 1276s
  1228   901 1.9991e+07   78  326 2.0053e+07 1.9991e+07  0.31%   383 1281s
  1230   903 1.9991e+07   58  289 2.0053e+07 1.9991e+07  0.31%   382 1287s
  1231   903 1.9991e+07  148  339 2.0053e+07 1.9991e+07  0.31%   382 1292s
  1233   905 1.9991e+07  171  245 2.0053e+07 1.9991e+07  0.31%   382 1297s
  1235   906 1.9991e+07   40  256 2.0053e+07 1.9991e+07  0.31%   381 1301s
  1238   908 1.9991e+07   35  247 2.0053e+07 1.9991e+07  0.31%   380 1307s
  1241   910 2.0002e+07  136  223 2.0053e+07 1.9991e+07  0.31%   379 1311s
  1243   911 1.9991e+07   76  250 2.0053e+07 1.9991e+07  0.31%   378 1315s
  1246   913 1.9997e+07  156  229 2.0053e+07 1.9991e+07  0.31%   378 1321s
  1251   917 1.9991e+07   94  235 2.0053e+07 1.9991e+07  0.31%   376 1325s
  1253   918 2.0039e+07  243  226 2.0053e+07 1.9991e+07  0.31%   375 1330s
  1258   921 1.9991e+07   40  239 2.0053e+07 1.9991e+07  0.31%   374 1335s
  1262   924 1.9991e+07   31  235 2.0053e+07 1.9991e+07  0.31%   373 1341s
  1265   926 1.9992e+07    4  244 2.0053e+07 1.9992e+07  0.30%   372 1350s
  1270   929 1.9993e+07  190  239 2.0053e+07 1.9993e+07  0.30%   370 1355s
  1273   931 1.9994e+07   28  243 2.0053e+07 1.9994e+07  0.29%   370 1360s
  1278   935 2.0009e+07  111  252 2.0053e+07 1.9995e+07  0.29%   368 1365s
  1281   937 2.0042e+07  181  270 2.0053e+07 1.9996e+07  0.28%   367 1370s
  1286   940 1.9997e+07   66  239 2.0053e+07 1.9997e+07  0.28%   366 1375s
  1291   943 2.0000e+07   26  253 2.0053e+07 2.0000e+07  0.26%   364 1381s
  1295   946 2.0001e+07  133  267 2.0053e+07 2.0001e+07  0.26%   363 1386s
  1299   949 2.0002e+07   79  246 2.0053e+07 2.0002e+07  0.25%   362 1390s
  1304   952 2.0003e+07  106  247 2.0053e+07 2.0003e+07  0.25%   361 1397s
  1307   954 2.0003e+07  113  245 2.0053e+07 2.0003e+07  0.25%   360 1400s
  1310   956 2.0006e+07  118  238 2.0053e+07 2.0006e+07  0.23%   359 1405s
  1316   960 2.0030e+07  151  245 2.0053e+07 2.0006e+07  0.23%   357 1411s
  1320   963 2.0007e+07   86  241 2.0053e+07 2.0007e+07  0.23%   356 1416s
  1322   964 2.0007e+07  100  279 2.0053e+07 2.0007e+07  0.23%   356 1420s
  1328   968 2.0008e+07   78  247 2.0053e+07 2.0008e+07  0.22%   354 1426s
  1332   971 2.0009e+07  247  247 2.0053e+07 2.0009e+07  0.22%   353 1431s
  1337   974 2.0009e+07  150  249 2.0053e+07 2.0009e+07  0.22%   352 1435s
  1341   977 2.0009e+07  136  246 2.0053e+07 2.0009e+07  0.22%   351 1440s
  1344   979 2.0010e+07  189  253 2.0053e+07 2.0010e+07  0.21%   350 1446s
  1345   979 2.0010e+07   40  253 2.0053e+07 2.0010e+07  0.21%   350 1464s
H 1345   930                    2.005265e+07 2.0010e+07  0.21%   451 1465s
  1356   948 2.0010e+07   23  243 2.0053e+07 2.0010e+07  0.21%   449 1473s
  1368   948 2.0010e+07   25  240 2.0053e+07 2.0010e+07  0.21%   447 1478s
  1372   949 2.0010e+07   26  236 2.0053e+07 2.0010e+07  0.21%   447 1484s
  1376   950 2.0010e+07   26  214 2.0053e+07 2.0010e+07  0.21%   447 1491s
H 1381   901                    2.005265e+07 2.0010e+07  0.21%   447 1498s
  1386   935 2.0010e+07   27  242 2.0053e+07 2.0010e+07  0.21%   446 1508s
  1432   923 2.0011e+07   31  198 2.0053e+07 2.0010e+07  0.21%   444 1518s
  1438   943 2.0011e+07   32  197 2.0053e+07 2.0010e+07  0.21%   444 1527s
  1486   956 2.0050e+07   35  203 2.0053e+07 2.0010e+07  0.21%   446 1534s
  1528   964     cutoff   42      2.0053e+07 2.0010e+07  0.21%   448 1542s
  1593   964 2.0017e+07   59  179 2.0053e+07 2.0010e+07  0.21%   444 1548s
  1636   973 2.0017e+07   67  171 2.0053e+07 2.0010e+07  0.21%   442 1554s
  1681   980 2.0018e+07   75  173 2.0053e+07 2.0010e+07  0.21%   441 1560s
  1731   974 2.0018e+07   83  158 2.0053e+07 2.0010e+07  0.21%   438 1565s
  1790   975 2.0019e+07   91  173 2.0053e+07 2.0010e+07  0.21%   429 1570s
  1854   973 2.0020e+07  100  144 2.0053e+07 2.0010e+07  0.21%   421 1575s
  1940   968 2.0020e+07  111  178 2.0053e+07 2.0010e+07  0.21%   416 1583s
  1982   969     cutoff  116      2.0053e+07 2.0010e+07  0.21%   411 1587s
  2027   957     cutoff  120      2.0053e+07 2.0010e+07  0.21%   409 1591s
  2074   951 2.0021e+07  126  148 2.0053e+07 2.0010e+07  0.21%   404 1595s
H 2088   901                    2.005265e+07 2.0010e+07  0.21%   403 1595s
  2098   908 2.0026e+07  131  158 2.0053e+07 2.0010e+07  0.21%   404 1600s
  2179   893 2.0030e+07  140  169 2.0053e+07 2.0010e+07  0.21%   401 1609s
  2224   896 2.0024e+07  147  178 2.0053e+07 2.0010e+07  0.21%   397 1613s
H 2266   840                    2.005265e+07 2.0010e+07  0.21%   396 1619s
  2297   842     cutoff  155      2.0053e+07 2.0010e+07  0.21%   396 1624s
  2333   836 2.0025e+07  164  174 2.0053e+07 2.0010e+07  0.21%   396 1630s
  2383   826 2.0026e+07  175  186 2.0053e+07 2.0010e+07  0.21%   392 1635s
  2441   807     cutoff  186      2.0053e+07 2.0010e+07  0.21%   388 1642s
  2448   804     cutoff  187      2.0053e+07 2.0010e+07  0.21%   387 1648s
  2464   798 2.0027e+07  195  166 2.0053e+07 2.0010e+07  0.21%   386 1654s
  2481   797 2.0027e+07  203  162 2.0053e+07 2.0010e+07  0.21%   384 1660s
  2497   794     cutoff  204      2.0053e+07 2.0010e+07  0.21%   384 1666s
  2549   790 2.0028e+07  218  164 2.0053e+07 2.0010e+07  0.21%   379 1672s
  2644   796 2.0030e+07  242  157 2.0053e+07 2.0010e+07  0.21%   373 1680s
  2759   800 2.0030e+07  257  174 2.0053e+07 2.0010e+07  0.21%   367 1687s
  2891   790 2.0031e+07  280  152 2.0053e+07 2.0010e+07  0.21%   360 1694s
  3031   784     cutoff  296      2.0053e+07 2.0010e+07  0.21%   354 1701s
  3157   789 2.0035e+07  307  145 2.0053e+07 2.0010e+07  0.21%   350 1708s
  3281   790 2.0040e+07  327  154 2.0053e+07 2.0010e+07  0.21%   347 1716s
  3362   833 2.0040e+07  338  140 2.0053e+07 2.0010e+07  0.21%   344 1724s
  3513   847 2.0041e+07  355  129 2.0053e+07 2.0010e+07  0.21%   340 1733s
  3636   869 2.0042e+07  372  143 2.0053e+07 2.0010e+07  0.21%   339 1742s
  3779   919 2.0045e+07  390  135 2.0053e+07 2.0010e+07  0.21%   338 1752s
  3991   963 2.0014e+07   25  219 2.0053e+07 2.0010e+07  0.21%   331 1762s
  4086  1028 2.0010e+07   30  222 2.0053e+07 2.0010e+07  0.21%   330 1772s
  4254  1042 2.0013e+07   41  221 2.0053e+07 2.0010e+07  0.21%   329 1782s
  4345  1043 2.0049e+07   41  169 2.0053e+07 2.0010e+07  0.21%   323 1793s
  4351  1046 2.0013e+07   42  202 2.0053e+07 2.0010e+07  0.21%   324 1804s
  4367  1064 2.0035e+07   42  203 2.0053e+07 2.0010e+07  0.21%   324 1814s
  4448  1102 2.0013e+07   47  211 2.0053e+07 2.0010e+07  0.21%   325 1825s
  4563  1179 2.0014e+07   54  211 2.0053e+07 2.0010e+07  0.21%   330 1836s
  4703  1237 2.0015e+07   61  204 2.0053e+07 2.0010e+07  0.21%   332 1849s
  4908  1262 2.0016e+07   73  192 2.0053e+07 2.0010e+07  0.21%   331 1861s
  4988  1266     cutoff   81      2.0053e+07 2.0010e+07  0.21%   333 1876s
  5023  1296     cutoff   82      2.0053e+07 2.0010e+07  0.21%   334 1889s
  5146  1339     cutoff   90      2.0053e+07 2.0010e+07  0.21%   331 1902s
H 5356  1339                    2.005265e+07 2.0010e+07  0.21%   327 1902s
  5402  1430 2.0021e+07  133  174 2.0053e+07 2.0010e+07  0.21%   326 1917s
  5748  1560 2.0026e+07  193  163 2.0053e+07 2.0010e+07  0.21%   316 1932s
  6060  1726 2.0046e+07  255  138 2.0053e+07 2.0010e+07  0.21%   311 1946s
  6416  1985 2.0034e+07  314  148 2.0053e+07 2.0010e+07  0.21%   305 1961s
  6840  2199 2.0035e+07  375  122 2.0053e+07 2.0010e+07  0.21%   298 1977s
  7337  2383 2.0039e+07  450  113 2.0053e+07 2.0010e+07  0.21%   289 1994s
  7823  2621 2.0017e+07   83  182 2.0053e+07 2.0010e+07  0.21%   279 2011s
  8112  3012 2.0022e+07  152  180 2.0053e+07 2.0010e+07  0.21%   278 2028s
  8563  3414 2.0026e+07  274  181 2.0053e+07 2.0010e+07  0.21%   273 2047s
  9130  3802 2.0030e+07  344  146 2.0053e+07 2.0010e+07  0.21%   264 2065s
  9595  3807 2.0047e+07  461  103 2.0053e+07 2.0010e+07  0.21%   260 2132s
  9615  4140 2.0010e+07   29  243 2.0053e+07 2.0010e+07  0.21%   259 2151s
 10036  4543 2.0017e+07   51  188 2.0053e+07 2.0010e+07  0.21%   257 2170s
 10476  4544 2.0048e+07  138 2885 2.0053e+07 2.0010e+07  0.21%   255 2192s
 10478  4545 2.0033e+07   31  303 2.0053e+07 2.0010e+07  0.21%   255 2201s
 10479  4546 2.0042e+07  379  293 2.0053e+07 2.0010e+07  0.21%   255 2225s
 10480  4547 2.0037e+07  304  283 2.0053e+07 2.0010e+07  0.21%   255 2230s
 10481  4547 2.0030e+07  338  305 2.0053e+07 2.0010e+07  0.21%   255 2237s
 10482  4548 2.0052e+07  384  320 2.0053e+07 2.0010e+07  0.21%   255 2243s
 10483  4549 2.0032e+07  308  321 2.0053e+07 2.0010e+07  0.21%   255 2248s
 10484  4549 2.0038e+07  408  277 2.0053e+07 2.0010e+07  0.21%   255 2252s
 10485  4550 2.0021e+07  121  283 2.0053e+07 2.0010e+07  0.21%   255 2256s
 10487  4551 2.0022e+07  156  271 2.0053e+07 2.0010e+07  0.21%   255 2262s
 10488  4552 2.0044e+07  307  244 2.0053e+07 2.0010e+07  0.21%   255 2265s
 10490  4553 2.0041e+07  413  237 2.0053e+07 2.0010e+07  0.21%   255 2271s
 10492  4555 2.0041e+07   58  229 2.0053e+07 2.0010e+07  0.21%   255 2276s
 10493  4555 2.0029e+07  364  244 2.0053e+07 2.0010e+07  0.21%   255 2280s
 10496  4557 2.0039e+07  267  247 2.0053e+07 2.0010e+07  0.21%   255 2287s
 10497  4558 2.0043e+07  136  248 2.0053e+07 2.0010e+07  0.21%   255 2290s
 10500  4560 2.0019e+07   53  251 2.0053e+07 2.0010e+07  0.21%   255 2296s
 10503  4562 2.0025e+07   59  242 2.0053e+07 2.0010e+07  0.21%   255 2301s
 10506  4564 2.0037e+07  357  288 2.0053e+07 2.0010e+07  0.21%   255 2306s
 10508  4565 2.0050e+07  181  256 2.0053e+07 2.0010e+07  0.21%   255 2312s
 10510  4567 2.0030e+07  305  243 2.0053e+07 2.0010e+07  0.21%   255 2318s
 10511  4567 2.0022e+07   52  244 2.0053e+07 2.0010e+07  0.21%   255 2322s
 10513  4569 2.0018e+07   75  251 2.0053e+07 2.0010e+07  0.21%   254 2326s
 10515  4570 2.0040e+07  280  233 2.0053e+07 2.0010e+07  0.21%   254 2330s
 10518  4572 2.0028e+07  261  231 2.0053e+07 2.0010e+07  0.21%   254 2336s
 10521  4574 2.0043e+07  302  254 2.0053e+07 2.0010e+07  0.21%   254 2340s
 10523  4575 2.0052e+07  399  231 2.0053e+07 2.0010e+07  0.21%   254 2345s
 10527  4578 2.0032e+07  424  265 2.0053e+07 2.0010e+07  0.21%   254 2352s
 10529  4579 2.0040e+07  162  246 2.0053e+07 2.0010e+07  0.21%   254 2355s
 10533  4582 2.0031e+07  341  258 2.0053e+07 2.0010e+07  0.21%   254 2361s
 10537  4585 2.0050e+07  116  240 2.0053e+07 2.0010e+07  0.21%   254 2366s
 10540  4587 2.0050e+07  122  235 2.0053e+07 2.0011e+07  0.21%   254 2372s
 10542  4588 2.0048e+07  112  250 2.0053e+07 2.0012e+07  0.20%   254 2376s
 10545  4590 2.0034e+07   35  234 2.0053e+07 2.0012e+07  0.20%   254 2395s
 10550  4593 2.0020e+07   96  242 2.0053e+07 2.0013e+07  0.20%   254 2400s
 10553  4595 2.0047e+07  298  229 2.0053e+07 2.0013e+07  0.20%   254 2405s
 10556  4597 2.0024e+07  211  255 2.0053e+07 2.0014e+07  0.19%   253 2410s
 10559  4599 2.0024e+07   51  247 2.0053e+07 2.0014e+07  0.19%   253 2416s
 10561  4601 2.0030e+07  426  240 2.0053e+07 2.0015e+07  0.19%   253 2420s
 10565  4603 2.0024e+07  111  254 2.0053e+07 2.0015e+07  0.19%   253 2427s
 10567  4605 2.0049e+07  320  253 2.0053e+07 2.0015e+07  0.19%   253 2433s
 10569  4606 2.0032e+07  232  231 2.0053e+07 2.0015e+07  0.19%   253 2435s
 10570  4607 2.0026e+07  159  257 2.0053e+07 2.0015e+07  0.19%   253 2441s
 10572  4608 2.0016e+07   27  232 2.0053e+07 2.0016e+07  0.18%   253 2445s
 10576  4611 2.0048e+07  138  254 2.0053e+07 2.0016e+07  0.18%   253 2450s
 10579  4613 2.0042e+07  379  243 2.0053e+07 2.0017e+07  0.18%   253 2455s
 10581  4614 2.0030e+07  338  242 2.0053e+07 2.0017e+07  0.18%   253 2460s
 10587  4618 2.0022e+07  156  243 2.0053e+07 2.0017e+07  0.18%   253 2466s
 10589  4619 2.0051e+07   71  237 2.0053e+07 2.0018e+07  0.18%   253 2471s
 10591  4621 2.0036e+07  129  235 2.0053e+07 2.0018e+07  0.17%   253 2512s
 10593  4622 2.0029e+07  364  233 2.0053e+07 2.0018e+07  0.17%   253 2516s
 10596  4624 2.0039e+07  267  242 2.0053e+07 2.0018e+07  0.17%   252 2520s
 10599  4626 2.0050e+07  118  248 2.0053e+07 2.0018e+07  0.17%   252 2525s
 10602  4628 2.0024e+07   46  255 2.0053e+07 2.0018e+07  0.17%   252 2530s
 10606  4631 2.0037e+07  357  253 2.0053e+07 2.0018e+07  0.17%   252 2536s
 10610  4633 2.0030e+07  305  249 2.0053e+07 2.0019e+07  0.17%   252 2542s
 10612  4635 2.0041e+07  158  255 2.0053e+07 2.0019e+07  0.17%   252 2545s
 10616  4637 2.0031e+07  347  267 2.0053e+07 2.0019e+07  0.17%   252 2551s
 10617  4638 2.0036e+07  386  266 2.0053e+07 2.0019e+07  0.17%   252 2555s
 10618  4639 2.0028e+07  261  266 2.0053e+07 2.0019e+07  0.17%   252 2578s
 10620  4640 2.0019e+07   34  273 2.0053e+07 2.0019e+07  0.17%   269 2580s
 10624  4645 2.0019e+07   36  261 2.0053e+07 2.0019e+07  0.17%   269 2585s
 10641  4651 2.0019e+07   39  241 2.0053e+07 2.0019e+07  0.17%   269 2590s
 10651  4658 2.0019e+07   41  237 2.0053e+07 2.0019e+07  0.17%   270 2595s
 10663  4663 2.0019e+07   42  227 2.0053e+07 2.0019e+07  0.17%   270 2600s
 10675  4664     cutoff   43      2.0053e+07 2.0019e+07  0.17%   270 2607s
 10682  4662     cutoff   44      2.0053e+07 2.0019e+07  0.17%   270 2613s
 10689  4661     cutoff   45      2.0053e+07 2.0019e+07  0.17%   270 2617s
 10696  4659     cutoff   46      2.0053e+07 2.0019e+07  0.17%   270 2622s
 10704  4658     cutoff   47      2.0053e+07 2.0019e+07  0.17%   271 2627s
 10716  4659     cutoff   51      2.0053e+07 2.0019e+07  0.17%   271 2633s
 10727  4657 2.0019e+07   54  232 2.0053e+07 2.0019e+07  0.17%   271 2639s
 10739  4669 2.0022e+07   56  224 2.0053e+07 2.0019e+07  0.17%   272 2647s
 10762  4687 2.0019e+07   59  196 2.0053e+07 2.0019e+07  0.17%   272 2656s
 10790  4680 2.0020e+07   62  230 2.0053e+07 2.0019e+07  0.17%   273 2666s
 10794  4689 2.0022e+07   62  210 2.0053e+07 2.0019e+07  0.17%   273 2676s
 10812  4708 2.0020e+07   63  233 2.0053e+07 2.0019e+07  0.17%   274 2688s
 10862  4728 2.0023e+07   72  207 2.0053e+07 2.0019e+07  0.17%   275 2701s
 10920  4732 2.0021e+07   82  201 2.0053e+07 2.0019e+07  0.17%   276 2711s
 10960  4731 2.0021e+07   86  211 2.0053e+07 2.0019e+07  0.17%   278 2718s
 11001  4729 2.0021e+07   93  208 2.0053e+07 2.0019e+07  0.17%   279 2726s
 11056  4715     cutoff  101      2.0053e+07 2.0019e+07  0.17%   280 2733s
 11109  4704     cutoff  111      2.0053e+07 2.0019e+07  0.17%   280 2740s
 11160  4690 2.0023e+07  123  216 2.0053e+07 2.0019e+07  0.17%   280 2747s
 11194  4685     cutoff  129      2.0053e+07 2.0019e+07  0.17%   280 2754s
 11242  4676 2.0024e+07  141  220 2.0053e+07 2.0019e+07  0.17%   280 2760s
 11283  4673 2.0024e+07  151  199 2.0053e+07 2.0019e+07  0.17%   280 2767s
 11308  4674 2.0024e+07  154  171 2.0053e+07 2.0019e+07  0.17%   281 2774s
 11346  4682 2.0024e+07  164  187 2.0053e+07 2.0019e+07  0.17%   281 2780s
 11386  4676 2.0025e+07  171  202 2.0053e+07 2.0019e+07  0.17%   281 2788s
 11435  4665     cutoff  177      2.0053e+07 2.0019e+07  0.17%   281 2795s
 11472  4665 2.0027e+07  189  184 2.0053e+07 2.0019e+07  0.17%   281 2802s
 11532  4649 2.0027e+07  205  174 2.0053e+07 2.0019e+07  0.17%   281 2811s
 11541  4664 2.0028e+07  208  169 2.0053e+07 2.0019e+07  0.17%   281 2819s
H11570  4411                    2.005075e+07 2.0019e+07  0.16%   281 2819s
 11591  4426 2.0028e+07  219  175 2.0051e+07 2.0019e+07  0.16%   281 2827s
H11592  4204                    2.005071e+07 2.0019e+07  0.16%   281 2827s
 11621  4214 2.0028e+07  224  163 2.0051e+07 2.0019e+07  0.16%   282 2836s
 11686  4223 2.0029e+07  240  167 2.0051e+07 2.0019e+07  0.16%   282 2844s
H11699  4006                    2.005070e+07 2.0019e+07  0.16%   282 2844s
 11735  4016 2.0038e+07  249  175 2.0051e+07 2.0019e+07  0.16%   283 2853s
 11794  4015 2.0030e+07  260  147 2.0051e+07 2.0019e+07  0.16%   283 2863s
 11853  4015 2.0030e+07  266  142 2.0051e+07 2.0019e+07  0.16%   283 2872s
 11907  4024 2.0030e+07  273  148 2.0051e+07 2.0019e+07  0.16%   284 2883s
 11962  4042 2.0030e+07  287  134 2.0051e+07 2.0019e+07  0.16%   284 2893s
 12035  4019 2.0031e+07  301  140 2.0051e+07 2.0019e+07  0.16%   285 2904s
H12041  3816                    2.005067e+07 2.0019e+07  0.16%   285 2904s
 12043  3857 2.0050e+07  303  169 2.0051e+07 2.0019e+07  0.16%   285 2915s
 12138  3864 2.0031e+07  316  127 2.0051e+07 2.0019e+07  0.16%   286 2925s
 12227  3875 2.0031e+07  331  114 2.0051e+07 2.0019e+07  0.16%   286 2937s
 12342  3890 2.0034e+07  348  109 2.0051e+07 2.0019e+07  0.16%   286 2949s
H12464  3705                    2.005067e+07 2.0019e+07  0.16%   286 2961s
 12572  3734 2.0035e+07  382  132 2.0051e+07 2.0019e+07  0.16%   286 2974s
H12667  3522                    2.005067e+07 2.0019e+07  0.16%   285 2974s
 12703  3567 2.0037e+07  406  115 2.0051e+07 2.0019e+07  0.16%   285 2987s
 12818  3587 2.0039e+07  435  128 2.0051e+07 2.0019e+07  0.16%   285 3000s
 12969  3585 2.0046e+07  472  107 2.0051e+07 2.0019e+07  0.16%   285 3016s
 13084  3574 2.0019e+07   44  199 2.0051e+07 2.0019e+07  0.16%   284 3031s
 13169  3584 2.0020e+07   46  209 2.0051e+07 2.0019e+07  0.16%   284 3046s
 13314  3575 2.0020e+07   57  212 2.0051e+07 2.0019e+07  0.16%   283 3061s
 13474  3572     cutoff   74      2.0051e+07 2.0019e+07  0.16%   283 3077s
 13704  3560 2.0022e+07   94  212 2.0051e+07 2.0019e+07  0.16%   280 3094s
 13938  3494 2.0029e+07  127  197 2.0051e+07 2.0019e+07  0.16%   279 3111s
 13996  3515 2.0023e+07  136  191 2.0051e+07 2.0019e+07  0.16%   279 3128s
 14121  3563 2.0025e+07  143  207 2.0051e+07 2.0019e+07  0.16%   279 3147s
 14435  3572     cutoff  161      2.0051e+07 2.0019e+07  0.16%   277 3166s
 14732  3534 2.0028e+07  181  195 2.0051e+07 2.0019e+07  0.16%   276 3186s
 14905  3649 2.0030e+07  206  199 2.0051e+07 2.0019e+07  0.16%   276 3206s
 15167  3770 2.0034e+07  245  169 2.0051e+07 2.0019e+07  0.16%   276 3226s
 15458  4013     cutoff  280      2.0051e+07 2.0019e+07  0.16%   276 3248s
 15992  4068 2.0037e+07  356  131 2.0051e+07 2.0019e+07  0.16%   272 3270s
 16488  4193 2.0044e+07  425  108 2.0051e+07 2.0019e+07  0.16%   269 3292s
 16970  4085 2.0022e+07   94  229 2.0051e+07 2.0019e+07  0.16%   267 3327s
 17161  4534 2.0022e+07   95  224 2.0051e+07 2.0019e+07  0.16%   266 3350s
 17860  4675 2.0032e+07  210  173 2.0051e+07 2.0019e+07  0.16%   260 3374s
 18426  5005 2.0041e+07  343  125 2.0051e+07 2.0019e+07  0.16%   256 3399s
 19154  5152 2.0045e+07  198  160 2.0051e+07 2.0019e+07  0.16%   252 3425s
 19840  5432 2.0040e+07   63  212 2.0051e+07 2.0019e+07  0.16%   248 3451s
 20494  5667 2.0027e+07   95  189 2.0051e+07 2.0019e+07  0.16%   244 3478s
 21112  5563 2.0041e+07  231 2660 2.0051e+07 2.0019e+07  0.16%   241 3532s
 21114  5564 2.0043e+07  169  296 2.0051e+07 2.0019e+07  0.16%   241 3539s
 21115  5565 2.0036e+07  332  291 2.0051e+07 2.0019e+07  0.16%   241 3553s
 21116  5566 2.0035e+07  314  325 2.0051e+07 2.0019e+07  0.16%   241 3561s
 21117  5566 2.0042e+07  311  326 2.0051e+07 2.0019e+07  0.16%   241 3568s
 21118  5567 2.0042e+07  185  279 2.0051e+07 2.0019e+07  0.16%   241 3574s
 21119  5568 2.0047e+07  493  295 2.0051e+07 2.0019e+07  0.16%   241 3578s
 21120  5568 2.0038e+07  335  296 2.0051e+07 2.0019e+07  0.16%   241 3581s
 21121  5569 2.0041e+07  118  280 2.0051e+07 2.0019e+07  0.16%   241 3586s
 21123  5570 2.0036e+07  259  241 2.0051e+07 2.0019e+07  0.16%   241 3591s
 21125  5572 2.0039e+07  317  258 2.0051e+07 2.0019e+07  0.16%   241 3596s
 21127  5573 2.0050e+07  206  252 2.0051e+07 2.0019e+07  0.16%   240 3600s
 21130  5575 2.0038e+07  411  233 2.0051e+07 2.0019e+07  0.16%   240 3607s
 21132  5576 2.0046e+07  352  242 2.0051e+07 2.0019e+07  0.16%   240 3610s
 21135  5578 2.0039e+07   94  239 2.0051e+07 2.0019e+07  0.16%   240 3616s
 21138  5580 2.0040e+07  243  228 2.0051e+07 2.0019e+07  0.16%   240 3622s
 21140  5582 2.0038e+07  304  234 2.0051e+07 2.0019e+07  0.16%   240 3626s
 21143  5584 2.0031e+07   69  252 2.0051e+07 2.0019e+07  0.16%   240 3630s
 21146  5586 2.0040e+07  112  253 2.0051e+07 2.0019e+07  0.16%   240 3636s
 21149  5588 2.0027e+07  105  241 2.0051e+07 2.0019e+07  0.16%   240 3640s
 21153  5590 2.0048e+07  267  243 2.0051e+07 2.0019e+07  0.16%   240 3645s
 21158  5594 2.0045e+07  153  250 2.0051e+07 2.0019e+07  0.16%   240 3650s
 21163  5597 2.0030e+07  255  233 2.0051e+07 2.0019e+07  0.16%   240 3655s
 21167  5600 2.0037e+07  226  234 2.0051e+07 2.0019e+07  0.16%   240 3660s
 21172  5603 2.0038e+07  271  221 2.0051e+07 2.0019e+07  0.16%   240 3665s
 21177  5606 2.0030e+07   71  252 2.0051e+07 2.0019e+07  0.16%   240 3670s
 21187  5613 2.0048e+07   71  242 2.0051e+07 2.0019e+07  0.16%   240 3675s
 21191  5616 2.0036e+07  263  245 2.0051e+07 2.0019e+07  0.16%   240 3680s
 21193  5617 2.0029e+07  277  249 2.0051e+07 2.0019e+07  0.16%   240 3699s
 21194  5618 2.0041e+07  245  249 2.0051e+07 2.0019e+07  0.16%   240 3700s
 21197  5620 2.0033e+07  324  266 2.0051e+07 2.0019e+07  0.16%   240 3705s
 21200  5622 2.0038e+07  138  255 2.0051e+07 2.0019e+07  0.16%   240 3712s
 21205  5625 2.0040e+07  328  247 2.0051e+07 2.0019e+07  0.16%   240 3715s
 21208  5627 2.0035e+07  169  239 2.0051e+07 2.0020e+07  0.16%   240 3720s
 21214  5631 2.0043e+07  169  245 2.0051e+07 2.0020e+07  0.15%   240 3725s
 21216  5632 2.0035e+07  314  242 2.0051e+07 2.0021e+07  0.15%   239 3740s
 21220  5635 2.0038e+07  335  259 2.0051e+07 2.0021e+07  0.15%   239 3745s
 21226  5639 2.0046e+07  459  241 2.0051e+07 2.0021e+07  0.15%   239 3751s
 21230  5642 2.0038e+07  411  246 2.0051e+07 2.0022e+07  0.14%   239 3755s
 21235  5645 2.0039e+07   94  223 2.0051e+07 2.0022e+07  0.14%   239 3761s
 21238  5647 2.0040e+07  243  246 2.0051e+07 2.0022e+07  0.14%   239 3765s
 21243  5650 2.0031e+07   69  237 2.0051e+07 2.0022e+07  0.14%   239 3770s
 21245  5652 2.0036e+07  375  237 2.0051e+07 2.0022e+07  0.14%   239 3789s
 21246  5655 2.0022e+07   43  226 2.0051e+07 2.0022e+07  0.14%   247 3790s
 21256  5664 2.0022e+07   46  248 2.0051e+07 2.0022e+07  0.14%   247 3795s
 21277  5667     cutoff   49      2.0051e+07 2.0022e+07  0.14%   248 3800s
 21305  5664 2.0023e+07   54  244 2.0051e+07 2.0022e+07  0.14%   248 3806s
 21315  5665 2.0025e+07   55  217 2.0051e+07 2.0022e+07  0.14%   248 3813s
 21320  5668 2.0023e+07   56  244 2.0051e+07 2.0022e+07  0.14%   248 3817s
 21324  5667     cutoff   56      2.0051e+07 2.0022e+07  0.14%   248 3821s
 21331  5670 2.0023e+07   57  231 2.0051e+07 2.0022e+07  0.14%   248 3827s
 21348  5679 2.0023e+07   60  230 2.0051e+07 2.0022e+07  0.14%   248 3834s
 21384  5675     cutoff   67      2.0051e+07 2.0022e+07  0.14%   248 3841s
 21407  5690 2.0023e+07   71  185 2.0051e+07 2.0022e+07  0.14%   249 3849s
 21469  5698 2.0024e+07   78  190 2.0051e+07 2.0022e+07  0.14%   249 3857s
 21523  5704 2.0024e+07   84  189 2.0051e+07 2.0022e+07  0.14%   250 3866s
 21598  5719 2.0042e+07   98  183 2.0051e+07 2.0022e+07  0.14%   250 3877s
 21682  5721 2.0034e+07  119  165 2.0051e+07 2.0022e+07  0.14%   250 3887s
H21694  5432                    2.005067e+07 2.0022e+07  0.14%   250 3887s
 21732  5453 2.0035e+07  130  170 2.0051e+07 2.0022e+07  0.14%   251 3898s
 21837  5455 2.0035e+07  150  164 2.0051e+07 2.0022e+07  0.14%   251 3909s
 21926  5455 2.0038e+07  158  138 2.0051e+07 2.0022e+07  0.14%   252 3920s
 21988  5463 2.0036e+07  166  179 2.0051e+07 2.0022e+07  0.14%   252 3930s
H22029  5214                    2.005067e+07 2.0022e+07  0.14%   253 3941s
H22055  4949                    2.005067e+07 2.0022e+07  0.14%   253 3941s
 22092  4978 2.0050e+07  180  147 2.0051e+07 2.0022e+07  0.14%   253 3951s
 22189  4975 2.0039e+07  188  166 2.0051e+07 2.0022e+07  0.14%   254 3961s
H22221  4703                    2.004894e+07 2.0022e+07  0.13%   254 3961s
 22273  4737 2.0040e+07  198  171 2.0049e+07 2.0022e+07  0.13%   254 3971s
 22367  4746 2.0045e+07  207  161 2.0049e+07 2.0022e+07  0.13%   255 3980s
H22387  4507                    2.004894e+07 2.0022e+07  0.13%   255 3980s
 22423  4555 2.0044e+07  214  116 2.0049e+07 2.0022e+07  0.13%   255 3990s
 22508  4529 2.0044e+07  226  145 2.0049e+07 2.0022e+07  0.13%   256 4000s
H22509  4308                    2.004890e+07 2.0022e+07  0.13%   256 4000s
 22512  4354 2.0044e+07  226  143 2.0049e+07 2.0022e+07  0.13%   256 4010s
 22607  4353 2.0045e+07  243  149 2.0049e+07 2.0022e+07  0.13%   256 4019s
 22650  4347 2.0047e+07  250  117 2.0049e+07 2.0022e+07  0.13%   256 4029s
 22673  4364 2.0045e+07  251  120 2.0049e+07 2.0022e+07  0.13%   256 4038s
 22737  4393 2.0045e+07  266  126 2.0049e+07 2.0022e+07  0.13%   257 4047s
 22843  4396 2.0045e+07  288  120 2.0049e+07 2.0022e+07  0.13%   257 4056s
H22884  4172                    2.004890e+07 2.0022e+07  0.13%   257 4056s
 22929  4182 2.0047e+07  301  120 2.0049e+07 2.0022e+07  0.13%   257 4065s
 23014  4197 2.0047e+07  323  136 2.0049e+07 2.0022e+07  0.13%   257 4074s
 23126  4194 2.0048e+07  352  127 2.0049e+07 2.0023e+07  0.13%   257 4085s
 23225  4192 2.0023e+07   54  217 2.0049e+07 2.0023e+07  0.13%   258 4095s
 23339  4186 2.0024e+07   64  220 2.0049e+07 2.0023e+07  0.13%   258 4107s
 23476  4174 2.0024e+07   74  228 2.0049e+07 2.0023e+07  0.13%   258 4118s
 23603  4187     cutoff   88      2.0049e+07 2.0023e+07  0.13%   258 4131s
 23717  4202 2.0024e+07  104  187 2.0049e+07 2.0023e+07  0.13%   258 4144s
 23847  4214 2.0026e+07  126  178 2.0049e+07 2.0023e+07  0.13%   259 4159s
 23998  4231 2.0027e+07  140  170 2.0049e+07 2.0023e+07  0.13%   259 4174s
 24151  4248     cutoff  160      2.0049e+07 2.0023e+07  0.13%   260 4188s
 24313  4251     cutoff  188      2.0049e+07 2.0023e+07  0.13%   260 4203s
 24491  4240 2.0035e+07  214  152 2.0049e+07 2.0023e+07  0.13%   260 4218s
 24777  4218 2.0041e+07  248  136 2.0049e+07 2.0023e+07  0.13%   259 4234s
 25001  4298     cutoff  324      2.0049e+07 2.0023e+07  0.13%   258 4250s
 25221  4424 2.0023e+07   87  208 2.0049e+07 2.0023e+07  0.13%   257 4272s
 25482  4506 2.0031e+07  109  190 2.0049e+07 2.0023e+07  0.13%   256 4289s
 25779  4525 2.0037e+07  142  188 2.0049e+07 2.0023e+07  0.13%   254 4306s
 26055  4919 2.0026e+07  121  164 2.0049e+07 2.0023e+07  0.13%   253 4325s
 26786  5063 2.0033e+07  273  109 2.0049e+07 2.0023e+07  0.13%   249 4343s
 27655  5189 2.0043e+07  102  138 2.0049e+07 2.0023e+07  0.13%   244 4361s
 28323  5342 2.0044e+07   77  185 2.0049e+07 2.0023e+07  0.13%   241 4378s
 29039  5463 2.0029e+07   84  175 2.0049e+07 2.0023e+07  0.13%   238 4397s
 29602  5588 2.0035e+07  119  184 2.0049e+07 2.0023e+07  0.13%   236 4415s
 30232  5777 2.0046e+07  106  147 2.0049e+07 2.0023e+07  0.13%   234 4434s
 30819  5777 2.0048e+07  206  144 2.0049e+07 2.0023e+07  0.13%   232 4454s
 31039  6164 2.0039e+07  127  181 2.0049e+07 2.0023e+07  0.13%   231 4475s
 31775  5920 2.0047e+07  156 2509 2.0049e+07 2.0023e+07  0.13%   229 4519s
 31777  5921 2.0034e+07  182  263 2.0049e+07 2.0023e+07  0.13%   229 4529s
 31778  5922 2.0032e+07  109  303 2.0049e+07 2.0023e+07  0.13%   229 4542s
 31779  5923 2.0045e+07  210  300 2.0049e+07 2.0023e+07  0.13%   229 4547s
 31780  5923 2.0031e+07  196  307 2.0049e+07 2.0023e+07  0.13%   229 4550s
 31782  5925 2.0046e+07  234  299 2.0049e+07 2.0023e+07  0.13%   229 4556s
 31784  5926 2.0042e+07  303  292 2.0049e+07 2.0023e+07  0.13%   229 4562s
 31785  5927 2.0046e+07  133  242 2.0049e+07 2.0023e+07  0.13%   228 4565s
 31788  5929 2.0047e+07  276  240 2.0049e+07 2.0023e+07  0.13%   228 4570s
 31791  5931 2.0027e+07  116  251 2.0049e+07 2.0023e+07  0.13%   228 4575s
 31794  5933 2.0047e+07  321  238 2.0049e+07 2.0023e+07  0.13%   228 4582s
 31796  5934 2.0026e+07   71  254 2.0049e+07 2.0023e+07  0.13%   228 4586s
 31798  5935 2.0027e+07  122  229 2.0049e+07 2.0023e+07  0.13%   228 4590s
 31802  5938 2.0027e+07  106  233 2.0049e+07 2.0023e+07  0.13%   228 4596s
 31805  5940 2.0041e+07  295  232 2.0049e+07 2.0023e+07  0.13%   228 4601s
 31808  5942 2.0045e+07  142  248 2.0049e+07 2.0023e+07  0.13%   228 4606s
 31813  5945 2.0029e+07  173  245 2.0049e+07 2.0023e+07  0.13%   228 4611s
 31817  5948 2.0045e+07  144  240 2.0049e+07 2.0023e+07  0.13%   228 4615s
 31824  5953 2.0027e+07  146  263 2.0049e+07 2.0023e+07  0.13%   228 4620s
 31829  5956 2.0037e+07  327  239 2.0049e+07 2.0023e+07  0.13%   228 4625s
 31834  5959 2.0023e+07   68  229 2.0049e+07 2.0023e+07  0.13%   228 4630s
 31844  5966 2.0038e+07   87  246 2.0049e+07 2.0023e+07  0.13%   228 4635s
 31858  5975 2.0045e+07  247  244 2.0049e+07 2.0023e+07  0.13%   228 4640s
 31868  5982 2.0026e+07   80  257 2.0049e+07 2.0023e+07  0.13%   228 4646s
 31872  5985 2.0027e+07   95  258 2.0049e+07 2.0023e+07  0.13%   228 4650s
 31877  5988 2.0034e+07  182  244 2.0049e+07 2.0023e+07  0.13%   228 4659s
 31879  5989 2.0045e+07  210  238 2.0049e+07 2.0023e+07  0.13%   228 4660s
 31881  5991 2.0041e+07   76  232 2.0049e+07 2.0023e+07  0.13%   228 4677s
 31882  5994 2.0023e+07   56  217 2.0049e+07 2.0023e+07  0.13%   233 4691s
 31892  6026 2.0023e+07   59  243 2.0049e+07 2.0023e+07  0.13%   233 4699s
 31919  6053 2.0023e+07   63  234 2.0049e+07 2.0023e+07  0.13%   233 4706s
 31971  6039     cutoff   68      2.0049e+07 2.0023e+07  0.13%   233 4714s
 31976  6070 2.0027e+07   69  222 2.0049e+07 2.0023e+07  0.13%   233 4723s
 32020  6115 2.0027e+07   74  205 2.0049e+07 2.0023e+07  0.13%   233 4736s
 32091  6137 2.0024e+07   85  186 2.0049e+07 2.0023e+07  0.13%   234 4749s
 32180  6139 2.0025e+07  101  170 2.0049e+07 2.0023e+07  0.13%   235 4762s
H32209  5827                    2.004890e+07 2.0023e+07  0.13%   236 4762s
 32242  5858 2.0032e+07  107  176 2.0049e+07 2.0023e+07  0.13%   236 4776s
H32295  5555                    2.004890e+07 2.0023e+07  0.13%   236 4776s
 32352  5548     cutoff  117      2.0049e+07 2.0023e+07  0.13%   237 4788s
 32382  5579 2.0026e+07  125  219 2.0049e+07 2.0023e+07  0.13%   237 4801s
 32478  5582 2.0038e+07  136  213 2.0049e+07 2.0023e+07  0.13%   237 4814s
 32560  5567 2.0045e+07  143  194 2.0049e+07 2.0023e+07  0.13%   238 4827s
 32608  5587 2.0023e+07   64  224 2.0049e+07 2.0023e+07  0.13%   238 4841s
 32754  5576 2.0023e+07   73  227 2.0049e+07 2.0023e+07  0.13%   238 4853s
 32845  5577 2.0027e+07   80  209 2.0049e+07 2.0023e+07  0.13%   239 4866s
 32912  5602 2.0026e+07   87  230 2.0049e+07 2.0023e+07  0.13%   239 4880s
 32997  5606 2.0043e+07   94  212 2.0049e+07 2.0023e+07  0.13%   240 4893s
 33088  5642 2.0031e+07   99  194 2.0049e+07 2.0023e+07  0.13%   240 4907s
 33209  5658 2.0033e+07  113  155 2.0049e+07 2.0023e+07  0.13%   240 4920s
 33300  5706     cutoff  127      2.0049e+07 2.0023e+07  0.13%   240 4933s
 33416  5717 2.0038e+07  139  127 2.0049e+07 2.0023e+07  0.13%   241 4945s
 33501  5742 2.0036e+07  148  151 2.0049e+07 2.0023e+07  0.13%   241 4958s
 33569  5772 2.0036e+07  149  154 2.0049e+07 2.0023e+07  0.13%   241 4971s
 33685  5809 2.0036e+07  161  158 2.0049e+07 2.0023e+07  0.13%   241 4983s
 33829  5817 2.0037e+07  180  148 2.0049e+07 2.0023e+07  0.13%   241 4995s
 33983  5768 2.0037e+07  207  132 2.0049e+07 2.0023e+07  0.13%   241 5010s
 33988  5851 2.0037e+07  208  141 2.0049e+07 2.0023e+07  0.13%   241 5023s
 34100  5910 2.0038e+07  229  120 2.0049e+07 2.0023e+07  0.13%   241 5035s
 34239  5930 2.0037e+07  252  121 2.0049e+07 2.0023e+07  0.13%   241 5047s
 34388  5945 2.0038e+07  275  139 2.0049e+07 2.0023e+07  0.13%   241 5061s
 34496  5914 2.0043e+07  291  135 2.0049e+07 2.0023e+07  0.13%   241 5074s
 34518  5968 2.0038e+07  292  147 2.0049e+07 2.0023e+07  0.13%   241 5088s
H34581  5675                    2.004890e+07 2.0023e+07  0.13%   241 5088s
H34625  5402                    2.004890e+07 2.0023e+07  0.13%   241 5088s
 34693  5476 2.0039e+07  311  132 2.0049e+07 2.0023e+07  0.13%   240 5102s
 34911  5465 2.0042e+07  352  140 2.0049e+07 2.0023e+07  0.13%   240 5117s
 35182  5379 2.0023e+07   61  210 2.0049e+07 2.0023e+07  0.13%   239 5148s
 35203  5512 2.0023e+07   62  209 2.0049e+07 2.0023e+07  0.13%   239 5163s
 35384  5581 2.0030e+07  110  182 2.0049e+07 2.0023e+07  0.13%   239 5180s
 35683  5591 2.0035e+07  179  135 2.0049e+07 2.0023e+07  0.13%   238 5197s
 35957  5646 2.0043e+07  260   73 2.0049e+07 2.0023e+07  0.13%   237 5214s
 36287  5803 2.0040e+07  110  166 2.0049e+07 2.0023e+07  0.13%   237 5232s
 36786  5842 2.0032e+07  153  131 2.0049e+07 2.0023e+07  0.13%   236 5249s
 37219  5948 2.0028e+07   69  173 2.0049e+07 2.0023e+07  0.13%   235 5267s
 37772  6116 2.0041e+07  133  169 2.0049e+07 2.0023e+07  0.13%   233 5285s
 38389  6316 2.0027e+07  134  128 2.0049e+07 2.0023e+07  0.13%   231 5303s
 38931  6418 2.0033e+07  264  101 2.0049e+07 2.0023e+07  0.13%   230 5322s
 39647  6411 2.0027e+07   78  175 2.0049e+07 2.0023e+07  0.13%   228 5341s
 40026  6655 2.0031e+07  143  119 2.0049e+07 2.0023e+07  0.13%   228 5361s
 40759  6848 2.0036e+07  226  103 2.0049e+07 2.0023e+07  0.13%   227 5382s
 41478  7103 2.0034e+07   73  208 2.0049e+07 2.0023e+07  0.13%   225 5403s
 42249  6948 2.0033e+07  124  177 2.0049e+07 2.0023e+07  0.13%   223 5437s
 42387  8679 2.0036e+07  162  145 2.0049e+07 2.0023e+07  0.13%   224 5515s
 44929  8255 2.0025e+07   89  194 2.0049e+07 2.0023e+07  0.13%   220 5530s
 45496  8421 2.0028e+07  196  144 2.0049e+07 2.0023e+07  0.13%   218 5543s
H45982  8439                    2.004890e+07 2.0023e+07  0.13%   217 5556s
 46502  8719 2.0039e+07  435  123 2.0049e+07 2.0023e+07  0.13%   216 5569s
 46913  9140 2.0038e+07  128  166 2.0049e+07 2.0023e+07  0.13%   215 5582s
 47439  9474 2.0025e+07   77  197 2.0049e+07 2.0023e+07  0.13%   214 5594s
 47893  9744 2.0031e+07  176  180 2.0049e+07 2.0023e+07  0.13%   214 5606s
 48228 10048 2.0034e+07  300  154 2.0049e+07 2.0023e+07  0.13%   213 5619s
 48629 10469 2.0035e+07   65  197 2.0049e+07 2.0023e+07  0.13%   213 5631s
 49159 10811 2.0032e+07  198  122 2.0049e+07 2.0023e+07  0.13%   212 5644s
 49735 11024 2.0028e+07   68  217 2.0049e+07 2.0023e+07  0.13%   211 5656s
 50084 11362 2.0025e+07   64  215 2.0049e+07 2.0023e+07  0.13%   211 5668s
 50553 11568 2.0037e+07  195  122 2.0049e+07 2.0023e+07  0.13%   210 5679s
 50857 11967 2.0047e+07  112  190 2.0049e+07 2.0023e+07  0.13%   210 5691s
 51370 12314 2.0027e+07  145  151 2.0049e+07 2.0023e+07  0.13%   209 5703s
 51754 12627 2.0030e+07  191  121 2.0049e+07 2.0023e+07  0.13%   209 5715s
 52336 12777 2.0034e+07  297  116 2.0049e+07 2.0023e+07  0.13%   207 5727s
 52675 12778 2.0045e+07  296 2431 2.0049e+07 2.0023e+07  0.13%   207 5944s
 52677 12779 2.0040e+07  327  260 2.0049e+07 2.0023e+07  0.13%   207 5950s
 52678 12780 2.0031e+07  192  306 2.0049e+07 2.0023e+07  0.13%   207 5963s
 52679 12781 2.0029e+07   78  269 2.0049e+07 2.0023e+07  0.13%   207 5966s
 52681 12782 2.0028e+07  175  308 2.0049e+07 2.0023e+07  0.13%   207 5972s
 52682 12783 2.0047e+07  296  291 2.0049e+07 2.0023e+07  0.13%   207 5976s
 52684 12784 2.0025e+07   80  262 2.0049e+07 2.0023e+07  0.13%   207 5980s
 52687 12786 2.0043e+07  156  276 2.0049e+07 2.0023e+07  0.13%   207 5986s
 52689 12787 2.0027e+07  134  253 2.0049e+07 2.0023e+07  0.13%   207 5990s
 52692 12789 2.0027e+07   93  222 2.0049e+07 2.0023e+07  0.13%   207 5996s
 52695 12791 2.0024e+07   81  262 2.0049e+07 2.0023e+07  0.13%   207 6000s
 52698 12793 2.0040e+07  241  224 2.0049e+07 2.0023e+07  0.13%   207 6005s
 52703 12797 2.0028e+07   83  264 2.0049e+07 2.0023e+07  0.13%   207 6010s
 52707 12799 2.0038e+07  214  228 2.0049e+07 2.0023e+07  0.13%   207 6015s
 52711 12802 2.0048e+07   83  234 2.0049e+07 2.0023e+07  0.13%   207 6020s
 52717 12806 2.0041e+07   92  246 2.0049e+07 2.0023e+07  0.13%   207 6025s
 52724 12811 2.0031e+07  161  254 2.0049e+07 2.0023e+07  0.13%   207 6030s
 52731 12815 2.0030e+07  207  253 2.0049e+07 2.0023e+07  0.13%   207 6035s
 52735 12818 2.0041e+07  350  255 2.0049e+07 2.0023e+07  0.13%   207 6040s
 52743 12823 2.0036e+07  243  230 2.0049e+07 2.0023e+07  0.13%   207 6045s
 52759 12834 2.0040e+07  104  245 2.0049e+07 2.0023e+07  0.13%   207 6050s
 52769 12841 2.0042e+07  108  251 2.0049e+07 2.0023e+07  0.13%   207 6055s
 52771 12842 2.0047e+07  231  262 2.0049e+07 2.0023e+07  0.13%   207 6061s
 52773 12843 2.0039e+07  112  284 2.0049e+07 2.0023e+07  0.13%   207 6067s
 52775 12845 2.0045e+07  296  277 2.0049e+07 2.0023e+07  0.13%   207 6072s
 52777 12846 2.0040e+07  327  260 2.0049e+07 2.0023e+07  0.13%   207 6079s
 52778 12847 2.0031e+07  192  264 2.0049e+07 2.0023e+07  0.13%   207 6083s
 52779 12847 2.0029e+07   78  265 2.0049e+07 2.0023e+07  0.13%   207 6087s
 52780 12848 2.0041e+07   96  269 2.0049e+07 2.0023e+07  0.13%   207 6103s
 52781 12849 2.0028e+07  175  270 2.0049e+07 2.0023e+07  0.13%   207 6114s
 52782 12849 2.0047e+07  296  270 2.0049e+07 2.0023e+07  0.13%   207 6120s
 52783 12850 2.0032e+07  138  271 2.0049e+07 2.0023e+07  0.13%   207 6126s
 52784 12851 2.0025e+07   80  271 2.0049e+07 2.0023e+07  0.13%   207 6134s
 52785 12851 2.0038e+07  196  271 2.0049e+07 2.0023e+07  0.13%   207 6145s
 52786 12852 2.0047e+07  188  267 2.0049e+07 2.0023e+07  0.13%   207 6158s
 52787 12853 2.0043e+07  156  268 2.0049e+07 2.0023e+07  0.13%   207 6164s
 52788 12853 2.0025e+07   86  278 2.0049e+07 2.0023e+07  0.13%   207 6169s
 52789 12854 2.0027e+07  134  269 2.0049e+07 2.0023e+07  0.13%   207 6170s
 52790 12855 2.0037e+07   84  269 2.0049e+07 2.0023e+07  0.13%   207 6175s
 52792 12856 2.0027e+07   93  273 2.0049e+07 2.0023e+07  0.13%   207 6180s
 52794 12857 2.0043e+07  151  263 2.0049e+07 2.0023e+07  0.13%   207 6186s
 52795 12858 2.0024e+07   81  274 2.0049e+07 2.0023e+07  0.13%   207 6191s
 52796 12859 2.0027e+07  121  274 2.0049e+07 2.0023e+07  0.13%   207 6195s
 52798 12860 2.0040e+07  241  279 2.0049e+07 2.0023e+07  0.13%   207 6201s
 52801 12862 2.0033e+07  100  251 2.0049e+07 2.0023e+07  0.13%   207 6206s
 52803 12863 2.0028e+07   83  256 2.0049e+07 2.0023e+07  0.13%   207 6212s
 52805 12865 2.0026e+07  106  261 2.0049e+07 2.0023e+07  0.13%   207 6217s
 52806 12865 2.0038e+07  237  257 2.0049e+07 2.0023e+07  0.13%   207 6223s
 52807 12866 2.0038e+07  214  275 2.0049e+07 2.0023e+07  0.13%   207 6228s
 52808 12867 2.0035e+07   98  269 2.0049e+07 2.0023e+07  0.13%   207 6233s
 52810 12868 2.0029e+07  110  285 2.0049e+07 2.0023e+07  0.13%   207 6239s
 52811 12869 2.0048e+07   83  269 2.0049e+07 2.0023e+07  0.13%   207 6241s
 52812 12869 2.0030e+07  190  279 2.0049e+07 2.0023e+07  0.13%   207 6246s
 52813 12870 2.0031e+07  127  275 2.0049e+07 2.0023e+07  0.13%   207 6264s
 52814 12871 2.0025e+07   74  273 2.0049e+07 2.0023e+07  0.13%   207 6268s
 52815 12871 2.0032e+07  155  271 2.0049e+07 2.0023e+07  0.13%   207 6273s
 52818 12873 2.0048e+07   84  272 2.0049e+07 2.0024e+07  0.13%   207 6278s
 52821 12875 2.0039e+07  416  264 2.0049e+07 2.0024e+07  0.13%   207 6284s
 52822 12876 2.0026e+07   99  262 2.0049e+07 2.0024e+07  0.13%   207 6285s
 52824 12877 2.0031e+07  161  258 2.0049e+07 2.0024e+07  0.13%   207 6290s
 52825 12878 2.0029e+07  106  258 2.0049e+07 2.0024e+07  0.13%   207 6295s
 52826 12879 2.0040e+07  262  262 2.0049e+07 2.0024e+07  0.13%   207 6300s
 52827 12879 2.0028e+07  122  262 2.0049e+07 2.0024e+07  0.13%   207 6305s
 52828 12880 2.0033e+07  134  272 2.0049e+07 2.0024e+07  0.13%   207 6311s
 52829 12881 2.0037e+07  209  272 2.0049e+07 2.0024e+07  0.13%   207 6316s
 52830 12881 2.0042e+07  237  272 2.0049e+07 2.0024e+07  0.13%   207 6322s
 52831 12882 2.0030e+07  207  270 2.0049e+07 2.0024e+07  0.13%   207 6327s
 52832 12883 2.0042e+07  226  266 2.0049e+07 2.0024e+07  0.13%   207 6332s
 52833 12883 2.0034e+07   95  266 2.0049e+07 2.0024e+07  0.13%   207 6338s
 52834 12884 2.0042e+07  206  263 2.0049e+07 2.0024e+07  0.13%   207 6343s
 52835 12885 2.0041e+07  350  263 2.0049e+07 2.0024e+07  0.13%   207 6349s
 52836 12885 2.0035e+07  181  263 2.0049e+07 2.0024e+07  0.13%   207 6365s
 52839 12890 2.0024e+07   71  269 2.0049e+07 2.0024e+07  0.13%   209 6370s
 52863 12901 2.0024e+07   75  232 2.0049e+07 2.0024e+07  0.13%   209 6376s
 52885 12907 2.0027e+07   77  242 2.0049e+07 2.0024e+07  0.13%   209 6381s
 52897 12907 2.0027e+07   78  234 2.0049e+07 2.0024e+07  0.13%   210 6385s
 52901 12908 2.0025e+07   79  248 2.0049e+07 2.0024e+07  0.13%   210 6390s
 52906 12911     cutoff   79      2.0049e+07 2.0024e+07  0.13%   210 6396s
 52919 12923 2.0026e+07   80  224 2.0049e+07 2.0024e+07  0.13%   210 6400s
 52938 12942 2.0026e+07   82  210 2.0049e+07 2.0024e+07  0.13%   210 6405s
 52982 12933     cutoff   86      2.0049e+07 2.0024e+07  0.13%   210 6411s
 52990 12955 2.0032e+07   87  214 2.0049e+07 2.0024e+07  0.13%   210 6416s
 53019 12971 2.0026e+07   88  223 2.0049e+07 2.0024e+07  0.13%   210 6422s
 53063 12968 2.0032e+07   88  210 2.0049e+07 2.0024e+07  0.13%   210 6429s
 53099 12976 2.0040e+07   90  207 2.0049e+07 2.0024e+07  0.13%   210 6435s
 53144 12991 2.0027e+07   95  234 2.0049e+07 2.0024e+07  0.13%   210 6441s
 53189 12983 2.0029e+07   99  213 2.0049e+07 2.0024e+07  0.13%   210 6446s
 53205 13015 2.0029e+07  101  217 2.0049e+07 2.0024e+07  0.13%   210 6452s
 53280 13024 2.0030e+07  107  216 2.0049e+07 2.0024e+07  0.13%   210 6457s
 53346 13028 2.0030e+07  111  211 2.0049e+07 2.0024e+07  0.13%   210 6462s
 53402 13040 2.0031e+07  117  179 2.0049e+07 2.0024e+07  0.13%   210 6466s
 53459 13047 2.0031e+07  125  179 2.0049e+07 2.0024e+07  0.13%   210 6470s
 53537 13088 2.0031e+07  137  190 2.0049e+07 2.0024e+07  0.13%   210 6479s
 53585 13079 2.0032e+07  141  143 2.0049e+07 2.0024e+07  0.13%   210 6483s
 53603 13094 2.0031e+07  142  162 2.0049e+07 2.0024e+07  0.13%   210 6487s
 53656 13093 2.0031e+07  145  156 2.0049e+07 2.0024e+07  0.13%   210 6492s
 53714 13100 2.0032e+07  149  157 2.0049e+07 2.0024e+07  0.13%   210 6496s
 53760 13112 2.0032e+07  154  137 2.0049e+07 2.0024e+07  0.13%   210 6501s
 53813 13116 2.0032e+07  159  151 2.0049e+07 2.0024e+07  0.12%   210 6506s
 53856 13126 2.0041e+07  164  122 2.0049e+07 2.0024e+07  0.12%   210 6511s
 53888 13145 2.0033e+07  170  154 2.0049e+07 2.0024e+07  0.12%   211 6518s
 53942 13167 2.0034e+07  182  173 2.0049e+07 2.0024e+07  0.12%   211 6525s
 54015 13187 2.0036e+07  198  141 2.0049e+07 2.0024e+07  0.12%   211 6532s
 54083 13195 2.0038e+07  213  137 2.0049e+07 2.0024e+07  0.12%   211 6539s
 54170 13200 2.0026e+07   81  211 2.0049e+07 2.0024e+07  0.12%   211 6546s
 54234 13207 2.0031e+07   85  186 2.0049e+07 2.0024e+07  0.12%   211 6553s
 54287 13259 2.0031e+07   98  157 2.0049e+07 2.0024e+07  0.12%   211 6561s
 54362 13308 2.0032e+07  121  156 2.0049e+07 2.0024e+07  0.12%   211 6570s
 54456 13331 2.0032e+07  147  147 2.0049e+07 2.0024e+07  0.12%   211 6579s
 54551 13359 2.0043e+07  166  132 2.0049e+07 2.0024e+07  0.12%   211 6587s
 54667 13406 2.0044e+07  205  129 2.0049e+07 2.0024e+07  0.12%   211 6596s
 54797 13431     cutoff  228      2.0049e+07 2.0024e+07  0.12%   211 6605s
 54911 13441 2.0025e+07   91  215 2.0049e+07 2.0024e+07  0.12%   210 6613s
 54983 13487 2.0028e+07   97  212 2.0049e+07 2.0024e+07  0.12%   210 6622s
 55068 13547 2.0035e+07  117  212 2.0049e+07 2.0024e+07  0.12%   210 6631s
 55189 13568 2.0042e+07  138  175 2.0049e+07 2.0024e+07  0.12%   210 6641s
 55325 13599 2.0043e+07  158  133 2.0049e+07 2.0024e+07  0.12%   210 6650s
 55421 13663 2.0027e+07   90  255 2.0049e+07 2.0024e+07  0.12%   210 6661s
 55528 13739 2.0037e+07  109  190 2.0049e+07 2.0024e+07  0.12%   210 6671s
 55683 13770 2.0038e+07  134  132 2.0049e+07 2.0024e+07  0.12%   210 6683s
 55846 13796 2.0043e+07   77  259 2.0049e+07 2.0024e+07  0.12%   210 6694s
 55961 13830 2.0026e+07   80  216 2.0049e+07 2.0024e+07  0.12%   210 6707s
 56068 13890 2.0028e+07  101  196 2.0049e+07 2.0024e+07  0.12%   210 6719s
 56206 13970 2.0028e+07  130  199 2.0049e+07 2.0024e+07  0.12%   210 6732s
 56372 13954 2.0030e+07  171  150 2.0049e+07 2.0024e+07  0.12%   209 6746s
 56437 14004 2.0031e+07  200  145 2.0049e+07 2.0024e+07  0.12%   209 6759s
 56565 14097 2.0035e+07  239  126 2.0049e+07 2.0024e+07  0.12%   209 6774s
 56842 14110 2.0045e+07  323  112 2.0049e+07 2.0024e+07  0.12%   209 6789s
 57030 14160 2.0029e+07   93  248 2.0049e+07 2.0024e+07  0.12%   208 6804s
 57222 14280 2.0035e+07  120  184 2.0049e+07 2.0024e+07  0.12%   208 6820s
 57455 14437 2.0038e+07  179  105 2.0049e+07 2.0024e+07  0.12%   208 6837s
 57853 14475 2.0034e+07   91  239 2.0049e+07 2.0024e+07  0.12%   208 6853s
 58203 14404     cutoff  132      2.0049e+07 2.0024e+07  0.12%   207 6872s
 58321 14468 2.0044e+07  139  139 2.0049e+07 2.0024e+07  0.12%   207 6890s
 58526 14549 2.0045e+07  161  151 2.0049e+07 2.0024e+07  0.12%   207 6909s
 58755 14549 2.0039e+07  119  140 2.0049e+07 2.0024e+07  0.12%   208 6930s
 58893 14669 2.0047e+07  174  116 2.0049e+07 2.0024e+07  0.12%   208 6951s
 59158 14837     cutoff  167      2.0049e+07 2.0024e+07  0.12%   208 6972s
 59579 15194     cutoff   86      2.0049e+07 2.0025e+07  0.12%   207 6995s
 60196 15407 2.0029e+07  148  168 2.0049e+07 2.0025e+07  0.12%   206 7018s
 60738 15682 2.0032e+07  272  166 2.0049e+07 2.0025e+07  0.12%   206 7042s
 61361 15892 2.0038e+07  471  135 2.0049e+07 2.0025e+07  0.12%   205 7066s
 62046 16096 2.0040e+07  134  193 2.0049e+07 2.0025e+07  0.12%   204 7091s
 62645 16394     cutoff  163      2.0049e+07 2.0025e+07  0.12%   203 7117s
 63398 16609 2.0044e+07  306   87 2.0049e+07 2.0025e+07  0.12%   202 7151s
 64027 16790 2.0048e+07  112  221 2.0049e+07 2.0025e+07  0.12%   202 7170s
 64537 16985 2.0045e+07  288  138 2.0049e+07 2.0025e+07  0.12%   202 7187s
 65051 17131 2.0037e+07  119  197 2.0049e+07 2.0025e+07  0.12%   201 7200s

Cutting planes:
  Gomory: 1
  Lift-and-project: 1
  Cover: 4
  Projected implied bound: 509
  MIR: 328
  Flow cover: 93
  Zero half: 4
  RLT: 1
  Relax-and-lift: 27

Explored 65545 nodes (13351166 simplex iterations) in 7200.60 seconds (7012.10 work units)
Thread count was 8 (of 8 available processors)

Solution count 10: 2.00489e+07 2.00489e+07 2.00489e+07 ... 2.00527e+07

Time limit reached
Best objective 2.004890052398e+07, best bound 2.002488504501e+07, gap 0.1198%
