
Gurobi 13.0.1 (linux64) logging started Tue Feb 24 20:42:31 2026

Set parameter LogFile to value "logs/log_gurobi_190B_20260224203903.log"
Gurobi Optimizer version 13.0.1 build v13.0.1rc0 (linux64 - "openSUSE Tumbleweed")

CPU model: Intel(R) Core(TM) i7-10610U CPU @ 1.80GHz, instruction set [SSE2|AVX|AVX2]
Thread count: 4 physical cores, 8 logical processors, using up to 8 threads

Non-default parameters:
TimeLimit  7200
SoftMemLimit  13.2

Optimize a model with 136070 rows, 5472200 columns and 16419284 nonzeros (Min)
Model fingerprint: 0x1e9f99c5
Model has 5401160 linear objective coefficients
Variable types: 28700 continuous, 5443500 integer (5443500 binary)
Coefficient statistics:
  Matrix range     [6e-04, 2e+04]
  Objective range  [3e-01, 1e+02]
  Bounds range     [1e+00, 2e+05]
  RHS range        [6e-02, 3e+05]

Presolve removed 0 rows and 0 columns (presolve time = 23s)...
Presolve removed 13988 rows and 0 columns (presolve time = 25s)...
Presolve removed 48464 rows and 4484186 columns (presolve time = 33s)...
Presolve removed 83023 rows and 4484186 columns (presolve time = 39s)...
Presolve removed 83023 rows and 4484186 columns
Presolve time: 38.96s
Presolved: 53047 rows, 988014 columns, 3058066 nonzeros
Variable types: 11215 continuous, 976799 integer (976799 binary)
Found heuristic solution: objective 2.787410e+07
Found heuristic solution: objective 2.736069e+07
Performing another presolve...
Presolve removed 20 rows and 10 columns (presolve time = 5s)...
Presolve removed 8832 rows and 10 columns (presolve time = 10s)...
Presolve removed 8832 rows and 10 columns (presolve time = 15s)...
Presolve removed 8832 rows and 10 columns (presolve time = 20s)...
Presolve removed 8832 rows and 10 columns (presolve time = 25s)...
Presolve removed 8832 rows and 10 columns (presolve time = 30s)...
Presolve removed 8832 rows and 10 columns (presolve time = 35s)...
Presolve removed 8832 rows and 10 columns (presolve time = 40s)...
Presolve removed 8832 rows and 10 columns (presolve time = 45s)...
Presolve removed 8832 rows and 10 columns (presolve time = 50s)...
Presolve removed 8832 rows and 10 columns (presolve time = 55s)...
Presolve removed 8832 rows and 10 columns (presolve time = 60s)...
Presolve removed 8832 rows and 10 columns (presolve time = 65s)...
Presolve removed 8832 rows and 10 columns (presolve time = 70s)...
Presolve removed 8832 rows and 10 columns (presolve time = 75s)...
Presolve removed 8832 rows and 10 columns (presolve time = 80s)...
Presolve removed 8832 rows and 10 columns (presolve time = 85s)...
Presolve removed 8832 rows and 10 columns (presolve time = 90s)...
Presolve removed 8832 rows and 10 columns (presolve time = 95s)...
Presolve removed 8832 rows and 10 columns (presolve time = 100s)...
Presolve removed 8832 rows and 10 columns (presolve time = 105s)...
Presolve removed 8832 rows and 10 columns (presolve time = 110s)...
Presolve removed 8832 rows and 10 columns (presolve time = 115s)...
Presolve removed 8832 rows and 10 columns (presolve time = 120s)...
Presolve removed 8832 rows and 10 columns (presolve time = 125s)...
Presolve removed 8832 rows and 10 columns (presolve time = 130s)...
Presolve removed 8832 rows and 10 columns (presolve time = 135s)...
Presolve removed 8832 rows and 10 columns (presolve time = 140s)...
Presolve removed 8832 rows and 10 columns (presolve time = 145s)...
Presolve removed 8832 rows and 10 columns (presolve time = 150s)...
Presolve removed 8832 rows and 10 columns (presolve time = 155s)...
Presolve removed 8832 rows and 10 columns (presolve time = 160s)...
Presolve removed 8832 rows and 10 columns (presolve time = 165s)...
Presolve removed 8832 rows and 10 columns (presolve time = 170s)...
Presolve removed 8832 rows and 10 columns (presolve time = 175s)...
Presolve removed 8832 rows and 10 columns (presolve time = 180s)...
Presolve removed 8832 rows and 10 columns (presolve time = 185s)...
Presolve removed 8832 rows and 788018 columns (presolve time = 404s)...
Presolve removed 8832 rows and 788018 columns (presolve time = 405s)...
Presolve removed 35388 rows and 788018 columns (presolve time = 410s)...
Presolve removed 35378 rows and 787998 columns
Presolve time: 411.78s
Deterministic concurrent LP optimizer: primal simplex, dual simplex, and barrier
Showing barrier log only...

Root barrier log...

Ordering time: 0.67s

Barrier statistics:
 AA' NZ     : 3.618e+05
 Factor NZ  : 2.054e+06 (roughly 100 MB of memory)
 Factor Ops : 8.986e+08 (less than 1 second per iteration)
 Threads    : 2

                  Objective                Residual
Iter       Primal          Dual         Primal    Dual     Compl     Time
   0   1.40481463e+11 -2.70789949e+08  5.78e+07 1.50e+01  2.14e+06   463s
   1   3.46830678e+10 -2.30484395e+08  1.43e+07 7.08e+01  5.38e+05   463s
   2   2.69841079e+09 -1.54475942e+08  1.12e+06 6.13e+00  4.31e+04   463s
   3   3.52197108e+08 -6.35901143e+07  1.39e+05 1.21e+00  5.51e+03   463s
   4   1.33926611e+08 -3.66584854e+07  4.71e+04 5.69e-01  1.94e+03   463s
   5   9.66048039e+07 -2.34326240e+07  3.12e+04 1.86e-01  1.30e+03   463s
   6   4.52955891e+07 -9.09588760e+06  9.41e+03 1.00e-01  4.34e+02   464s
   7   2.62248592e+07  7.55950508e+06  1.28e+03 1.62e-12  7.98e+01   464s
   8   2.43786256e+07  1.48312820e+07  5.43e+02 7.02e-03  3.59e+01   464s
   9   2.40956325e+07  1.67554701e+07  4.34e+02 2.16e-12  2.76e+01   464s
  10   2.40590110e+07  1.76425897e+07  4.19e+02 2.22e-12  2.48e+01   464s
  11   2.35147084e+07  1.90561088e+07  2.17e+02 2.52e-12  1.55e+01   464s
  12   2.32910047e+07  2.04576983e+07  1.37e+02 2.03e-12  9.74e+00   464s
  13   2.30273536e+07  2.18927414e+07  5.42e+01 1.72e-12  3.87e+00   465s
  14   2.29706096e+07  2.23878073e+07  3.77e+01 1.72e-12  2.20e+00   465s
  15   2.29265879e+07  2.25114212e+07  2.55e+01 1.93e-12  1.54e+00   465s
  16   2.29049741e+07  2.26366986e+07  1.96e+01 1.91e-12  1.06e+00   465s
  17   2.28601071e+07  2.26919082e+07  6.29e+00 1.76e-11  5.40e-01   465s
  18   2.28464859e+07  2.27465847e+07  3.50e+00 1.47e-11  3.15e-01   465s
  19   2.28354183e+07  2.27751759e+07  1.19e+00 1.19e-11  1.70e-01   465s
  20   2.28315844e+07  2.28074469e+07  4.71e-01 1.03e-11  6.80e-02   465s
  21   2.28297703e+07  2.28159536e+07  1.87e-01 9.31e-12  3.74e-02   466s
  22   2.28292661e+07  2.28189817e+07  1.23e-01 1.18e-11  2.75e-02   466s
  23   2.28290582e+07  2.28219452e+07  9.98e-02 1.12e-11  1.95e-02   466s
  24   2.28286950e+07  2.28243480e+07  6.47e-02 1.05e-11  1.21e-02   466s
  25   2.28283726e+07  2.28256228e+07  3.86e-02 1.08e-11  7.61e-03   466s
  26   2.28281901e+07  2.28265407e+07  2.47e-02 8.70e-12  4.63e-03   466s
  27   2.28280898e+07  2.28268488e+07  1.75e-02 1.25e-11  3.47e-03   466s
  28   2.28280280e+07  2.28271748e+07  1.31e-02 1.13e-11  2.42e-03   467s
  29   2.28279419e+07  2.28274459e+07  7.15e-03 1.12e-11  1.40e-03   467s
  30   2.28279073e+07  2.28276235e+07  4.89e-03 1.12e-11  8.28e-04   467s
  31   2.28278959e+07  2.28276901e+07  4.18e-03 1.11e-11  6.22e-04   467s
  32   2.28278606e+07  2.28277649e+07  1.97e-03 1.00e-11  2.91e-04   467s
  33   2.28278396e+07  2.28278038e+07  6.86e-04 1.08e-11  1.08e-04   467s
  34   2.28278301e+07  2.28278218e+07  1.44e-04 1.02e-11  2.50e-05   467s
  35   2.28278290e+07  2.28278241e+07  7.88e-05 1.01e-11  1.45e-05   467s
  36   2.28278277e+07  2.28278263e+07  1.28e-05 9.46e-12  3.87e-06   468s
  37   2.28278275e+07  2.28278274e+07  1.97e-08 9.89e-12  9.83e-08   468s
  38   2.28278275e+07  2.28278275e+07  4.71e-09 7.03e-12  4.98e-10   468s

Barrier solved model in 38 iterations and 467.83 seconds (114.95 work units)
Optimal objective 2.28278275e+07


Root crossover log...

   15981 DPushes remaining with DInf 2.7802490e-02               468s
       0 DPushes remaining with DInf 0.0000000e+00               468s

     202 PPushes remaining with PInf 5.1278234e-04               468s
       0 PPushes remaining with PInf 0.0000000e+00               468s

  Push phase complete: Pinf 0.0000000e+00, Dinf 1.2347699e+00    468s


Root simplex log...

Iteration    Objective       Primal Inf.    Dual Inf.      Time
    6350    2.2827827e+07   0.000000e+00   1.234770e+00    468s
    6374    2.2827827e+07   0.000000e+00   0.000000e+00    468s
Crossover time: 0.25 seconds (0.08 work units)
Concurrent spin time: 0.01s

Solved with barrier

Root relaxation: objective 2.282783e+07, 6374 iterations, 7.03 seconds (3.74 work units)
Total elapsed time = 468.11s (DegenMoves)

    Nodes    |    Current Node    |     Objective Bounds      |     Work
 Expl Unexpl |  Obj  Depth IntInf | Incumbent    BestBd   Gap | It/Node Time

     0     0 2.2828e+07    0  353 2.7361e+07 2.2828e+07  16.6%     -  469s
H    0     0                    2.499518e+07 2.2828e+07  8.67%     -  471s
H    0     0                    2.468557e+07 2.2828e+07  7.53%     -  471s
H    0     0                    2.457288e+07 2.2828e+07  7.10%     -  471s
H    0     0                    2.457056e+07 2.2828e+07  7.09%     -  473s
H    0     0                    2.452464e+07 2.2828e+07  6.92%     -  475s
H    0     0                    2.452464e+07 2.2828e+07  6.92%     -  475s
H    0     0                    2.452244e+07 2.2828e+07  6.91%     -  476s
H    0     0                    2.423590e+07 2.2828e+07  5.81%     -  479s
H    0     0                    2.392978e+07 2.2828e+07  4.60%     -  483s
     0     0 2.2829e+07    0  229 2.3930e+07 2.2829e+07  4.60%     -  492s
H    0     0                    2.392191e+07 2.2829e+07  4.57%     -  496s
H    0     0                    2.388139e+07 2.2829e+07  4.41%     -  503s
H    0     0                    2.388082e+07 2.2829e+07  4.41%     -  519s
H    0     0                    2.384962e+07 2.2829e+07  4.28%     -  519s
     0     0 2.2829e+07    0  232 2.3850e+07 2.2829e+07  4.28%     -  519s
     0     0 2.2830e+07    0  227 2.3850e+07 2.2830e+07  4.28%     -  523s
     0     0 2.2830e+07    0  224 2.3850e+07 2.2830e+07  4.28%     -  528s
     0     0 2.2830e+07    0  228 2.3850e+07 2.2830e+07  4.28%     -  528s
     0     0 2.2832e+07    0  252 2.3850e+07 2.2832e+07  4.27%     -  532s
     0     0 2.2832e+07    0  261 2.3850e+07 2.2832e+07  4.27%     -  534s
     0     0 2.2832e+07    0  268 2.3850e+07 2.2832e+07  4.27%     -  534s
     0     0 2.2832e+07    0  268 2.3850e+07 2.2832e+07  4.27%     -  534s
     0     0 2.2834e+07    0  294 2.3850e+07 2.2834e+07  4.26%     -  539s
     0     0 2.2835e+07    0  303 2.3850e+07 2.2835e+07  4.26%     -  542s
     0     0 2.2835e+07    0  302 2.3850e+07 2.2835e+07  4.26%     -  542s
     0     0 2.2837e+07    0  330 2.3850e+07 2.2837e+07  4.25%     -  547s
     0     0 2.2838e+07    0  304 2.3850e+07 2.2838e+07  4.24%     -  557s
     0     0 2.2838e+07    0  333 2.3850e+07 2.2838e+07  4.24%     -  559s
     0     0 2.2838e+07    0  324 2.3850e+07 2.2838e+07  4.24%     -  560s
     0     0 2.2838e+07    0  324 2.3850e+07 2.2838e+07  4.24%     -  560s
     0     0 2.2842e+07    0  315 2.3850e+07 2.2842e+07  4.23%     -  569s
     0     0 2.2842e+07    0  309 2.3850e+07 2.2842e+07  4.23%     -  573s
     0     0 2.2842e+07    0  313 2.3850e+07 2.2842e+07  4.23%     -  576s
     0     0 2.2842e+07    0  313 2.3850e+07 2.2842e+07  4.23%     -  576s
     0     0 2.2847e+07    0  340 2.3850e+07 2.2847e+07  4.21%     -  584s
     0     0 2.2847e+07    0  331 2.3850e+07 2.2847e+07  4.20%     -  586s
     0     0 2.2847e+07    0  333 2.3850e+07 2.2847e+07  4.20%     -  587s
     0     0 2.2847e+07    0  344 2.3850e+07 2.2847e+07  4.20%     -  588s
     0     0 2.2847e+07    0  358 2.3850e+07 2.2847e+07  4.20%     -  589s
     0     0 2.2847e+07    0  358 2.3850e+07 2.2847e+07  4.20%     -  589s
H    0     0                    2.381753e+07 2.2849e+07  4.07%     -  593s
     0     0 2.2849e+07    0  347 2.3818e+07 2.2849e+07  4.07%     -  595s
     0     0 2.2850e+07    0  355 2.3818e+07 2.2850e+07  4.06%     -  601s
H    0     0                    2.379306e+07 2.2850e+07  3.96%     -  602s
     0     0 2.2850e+07    0  368 2.3793e+07 2.2850e+07  3.96%     -  603s
     0     0 2.2850e+07    0  368 2.3793e+07 2.2850e+07  3.96%     -  604s
     0     0 2.2862e+07    0  325 2.3793e+07 2.2862e+07  3.91%     -  612s
H    0     0                    2.378806e+07 2.2864e+07  3.89%     -  628s
     0     0 2.2864e+07    0  345 2.3788e+07 2.2864e+07  3.89%     -  632s
     0     0 2.2864e+07    0  360 2.3788e+07 2.2864e+07  3.88%     -  634s
     0     0 2.2864e+07    0  363 2.3788e+07 2.2864e+07  3.88%     -  634s
     0     0 2.2877e+07    0  332 2.3788e+07 2.2877e+07  3.83%     -  641s
     0     0 2.2878e+07    0  360 2.3788e+07 2.2878e+07  3.82%     -  680s
     0     0 2.2879e+07    0  347 2.3788e+07 2.2879e+07  3.82%     -  681s
     0     0 2.2879e+07    0  326 2.3788e+07 2.2879e+07  3.82%     -  683s
     0     0 2.2879e+07    0  356 2.3788e+07 2.2879e+07  3.82%     -  684s
     0     0 2.2879e+07    0  355 2.3788e+07 2.2879e+07  3.82%     -  684s
     0     0 2.2889e+07    0  355 2.3788e+07 2.2889e+07  3.78%     -  690s
     0     0 2.2892e+07    0  324 2.3788e+07 2.2892e+07  3.77%     -  692s
     0     0 2.2892e+07    0  341 2.3788e+07 2.2892e+07  3.77%     -  693s
     0     0 2.2892e+07    0  338 2.3788e+07 2.2892e+07  3.77%     -  694s
     0     0 2.2902e+07    0  361 2.3788e+07 2.2902e+07  3.73%     -  700s
     0     0 2.2904e+07    0  370 2.3788e+07 2.2904e+07  3.72%     -  704s
     0     0 2.2904e+07    0  349 2.3788e+07 2.2904e+07  3.72%     -  706s
     0     0 2.2904e+07    0  357 2.3788e+07 2.2904e+07  3.72%     -  707s
     0     0 2.2904e+07    0  349 2.3788e+07 2.2904e+07  3.72%     -  707s
     0     0 2.2918e+07    0  351 2.3788e+07 2.2918e+07  3.66%     -  715s
     0     0 2.2919e+07    0  350 2.3788e+07 2.2919e+07  3.65%     -  732s
     0     0 2.2919e+07    0  354 2.3788e+07 2.2919e+07  3.65%     -  733s
     0     0 2.2919e+07    0  356 2.3788e+07 2.2919e+07  3.65%     -  733s
     0     0 2.2932e+07    0  353 2.3788e+07 2.2932e+07  3.60%     -  741s
     0     0 2.2934e+07    0  363 2.3788e+07 2.2934e+07  3.59%     -  744s
     0     0 2.2934e+07    0  354 2.3788e+07 2.2934e+07  3.59%     -  745s
     0     0 2.2934e+07    0  347 2.3788e+07 2.2934e+07  3.59%     -  746s
     0     0 2.2944e+07    0  358 2.3788e+07 2.2944e+07  3.55%     -  756s
H    0     0                    2.378806e+07 2.2944e+07  3.55%     -  761s
H    0     0                    2.378806e+07 2.2944e+07  3.55%     -  765s
H    0     0                    2.377402e+07 2.2945e+07  3.49%     -  827s
     0     0 2.2945e+07    0  373 2.3774e+07 2.2945e+07  3.49%     -  841s
     0     0 2.2945e+07    0  370 2.3774e+07 2.2945e+07  3.49%     -  843s
     0     0 2.2970e+07    0  333 2.3774e+07 2.2970e+07  3.38%     -  856s
     0     0 2.2970e+07    0  331 2.3774e+07 2.2970e+07  3.38%     -  883s
     0     0 2.2970e+07    0  324 2.3774e+07 2.2970e+07  3.38%     -  886s
     0     0 2.2970e+07    0  342 2.3774e+07 2.2970e+07  3.38%     -  887s
     0     0 2.2993e+07    0  341 2.3774e+07 2.2993e+07  3.29%     -  897s
     0     0 2.2995e+07    0  333 2.3774e+07 2.2995e+07  3.28%     -  901s
     0     0 2.2995e+07    0  329 2.3774e+07 2.2995e+07  3.28%     -  903s
     0     0 2.2995e+07    0  333 2.3774e+07 2.2995e+07  3.28%     -  904s
     0     0 2.2996e+07    0  336 2.3774e+07 2.2996e+07  3.27%     -  904s
     0     0 2.2996e+07    0  335 2.3774e+07 2.2996e+07  3.27%     -  905s
     0     0 2.2996e+07    0  336 2.3774e+07 2.2996e+07  3.27%     -  905s
     0     0 2.3012e+07    0  344 2.3774e+07 2.3012e+07  3.21%     -  912s
     0     0 2.3016e+07    0  355 2.3774e+07 2.3016e+07  3.19%     -  915s
     0     0 2.3016e+07    0  364 2.3774e+07 2.3016e+07  3.19%     -  917s
     0     0 2.3016e+07    0  356 2.3774e+07 2.3016e+07  3.19%     -  918s
     0     0 2.3016e+07    0  357 2.3774e+07 2.3016e+07  3.19%     -  919s
     0     0 2.3016e+07    0  357 2.3774e+07 2.3016e+07  3.19%     -  919s
     0     0 2.3037e+07    0  303 2.3774e+07 2.3037e+07  3.10%     -  925s
     0     0 2.3042e+07    0  325 2.3774e+07 2.3042e+07  3.08%     -  931s
     0     0 2.3043e+07    0  306 2.3774e+07 2.3043e+07  3.07%     -  934s
     0     0 2.3043e+07    0  311 2.3774e+07 2.3043e+07  3.07%     -  935s
     0     0 2.3057e+07    0  330 2.3774e+07 2.3057e+07  3.02%     -  944s
H    0     0                    2.377402e+07 2.3067e+07  2.97%     -  965s
H    0     0                    2.376983e+07 2.3067e+07  2.96%     -  965s
     0     0 2.3067e+07    0  366 2.3770e+07 2.3067e+07  2.96%     -  965s
     0     0 2.3067e+07    0  346 2.3770e+07 2.3067e+07  2.96%     -  968s
     0     0 2.3067e+07    0  356 2.3770e+07 2.3067e+07  2.96%     -  969s
     0     0 2.3071e+07    0  415 2.3770e+07 2.3071e+07  2.94%     -  978s
     0     0 2.3072e+07    0  416 2.3770e+07 2.3072e+07  2.94%     -  981s
     0     0 2.3072e+07    0  428 2.3770e+07 2.3072e+07  2.94%     -  982s
     0     0 2.3078e+07    0  450 2.3770e+07 2.3078e+07  2.91%     -  991s
     0     0 2.3079e+07    0  445 2.3770e+07 2.3079e+07  2.91%     -  996s
     0     0 2.3079e+07    0  455 2.3770e+07 2.3079e+07  2.91%     -  998s
     0     0 2.3079e+07    0  461 2.3770e+07 2.3079e+07  2.91%     -  999s
     0     0 2.3097e+07    0  417 2.3770e+07 2.3097e+07  2.83%     - 1009s
     0     0 2.3098e+07    0  380 2.3770e+07 2.3098e+07  2.82%     - 1013s
     0     0 2.3099e+07    0  428 2.3770e+07 2.3099e+07  2.82%     - 1015s
     0     0 2.3099e+07    0  436 2.3770e+07 2.3099e+07  2.82%     - 1016s
     0     0 2.3110e+07    0  409 2.3770e+07 2.3110e+07  2.78%     - 1025s
     0     0 2.3111e+07    0  415 2.3770e+07 2.3111e+07  2.77%     - 1028s
     0     0 2.3111e+07    0  405 2.3770e+07 2.3111e+07  2.77%     - 1031s
     0     0 2.3111e+07    0  426 2.3770e+07 2.3111e+07  2.77%     - 1032s
     0     0 2.3120e+07    0  415 2.3770e+07 2.3120e+07  2.73%     - 1044s
     0     0 2.3120e+07    0  424 2.3770e+07 2.3120e+07  2.73%     - 1072s
     0     0 2.3120e+07    0  437 2.3770e+07 2.3120e+07  2.73%     - 1075s
     0     0 2.3121e+07    0  439 2.3770e+07 2.3121e+07  2.73%     - 1077s
     0     0 2.3131e+07    0  447 2.3770e+07 2.3131e+07  2.69%     - 1102s
     0     0 2.3132e+07    0  442 2.3770e+07 2.3132e+07  2.68%     - 1111s
     0     0 2.3132e+07    0  465 2.3770e+07 2.3132e+07  2.68%     - 1113s
     0     0 2.3145e+07    0  402 2.3770e+07 2.3145e+07  2.63%     - 1131s
     0     0 2.3146e+07    0  442 2.3770e+07 2.3146e+07  2.62%     - 1141s
     0     0 2.3146e+07    0  452 2.3770e+07 2.3146e+07  2.62%     - 1145s
     0     0 2.3146e+07    0  450 2.3770e+07 2.3146e+07  2.62%     - 1148s
     0     0 2.3151e+07    0  446 2.3770e+07 2.3151e+07  2.60%     - 1163s
     0     0 2.3152e+07    0  473 2.3770e+07 2.3152e+07  2.60%     - 1171s
     0     0 2.3152e+07    0  462 2.3770e+07 2.3152e+07  2.60%     - 1176s
     0     0 2.3161e+07    0  436 2.3770e+07 2.3161e+07  2.56%     - 1190s
     0     0 2.3163e+07    0  456 2.3770e+07 2.3163e+07  2.55%     - 1225s
     0     0 2.3163e+07    0  445 2.3770e+07 2.3163e+07  2.55%     - 1232s
     0     0 2.3163e+07    0  463 2.3770e+07 2.3163e+07  2.55%     - 1235s
     0     0 2.3182e+07    0  402 2.3770e+07 2.3182e+07  2.47%     - 1257s
     0     0 2.3183e+07    0  437 2.3770e+07 2.3183e+07  2.47%     - 1266s
     0     0 2.3184e+07    0  453 2.3770e+07 2.3184e+07  2.47%     - 1271s
     0     0 2.3184e+07    0  469 2.3770e+07 2.3184e+07  2.47%     - 1276s
     0     0 2.3184e+07    0  470 2.3770e+07 2.3184e+07  2.47%     - 1284s
     0     0 2.3187e+07    0  444 2.3770e+07 2.3187e+07  2.45%     - 1304s
     0     0 2.3187e+07    0  457 2.3770e+07 2.3187e+07  2.45%     - 1308s
     0     0 2.3188e+07    0  461 2.3770e+07 2.3188e+07  2.45%     - 1312s
     0     0 2.3188e+07    0  468 2.3770e+07 2.3188e+07  2.45%     - 1315s
     0     0 2.3188e+07    0  465 2.3770e+07 2.3188e+07  2.45%     - 1316s
     0     0 2.3203e+07    0  417 2.3770e+07 2.3203e+07  2.39%     - 1334s
     0     0 2.3206e+07    0  450 2.3770e+07 2.3206e+07  2.37%     - 1340s
     0     0 2.3206e+07    0  461 2.3770e+07 2.3206e+07  2.37%     - 1343s
     0     0 2.3207e+07    0  448 2.3770e+07 2.3207e+07  2.37%     - 1355s
     0     0 2.3207e+07    0  460 2.3770e+07 2.3207e+07  2.37%     - 1373s
     0     0 2.3207e+07    0  452 2.3770e+07 2.3207e+07  2.37%     - 1374s
     0     0 2.3208e+07    0  444 2.3770e+07 2.3208e+07  2.36%     - 1384s
     0     0 2.3209e+07    0  444 2.3770e+07 2.3209e+07  2.36%     - 1393s
     0     0 2.3209e+07    0  443 2.3770e+07 2.3209e+07  2.36%     - 1393s
H    0     0                    2.375795e+07 2.3209e+07  2.31%     - 1431s
     0     2 2.3219e+07    0  443 2.3758e+07 2.3219e+07  2.27%     - 1433s
     1     4 2.3219e+07    1  430 2.3758e+07 2.3219e+07  2.27%  2418 1442s
     3     8 2.3219e+07    2  464 2.3758e+07 2.3219e+07  2.27%  2155 1458s
     7    12 2.3229e+07    3  438 2.3758e+07 2.3227e+07  2.24%  2495 1479s
    11    23 2.3235e+07    4  433 2.3758e+07 2.3227e+07  2.24%  2617 1492s
    22    32 2.3237e+07    7  391 2.3758e+07 2.3227e+07  2.24%  1818 1505s
    31    39 2.3249e+07   10  382 2.3758e+07 2.3227e+07  2.24%  1656 1517s
    38    47 2.3249e+07   11  363 2.3758e+07 2.3227e+07  2.24%  1593 1528s
    46    57 2.3251e+07   12  341 2.3758e+07 2.3227e+07  2.24%  1519 1537s
    56    67 2.3252e+07   15  342 2.3758e+07 2.3227e+07  2.24%  1424 1547s
    66    76 2.3253e+07   16  332 2.3758e+07 2.3227e+07  2.24%  1322 1556s
    75    85 2.3253e+07   17  312 2.3758e+07 2.3227e+07  2.24%  1275 1564s
    84    95 2.3254e+07   21  333 2.3758e+07 2.3227e+07  2.24%  1221 1570s
    94   105 2.3254e+07   24  309 2.3758e+07 2.3227e+07  2.24%  1166 1578s
   104   113 2.3294e+07   25  290 2.3758e+07 2.3227e+07  2.24%  1118 1585s
   112   125 2.3271e+07   26  262 2.3758e+07 2.3227e+07  2.24%  1115 1590s
   124   140 2.3271e+07   29  297 2.3758e+07 2.3227e+07  2.24%  1054 1597s
   139   155 2.3264e+07   33  287 2.3758e+07 2.3227e+07  2.24%   991 1604s
   154   172 2.3275e+07   37  254 2.3758e+07 2.3227e+07  2.24%   955 1611s
   171   190 2.3283e+07   41  256 2.3758e+07 2.3227e+07  2.24%   908 1618s
   189   208 2.3290e+07   47  249 2.3758e+07 2.3227e+07  2.24%   867 1625s
   207   224 2.3300e+07   54  256 2.3758e+07 2.3227e+07  2.24%   836 1633s
   223   241 2.3301e+07   56  275 2.3758e+07 2.3227e+07  2.24%   816 1640s
   240   262 2.3302e+07   60  247 2.3758e+07 2.3227e+07  2.24%   790 1648s
   261   279 2.3303e+07   65  259 2.3758e+07 2.3227e+07  2.24%   770 1657s
   278   289 2.3305e+07   68  261 2.3758e+07 2.3227e+07  2.24%   762 1667s
H  287   289                    2.375628e+07 2.3227e+07  2.23%   750 1667s
   288   319 2.3306e+07   71  257 2.3756e+07 2.3227e+07  2.23%   751 1675s
   318   349 2.3306e+07   74  259 2.3756e+07 2.3227e+07  2.23%   707 1684s
   348   377 2.3307e+07   77  257 2.3756e+07 2.3227e+07  2.23%   675 1692s
   376   425 2.3308e+07   80  260 2.3756e+07 2.3227e+07  2.23%   657 1700s
   424   461 2.3314e+07   85  203 2.3756e+07 2.3227e+07  2.23%   607 1709s
   460   519 2.3315e+07   88  223 2.3756e+07 2.3227e+07  2.23%   585 1718s
H  518   523                    2.374012e+07 2.3227e+07  2.16%   539 1727s
   522   578 2.3319e+07   97  214 2.3740e+07 2.3227e+07  2.16%   537 1735s
   577   648 2.3325e+07  105  201 2.3740e+07 2.3227e+07  2.16%   506 1744s
   647   699 2.3326e+07  114  184 2.3740e+07 2.3227e+07  2.16%   468 1752s
   698   767 2.3338e+07  118  182 2.3740e+07 2.3227e+07  2.16%   453 1760s
   766   840 2.3340e+07  132  184 2.3740e+07 2.3227e+07  2.16%   428 1769s
   839   941 2.3344e+07  147  188 2.3740e+07 2.3227e+07  2.16%   408 1778s
   940  1040 2.3346e+07  165  176 2.3740e+07 2.3227e+07  2.16%   378 1785s
  1039  1169 2.3357e+07  179  171 2.3740e+07 2.3227e+07  2.16%   355 1794s
  1168  1356 2.3374e+07  211  131 2.3740e+07 2.3227e+07  2.16%   327 1801s
  1355  1547 2.3387e+07  239  128 2.3740e+07 2.3227e+07  2.16%   294 1809s
  1566  1550 2.3400e+07  266  136 2.3740e+07 2.3227e+07  2.16%   262 1818s
  1571  1557 2.3401e+07  267  122 2.3740e+07 2.3227e+07  2.16%   261 1826s
  1586  1688 2.3403e+07  268  121 2.3740e+07 2.3231e+07  2.15%   262 1832s
  1717  1867 2.3476e+07  326  127 2.3740e+07 2.3232e+07  2.14%   249 1838s
  1896  2103 2.3505e+07  361   94 2.3740e+07 2.3232e+07  2.14%   232 1845s
  2145  2254 2.3551e+07  452   98 2.3740e+07 2.3232e+07  2.14%   210 1853s
  2311  2406 2.3649e+07  546   90 2.3740e+07 2.3232e+07  2.14%   201 1863s
  2489  2467 2.3242e+07    6  381 2.3740e+07 2.3232e+07  2.14%   192 1871s
  2568  2471 2.3243e+07    7  388 2.3740e+07 2.3232e+07  2.14%   190 1880s
  2573  2472 2.3719e+07  496 5495 2.3740e+07 2.3232e+07  2.14%   191 1945s
H 2574  2349                    2.371595e+07 2.3232e+07  2.04%   191 1959s
H 2574  2231                    2.371328e+07 2.3232e+07  2.03%   191 1965s
  2575  2231 2.3642e+07  469  259 2.3713e+07 2.3232e+07  2.03%   190 1972s
  2576  2232 2.3362e+07  193  312 2.3713e+07 2.3232e+07  2.03%   190 2020s
H 2576  2121                    2.371181e+07 2.3232e+07  2.03%   190 2039s
  2577  2122 2.3609e+07  472  320 2.3712e+07 2.3232e+07  2.03%   190 2044s
H 2577  2016                    2.371102e+07 2.3232e+07  2.02%   190 2054s
  2578  2016 2.3706e+07  485  320 2.3711e+07 2.3232e+07  2.02%   190 2058s
  2579  2017 2.3602e+07  396  339 2.3711e+07 2.3232e+07  2.02%   190 2070s
  2580  2018 2.3558e+07  397  369 2.3711e+07 2.3232e+07  2.02%   190 2082s
  2581  2018 2.3593e+07  479  386 2.3711e+07 2.3250e+07  1.94%   190 2094s
H 2581  1916                    2.371101e+07 2.3299e+07  1.74%   190 2106s
H 2582  1821                    2.371095e+07 2.3320e+07  1.65%   190 2117s
  2583  1822 2.3399e+07  209  347 2.3711e+07 2.3320e+07  1.65%   190 2120s
  2584  1822 2.3373e+07  210  394 2.3711e+07 2.3331e+07  1.60%   190 2131s
  2585  1823 2.3344e+07   64  390 2.3711e+07 2.3344e+07  1.55%   190 2143s
  2586  1824 2.3443e+07  276  394 2.3711e+07 2.3349e+07  1.53%   190 2154s
H 2586  1733                    2.370601e+07 2.3356e+07  1.48%   190 2165s
  2588  1734 2.3706e+07  578  381 2.3706e+07 2.3356e+07  1.48%   189 2171s
  2590  1735 2.3357e+07  180  382 2.3706e+07 2.3356e+07  1.48%   189 2181s
H 2590  1648                    2.370600e+07 2.3427e+07  1.18%   189 2201s
  2591  1649 2.3562e+07  349  254 2.3706e+07 2.3427e+07  1.18%   189 2241s
  2592  1650 2.3697e+07  484  200 2.3706e+07 2.3447e+07  1.09%   189 2255s
  2594  1651 2.3470e+07   30  188 2.3706e+07 2.3470e+07  1.00%   189 2261s
  2597  1653 2.3658e+07  515  179 2.3706e+07 2.3471e+07  0.99%   189 2265s
  2598  1654 2.3698e+07  564  203 2.3706e+07 2.3489e+07  0.92%   189 2274s
  2599  1654 2.3691e+07  566  199 2.3706e+07 2.3489e+07  0.91%   189 2276s
  2603  1657 2.3490e+07  248  205 2.3706e+07 2.3490e+07  0.91%   188 2281s
  2604  1658 2.3681e+07  439  184 2.3706e+07 2.3499e+07  0.87%   188 2286s
  2608  1660 2.3499e+07   86  174 2.3706e+07 2.3499e+07  0.87%   188 2291s
  2609  1661 2.3629e+07  465  190 2.3706e+07 2.3504e+07  0.85%   188 2297s
  2611  1662 2.3504e+07    6  163 2.3706e+07 2.3504e+07  0.85%   188 2300s
  2613  1664 2.3515e+07  305  165 2.3706e+07 2.3512e+07  0.82%   188 2309s
  2614  1664 2.3583e+07  467  193 2.3706e+07 2.3512e+07  0.82%   188 2310s
  2617  1666 2.3547e+07  419  195 2.3706e+07 2.3519e+07  0.79%   187 2319s
  2618  1667 2.3519e+07  282  167 2.3706e+07 2.3519e+07  0.79%   187 2322s
  2619  1668 2.3572e+07  398  166 2.3706e+07 2.3519e+07  0.79%   187 2325s
  2620  1668 2.3582e+07  429  178 2.3706e+07 2.3525e+07  0.76%   187 2330s
H 2621  1585                    2.370598e+07 2.3530e+07  0.74%   187 2345s
  2622  1586 2.3530e+07   20  193 2.3706e+07 2.3530e+07  0.74%   187 2368s
  2623  1586 2.3530e+07  257  176 2.3706e+07 2.3530e+07  0.74%   187 2370s
  2625  1588 2.3563e+07  352  175 2.3706e+07 2.3533e+07  0.73%   187 2383s
  2627  1589 2.3533e+07    6  190 2.3706e+07 2.3533e+07  0.73%   187 2387s
  2628  1590 2.3535e+07  187  195 2.3706e+07 2.3535e+07  0.72%   187 2396s
  2631  1592 2.3650e+07  429  182 2.3706e+07 2.3540e+07  0.70%   186 2407s
  2633  1593 2.3540e+07  101  176 2.3706e+07 2.3540e+07  0.70%   186 2410s
  2634  1594 2.3678e+07  487  185 2.3706e+07 2.3547e+07  0.67%   186 2416s
  2637  1596 2.3547e+07   12  181 2.3706e+07 2.3547e+07  0.67%   186 2420s
  2638  1596 2.3665e+07  457  150 2.3706e+07 2.3552e+07  0.65%   186 2425s
  2641  1598 2.3706e+07  583  171 2.3706e+07 2.3552e+07  0.65%   186 2431s
  2642  1599 2.3556e+07   29  216 2.3706e+07 2.3556e+07  0.63%   186 2440s
  2646  1602 2.3559e+07  113  155 2.3706e+07 2.3559e+07  0.62%   185 2454s
  2647  1602 2.3559e+07  178  158 2.3706e+07 2.3559e+07  0.62%   185 2455s
  2650  1604 2.3674e+07  558  198 2.3706e+07 2.3565e+07  0.60%   185 2474s
  2651  1605 2.3706e+07  502  182 2.3706e+07 2.3565e+07  0.60%   185 2476s
  2653  1606 2.3571e+07   12  189 2.3706e+07 2.3571e+07  0.57%   185 2486s
  2655  1608 2.3571e+07  139  189 2.3706e+07 2.3571e+07  0.57%   185 2491s
  2656  1608 2.3575e+07  413  198 2.3706e+07 2.3575e+07  0.55%   185 2499s
  2657  1609 2.3575e+07  171  188 2.3706e+07 2.3575e+07  0.55%   185 2500s
  2659  1610 2.3577e+07  414  189 2.3706e+07 2.3577e+07  0.54%   184 2510s
  2662  1612 2.3580e+07   21  192 2.3706e+07 2.3580e+07  0.53%   184 2521s
  2664  1614 2.3588e+07  427  205 2.3706e+07 2.3580e+07  0.53%   184 2525s
  2665  1614 2.3582e+07   22  191 2.3706e+07 2.3582e+07  0.52%   184 2537s
  2668  1616 2.3582e+07  254  200 2.3706e+07 2.3582e+07  0.52%   184 2540s
  2671  1618 2.3584e+07  241  165 2.3706e+07 2.3584e+07  0.51%   184 2548s
  2674  1620 2.3584e+07  417  168 2.3706e+07 2.3584e+07  0.51%   183 2551s
  2675  1621 2.3642e+07  469  183 2.3706e+07 2.3587e+07  0.50%   183 2556s
  2678  1623 2.3706e+07  485  192 2.3706e+07 2.3587e+07  0.50%   183 2560s
  2679  1624 2.3602e+07  396  186 2.3706e+07 2.3590e+07  0.49%   183 2566s
  2682  1626 2.3591e+07   97  186 2.3706e+07 2.3591e+07  0.48%   183 2577s
  2684  1627 2.3591e+07  210  202 2.3706e+07 2.3591e+07  0.48%   183 2581s
  2685  1628 2.3593e+07   64  190 2.3706e+07 2.3593e+07  0.48%   183 2586s
  2688  1630 2.3706e+07  578  180 2.3706e+07 2.3594e+07  0.47%   182 2593s
  2690  1631 2.3594e+07  180  180 2.3706e+07 2.3594e+07  0.47%   182 2596s
  2691  1632 2.3596e+07  349  199 2.3706e+07 2.3596e+07  0.46%   182 2603s
  2692  1632 2.3697e+07  484  209 2.3706e+07 2.3596e+07  0.46%   182 2606s
  2695  1634 2.3596e+07  237  185 2.3706e+07 2.3596e+07  0.46%   182 2612s
  2696  1635 2.3598e+07  255  218 2.3706e+07 2.3598e+07  0.46%   182 2619s
  2697  1636 2.3658e+07  515  226 2.3706e+07 2.3598e+07  0.46%   182 2620s
  2701  1638 2.3599e+07  205  211 2.3706e+07 2.3599e+07  0.45%   182 2633s
  2702  1639 2.3599e+07  267  206 2.3706e+07 2.3599e+07  0.45%   181 2635s
  2704  1640 2.3681e+07  439  231 2.3706e+07 2.3600e+07  0.45%   181 2647s
  2705  1641 2.3600e+07  359  233 2.3706e+07 2.3600e+07  0.45%   181 2650s
  2706  1642 2.3601e+07  209  198 2.3706e+07 2.3601e+07  0.44%   181 2659s
  2707  1642 2.3601e+07   71  206 2.3706e+07 2.3601e+07  0.44%   181 2664s
  2708  1643 2.3602e+07   86  202 2.3706e+07 2.3602e+07  0.44%   181 2670s
  2710  1644 2.3602e+07   81  208 2.3706e+07 2.3602e+07  0.44%   181 2675s
  2712  1646 2.3659e+07  502  212 2.3706e+07 2.3603e+07  0.44%   181 2687s
  2714  1647 2.3603e+07  467  201 2.3706e+07 2.3603e+07  0.44%   181 2692s
  2715  1648 2.3603e+07  283  207 2.3706e+07 2.3603e+07  0.44%   181 2695s
  2716  1648 2.3605e+07  338  197 2.3706e+07 2.3605e+07  0.43%   181 2702s
  2717  1649 2.3605e+07  419  196 2.3706e+07 2.3605e+07  0.43%   180 2706s
  2718  1650 2.3606e+07  282  212 2.3706e+07 2.3606e+07  0.42%   180 2714s
  2719  1650 2.3606e+07  398  208 2.3706e+07 2.3606e+07  0.42%   180 2717s
  2720  1651 2.3606e+07  429  211 2.3706e+07 2.3606e+07  0.42%   180 2721s
  2721  1652 2.3606e+07  132  211 2.3706e+07 2.3606e+07  0.42%   180 2725s
  2722  1652 2.3607e+07   20  188 2.3706e+07 2.3607e+07  0.42%   180 2734s
  2723  1653 2.3607e+07  257  199 2.3706e+07 2.3607e+07  0.42%   180 2735s
  2725  1654 2.3607e+07  352  198 2.3706e+07 2.3607e+07  0.42%   180 2740s
  2726  1655 2.3608e+07   15  201 2.3706e+07 2.3608e+07  0.41%   180 2750s
  2728  1656 2.3608e+07  187  204 2.3706e+07 2.3608e+07  0.41%   180 2756s
  2729  1657 2.3609e+07  344  209 2.3706e+07 2.3609e+07  0.41%   180 2763s
  2730  1658 2.3609e+07   21  213 2.3706e+07 2.3609e+07  0.41%   180 2765s
H 2732  1573                    2.370596e+07 2.3609e+07  0.41%   179 2791s
  2733  1574 2.3609e+07  101  189 2.3706e+07 2.3609e+07  0.41%   179 2853s
  2734  1574 2.3678e+07  487  189 2.3706e+07 2.3610e+07  0.41%   179 2888s
  2736  1576 2.3610e+07   98  207 2.3706e+07 2.3610e+07  0.41%   179 2893s
  2737  1576 2.3610e+07   12  181 2.3706e+07 2.3610e+07  0.40%   179 2899s
  2738  1577 2.3665e+07  457  178 2.3706e+07 2.3611e+07  0.40%   179 2901s
  2742  1580 2.3611e+07   29  200 2.3706e+07 2.3611e+07  0.40%   179 2906s
  2743  1580 2.3706e+07  521  206 2.3706e+07 2.3612e+07  0.40%   179 2911s
  2745  1582 2.3612e+07  262  221 2.3706e+07 2.3612e+07  0.40%   179 2915s
  2746  1582 2.3612e+07  113  207 2.3706e+07 2.3612e+07  0.40%   179 2921s
  2749  1584 2.3613e+07  318  197 2.3706e+07 2.3613e+07  0.39%   178 2938s
  2751  1586 2.3706e+07  502  196 2.3706e+07 2.3613e+07  0.39%   178 2940s
  2753  1587 2.3613e+07   12  194 2.3706e+07 2.3613e+07  0.39%   178 2947s
  2754  1588 2.3614e+07  375  202 2.3706e+07 2.3614e+07  0.39%   178 2956s
  2758  1590 2.3614e+07   12  200 2.3706e+07 2.3614e+07  0.39%   178 2961s
  2759  1591 2.3615e+07  414  192 2.3706e+07 2.3615e+07  0.38%   178 2966s
  2761  1592 2.3615e+07  464  208 2.3706e+07 2.3615e+07  0.38%   178 2970s
  2763  1594 2.3616e+07  388  196 2.3706e+07 2.3616e+07  0.38%   177 2977s
  2764  1594 2.3617e+07  427  200 2.3706e+07 2.3617e+07  0.38%   177 2982s
  2767  1596 2.3617e+07  234  208 2.3706e+07 2.3617e+07  0.38%   177 3000s
  2770  1598 2.3617e+07  281  216 2.3706e+07 2.3617e+07  0.38%   177 3006s
  2771  1599 2.3617e+07  241  199 2.3706e+07 2.3617e+07  0.37%   177 3010s
  2778  1604 2.3706e+07  485  207 2.3706e+07 2.3617e+07  0.37%   177 3016s
  2779  1604 2.3619e+07  396  213 2.3706e+07 2.3619e+07  0.37%   176 3021s
  2784  1608 2.3619e+07  210  222 2.3706e+07 2.3619e+07  0.37%   176 3028s
  2786  1609 2.3619e+07  276  223 2.3706e+07 2.3619e+07  0.37%   176 3031s
  2788  1610 2.3706e+07  578  212 2.3706e+07 2.3619e+07  0.37%   176 3037s
  2789  1611 2.3619e+07  303  211 2.3706e+07 2.3619e+07  0.36%   176 3041s
  2792  1613 2.3697e+07  484  227 2.3706e+07 2.3620e+07  0.36%   176 3046s
  2793  1614 2.3699e+07  544  204 2.3706e+07 2.3620e+07  0.36%   176 3053s
  2794  1614 2.3620e+07   30  211 2.3706e+07 2.3620e+07  0.36%   176 3056s
  2795  1615 2.3621e+07  237  230 2.3706e+07 2.3621e+07  0.36%   175 3061s
  2797  1616 2.3658e+07  515  223 2.3706e+07 2.3621e+07  0.36%   175 3068s
  2799  1618 2.3691e+07  566  226 2.3706e+07 2.3621e+07  0.36%   175 3071s
  2800  1618 2.3621e+07  396  217 2.3706e+07 2.3621e+07  0.36%   175 3077s
  2803  1620 2.3621e+07  248  222 2.3706e+07 2.3621e+07  0.36%   175 3080s
  2806  1622 2.3622e+07  209  213 2.3706e+07 2.3622e+07  0.35%   175 3085s
  2809  1624 2.3629e+07  465  217 2.3706e+07 2.3622e+07  0.35%   175 3092s
  2811  1626 2.3622e+07    6  219 2.3706e+07 2.3622e+07  0.35%   174 3095s
  2814  1628 2.3623e+07  467  209 2.3706e+07 2.3623e+07  0.35%   174 3100s
  2817  1630 2.3623e+07  419  227 2.3706e+07 2.3623e+07  0.35%   174 3107s
  2820  1632 2.3623e+07  429  230 2.3706e+07 2.3623e+07  0.35%   174 3110s
  2823  1634 2.3623e+07  257  213 2.3706e+07 2.3623e+07  0.35%   174 3115s
  2827  1636 2.3623e+07    6  226 2.3706e+07 2.3623e+07  0.35%   173 3122s
  2828  1637 2.3624e+07  187  222 2.3706e+07 2.3624e+07  0.35%   173 3126s
  2830  1638 2.3624e+07   21  225 2.3706e+07 2.3624e+07  0.35%   173 3132s
  2832  1640 2.3658e+07  515  242 2.3706e+07 2.3624e+07  0.35%   173 3135s
  2834  1641 2.3678e+07  487  231 2.3706e+07 2.3624e+07  0.35%   173 3140s
  2839  1646 2.3624e+07   43 5397 2.3706e+07 2.3624e+07  0.35%   254 3146s
  2841  1647 2.3706e+07  583  263 2.3706e+07 2.3624e+07  0.35%   253 3169s
  2842  1648 2.3624e+07   29  268 2.3706e+07 2.3624e+07  0.35%   253 3203s
H 2842  1565                    2.370588e+07 2.3624e+07  0.35%   253 3210s
H 2843  1488                    2.370122e+07 2.3624e+07  0.33%   253 3215s
  2845  1489 2.3624e+07  262  229 2.3701e+07 2.3624e+07  0.33%   253 3220s
  2847  1490 2.3624e+07  178  203 2.3701e+07 2.3624e+07  0.33%   253 3227s
  2848  1491 2.3624e+07  423  213 2.3701e+07 2.3624e+07  0.33%   253 3233s
  2849  1492 2.3624e+07  318  204 2.3701e+07 2.3624e+07  0.33%   253 3238s
  2850  1492 2.3674e+07  558  199 2.3701e+07 2.3624e+07  0.33%   253 3243s
  2851  1493 2.3701e+07  502  207 2.3701e+07 2.3624e+07  0.33%   252 3245s
  2853  1494 2.3624e+07   12  203 2.3701e+07 2.3624e+07  0.33%   252 3250s
  2855  1496 2.3624e+07  139  179 2.3701e+07 2.3624e+07  0.33%   252 3258s
  2856  1496 2.3624e+07  413  173 2.3701e+07 2.3624e+07  0.33%   252 3260s
  2858  1498 2.3624e+07   12  180 2.3701e+07 2.3624e+07  0.33%   252 3265s
  2860  1499 2.3624e+07  355  214 2.3701e+07 2.3624e+07  0.33%   252 3271s
H 2861  1424                    2.370122e+07 2.3624e+07  0.33%   252 3276s
  2863  1425 2.3624e+07  388  193 2.3701e+07 2.3624e+07  0.33%   251 3283s
  2864  1426 2.3624e+07  427  176 2.3701e+07 2.3624e+07  0.33%   251 3286s
  2866  1427 2.3668e+07  527  212 2.3701e+07 2.3624e+07  0.33%   251 3294s
  2867  1428 2.3624e+07  234  196 2.3701e+07 2.3624e+07  0.33%   251 3298s
  2868  1428 2.3624e+07  254  225 2.3701e+07 2.3624e+07  0.33%   251 3304s
  2869  1429 2.3624e+07   50  198 2.3701e+07 2.3624e+07  0.33%   251 3307s
  2870  1430 2.3624e+07  281  202 2.3701e+07 2.3624e+07  0.33%   251 3311s
  2871  1430 2.3624e+07  241  199 2.3701e+07 2.3624e+07  0.33%   251 3315s
  2873  1432 2.3701e+07  496  177 2.3701e+07 2.3624e+07  0.33%   251 3320s
  2875  1433 2.3642e+07  469  198 2.3701e+07 2.3624e+07  0.33%   250 3327s
  2877  1434 2.3624e+07  472  174 2.3701e+07 2.3624e+07  0.33%   250 3333s
  2878  1435 2.3701e+07  485  184 2.3701e+07 2.3624e+07  0.33%   250 3336s
  2880  1436 2.3624e+07  397  222 2.3701e+07 2.3624e+07  0.33%   250 3343s
  2881  1437 2.3624e+07  479  221 2.3701e+07 2.3624e+07  0.33%   250 3345s
  2883  1438 2.3624e+07  209  220 2.3701e+07 2.3624e+07  0.33%   250 3352s
  2885  1440 2.3624e+07   64  227 2.3701e+07 2.3624e+07  0.33%   249 3358s
  2886  1440 2.3624e+07  276  199 2.3701e+07 2.3624e+07  0.32%   249 3362s
  2888  1442 2.3701e+07  578  216 2.3701e+07 2.3624e+07  0.32%   249 3367s
  2890  1443 2.3624e+07  180  204 2.3701e+07 2.3624e+07  0.32%   249 3370s
  2892  1444 2.3697e+07  484  236 2.3701e+07 2.3624e+07  0.32%   249 3375s
  2894  1446 2.3624e+07   30  226 2.3701e+07 2.3624e+07  0.32%   249 3381s
  2897  1448 2.3658e+07  515  215 2.3701e+07 2.3624e+07  0.32%   248 3386s
  2899  1449 2.3691e+07  566  219 2.3701e+07 2.3624e+07  0.32%   248 3390s
  2902  1451 2.3624e+07  267  215 2.3701e+07 2.3624e+07  0.32%   248 3396s
  2904  1452 2.3681e+07  439  227 2.3701e+07 2.3624e+07  0.32%   248 3402s
  2906  1454 2.3624e+07  209  225 2.3701e+07 2.3624e+07  0.32%   248 3405s
  2911  1457 2.3624e+07    6  224 2.3701e+07 2.3624e+07  0.32%   247 3411s
  2915  1460 2.3624e+07  283  236 2.3701e+07 2.3624e+07  0.32%   247 3416s
  2917  1461 2.3624e+07  419  226 2.3701e+07 2.3624e+07  0.32%   247 3420s
  2918  1462 2.3624e+07  282  228 2.3701e+07 2.3624e+07  0.32%   247 3425s
  2920  1463 2.3624e+07  429  232 2.3701e+07 2.3624e+07  0.32%   246 3431s
  2922  1464 2.3624e+07   20  231 2.3701e+07 2.3624e+07  0.32%   246 3440s
  2924  1466 2.3624e+07  108  228 2.3701e+07 2.3624e+07  0.32%   246 3445s
  2925  1466 2.3624e+07  352  217 2.3701e+07 2.3624e+07  0.32%   246 3480s
  2926  1467 2.3624e+07   15  219 2.3701e+07 2.3624e+07  0.32%   246 3485s
  2928  1468 2.3625e+07  187  238 2.3701e+07 2.3625e+07  0.32%   246 3501s
  2930  1470 2.3625e+07   21  230 2.3701e+07 2.3625e+07  0.32%   246 3505s
  2931  1470 2.3650e+07  429  212 2.3701e+07 2.3625e+07  0.32%   246 3511s
H 2933  1397                    2.370113e+07 2.3625e+07  0.32%   245 3520s
  2934  1397 2.3678e+07  487  224 2.3701e+07 2.3625e+07  0.32%   245 3527s
  2936  1399 2.3625e+07   98  224 2.3701e+07 2.3625e+07  0.32%   245 3531s
  2937  1399 2.3625e+07   12  235 2.3701e+07 2.3625e+07  0.32%   245 3537s
  2938  1400 2.3665e+07  457  248 2.3701e+07 2.3625e+07  0.32%   245 3542s
  2939  1401 2.3625e+07   43  226 2.3701e+07 2.3625e+07  0.32%   245 3546s
  2941  1402 2.3701e+07  583  212 2.3701e+07 2.3625e+07  0.32%   245 3554s
  2942  1403 2.3625e+07   29  213 2.3701e+07 2.3625e+07  0.32%   245 3556s
  2943  1403 2.3701e+07  521  225 2.3701e+07 2.3625e+07  0.32%   245 3562s
  2944  1404 2.3625e+07  311  227 2.3701e+07 2.3625e+07  0.32%   244 3565s
  2946  1405 2.3625e+07  113  211 2.3701e+07 2.3625e+07  0.32%   244 3571s
  2947  1406 2.3626e+07  178  209 2.3701e+07 2.3626e+07  0.32%   244 3575s
  2950  1408 2.3674e+07  558  222 2.3701e+07 2.3626e+07  0.32%   244 3583s
  2951  1409 2.3701e+07  502  229 2.3701e+07 2.3626e+07  0.32%   244 3585s
  2954  1411 2.3626e+07  375  231 2.3701e+07 2.3626e+07  0.32%   244 3590s
  2956  1412 2.3626e+07  413  240 2.3701e+07 2.3626e+07  0.32%   243 3596s
  2959  1414 2.3626e+07  414  220 2.3701e+07 2.3626e+07  0.32%   243 3604s
  2960  1415 2.3626e+07  355  220 2.3701e+07 2.3626e+07  0.32%   243 3606s
  2961  1415 2.3626e+07  464  211 2.3701e+07 2.3626e+07  0.32%   243 3610s
  2964  1417 2.3626e+07  427  228 2.3701e+07 2.3626e+07  0.32%   243 3617s
  2965  1418 2.3626e+07   22  227 2.3701e+07 2.3626e+07  0.32%   243 3620s
  2969  1421 2.3627e+07   50  227 2.3701e+07 2.3627e+07  0.31%   242 3626s
  2972  1423 2.3627e+07  180  217 2.3701e+07 2.3627e+07  0.31%   242 3633s
  2973  1423 2.3701e+07  496  218 2.3701e+07 2.3627e+07  0.31%   242 3636s
  2978  1427 2.3701e+07  485  214 2.3701e+07 2.3627e+07  0.31%   242 3641s
  2980  1428 2.3627e+07  397  218 2.3701e+07 2.3627e+07  0.31%   242 3646s
  2981  1429 2.3627e+07  479  224 2.3701e+07 2.3627e+07  0.31%   241 3657s
  2983  1430 2.3627e+07  209  209 2.3701e+07 2.3627e+07  0.31%   241 3661s
  2987  1433 2.3627e+07  197  200 2.3701e+07 2.3627e+07  0.31%   241 3667s
  2990  1435 2.3627e+07  180  200 2.3701e+07 2.3627e+07  0.31%   241 3670s
  2993  1437 2.3699e+07  544  209 2.3701e+07 2.3627e+07  0.31%   240 3677s
  2995  1438 2.3627e+07  237  220 2.3701e+07 2.3627e+07  0.31%   240 3680s
  2997  1439 2.3658e+07  515  209 2.3701e+07 2.3627e+07  0.31%   240 3690s
  2998  1440 2.3698e+07  564  209 2.3701e+07 2.3628e+07  0.31%   240 3726s
  3001  1447 2.3628e+07   32  200 2.3701e+07 2.3628e+07  0.31%   301 3733s
  3005  1450 2.3628e+07   33  205 2.3701e+07 2.3628e+07  0.31%   302 3735s
  3009  1465 2.3628e+07   34  198 2.3701e+07 2.3628e+07  0.31%   302 3742s
  3026  1491 2.3629e+07   36  191 2.3701e+07 2.3628e+07  0.31%   303 3750s
  3057  1511 2.3629e+07   40  181 2.3701e+07 2.3628e+07  0.31%   304 3760s
  3088  1549 2.3631e+07   43  172 2.3701e+07 2.3628e+07  0.31%   306 3773s
  3138  1591 2.3631e+07   50  142 2.3701e+07 2.3628e+07  0.31%   308 3788s
  3206  1615 2.3632e+07   60  147 2.3701e+07 2.3628e+07  0.31%   313 3801s
  3277  1623 2.3633e+07   67  156 2.3701e+07 2.3628e+07  0.31%   314 3813s
H 3344  1551                    2.370113e+07 2.3628e+07  0.31%   315 3823s
H 3368  1472                    2.370113e+07 2.3628e+07  0.31%   317 3824s
H 3381  1404                    2.370112e+07 2.3628e+07  0.31%   318 3835s
H 3382  1340                    2.370110e+07 2.3628e+07  0.31%   318 3835s
  3385  1385 2.3671e+07   82  121 2.3701e+07 2.3628e+07  0.31%   318 3846s
  3450  1407 2.3638e+07   93  139 2.3701e+07 2.3628e+07  0.31%   320 3857s
  3520  1421 2.3693e+07  104  138 2.3701e+07 2.3628e+07  0.31%   321 3867s
  3584  1430 2.3641e+07  114  139 2.3701e+07 2.3628e+07  0.31%   321 3877s
  3658  1432 2.3643e+07  124  131 2.3701e+07 2.3628e+07  0.31%   321 3887s
  3738  1432 2.3642e+07  134  118 2.3701e+07 2.3628e+07  0.31%   318 3896s
  3838  1415     cutoff  149      2.3701e+07 2.3628e+07  0.31%   315 3905s
  3884  1402 2.3644e+07  154  125 2.3701e+07 2.3628e+07  0.31%   313 3914s
  3894  1414 2.3644e+07  155  124 2.3701e+07 2.3628e+07  0.31%   313 3923s
  3993  1405 2.3645e+07  163  105 2.3701e+07 2.3628e+07  0.31%   308 3933s
  4139  1393 2.3700e+07  177  117 2.3701e+07 2.3628e+07  0.31%   302 3942s
  4229  1406 2.3659e+07  188   96 2.3701e+07 2.3628e+07  0.31%   300 3953s
  4313  1447 2.3693e+07  216  116 2.3701e+07 2.3628e+07  0.31%   301 3965s
  4442  1445     cutoff  253      2.3701e+07 2.3628e+07  0.31%   302 3978s
H 4485  1369                    2.370110e+07 2.3628e+07  0.31%   300 3978s
  4541  1413     cutoff  282      2.3701e+07 2.3628e+07  0.31%   303 3991s
  4698  1362 2.3697e+07  339   97 2.3701e+07 2.3628e+07  0.31%   302 4003s
  4703  1368 2.3678e+07  340  107 2.3701e+07 2.3628e+07  0.31%   301 4012s
  4743  1402 2.3680e+07  353  109 2.3701e+07 2.3628e+07  0.31%   300 4025s
  4914  1398 2.3629e+07   35  188 2.3701e+07 2.3628e+07  0.31%   296 4036s
  5009  1430 2.3630e+07   45  147 2.3701e+07 2.3628e+07  0.31%   296 4050s
  5167  1476 2.3632e+07   58  132 2.3701e+07 2.3628e+07  0.31%   294 4063s
  5324  1515 2.3634e+07   73  122 2.3701e+07 2.3628e+07  0.31%   293 4077s
  5539  1519 2.3643e+07   88  132 2.3701e+07 2.3628e+07  0.31%   288 4091s
  5724  1519 2.3666e+07  119  112 2.3701e+07 2.3628e+07  0.31%   283 4104s
  6032  1521 2.3682e+07  215   83 2.3701e+07 2.3628e+07  0.31%   274 4118s
  6230  1589 2.3632e+07   49  160 2.3701e+07 2.3628e+07  0.31%   271 4132s
  6507  1741 2.3639e+07   90  126 2.3701e+07 2.3628e+07  0.31%   265 4148s
  6833  1900 2.3676e+07  186  101 2.3701e+07 2.3628e+07  0.31%   258 4165s
  7046  1985 2.3683e+07  234   89 2.3701e+07 2.3628e+07  0.31%   254 4178s
  7136  2020 2.3683e+07  235   90 2.3701e+07 2.3628e+07  0.31%   252 4191s
  7226  2102 2.3683e+07  236   90 2.3701e+07 2.3628e+07  0.31%   250 4206s
  7459  2327 2.3628e+07   37  170 2.3701e+07 2.3628e+07  0.31%   245 4224s
  7770  2637 2.3670e+07   67  148 2.3701e+07 2.3628e+07  0.31%   241 4243s
  8299  2820 2.3667e+07  109  131 2.3701e+07 2.3628e+07  0.31%   231 4261s
  8666  2980 2.3674e+07  190  123 2.3701e+07 2.3628e+07  0.31%   226 4279s
  9017  3120 2.3632e+07   54  186 2.3701e+07 2.3628e+07  0.31%   223 4296s
  9358  3255 2.3662e+07  119  132 2.3701e+07 2.3628e+07  0.31%   221 4316s
  9699  3433 2.3675e+07  232  127 2.3701e+07 2.3628e+07  0.31%   218 4337s
 10068  3593 2.3636e+07   66  153 2.3701e+07 2.3628e+07  0.31%   215 4361s
 10519  3594 2.3665e+07   93 5082 2.3701e+07 2.3628e+07  0.31%   210 4430s
 10521  3595 2.3640e+07   69  259 2.3701e+07 2.3628e+07  0.31%   210 4452s
 10522  3596 2.3669e+07  182  242 2.3701e+07 2.3628e+07  0.31%   210 4507s
 10523  3597 2.3634e+07   79  275 2.3701e+07 2.3628e+07  0.31%   210 4517s
 10524  3597 2.3693e+07  129  240 2.3701e+07 2.3628e+07  0.31%   210 4525s
 10525  3598 2.3648e+07   61  224 2.3701e+07 2.3628e+07  0.31%   210 4533s
 10526  3599 2.3694e+07  245  233 2.3701e+07 2.3628e+07  0.31%   210 4541s
 10527  3599 2.3690e+07   82  196 2.3701e+07 2.3628e+07  0.31%   210 4546s
 10528  3600 2.3684e+07  269  218 2.3701e+07 2.3628e+07  0.31%   210 4552s
 10529  3601 2.3656e+07  128  209 2.3701e+07 2.3628e+07  0.31%   210 4559s
 10530  3601 2.3640e+07   60  191 2.3701e+07 2.3628e+07  0.31%   210 4563s
 10531  3602 2.3655e+07  160  183 2.3701e+07 2.3628e+07  0.31%   210 4567s
 10532  3603 2.3692e+07  301  192 2.3701e+07 2.3628e+07  0.31%   210 4575s
 10533  3603 2.3629e+07   45  195 2.3701e+07 2.3628e+07  0.31%   210 4580s
 10534  3604 2.3641e+07   90  198 2.3701e+07 2.3628e+07  0.31%   210 4591s
 10535  3605 2.3650e+07   98  176 2.3701e+07 2.3628e+07  0.31%   210 4596s
 10536  3605 2.3693e+07  256  190 2.3701e+07 2.3628e+07  0.31%   210 4603s
 10537  3606 2.3655e+07  138  216 2.3701e+07 2.3628e+07  0.31%   210 4611s
 10538  3607 2.3655e+07  151  190 2.3701e+07 2.3628e+07  0.31%   210 4615s
 10539  3607 2.3664e+07  304  192 2.3701e+07 2.3628e+07  0.31%   210 4625s
 10540  3608 2.3695e+07   64  203 2.3701e+07 2.3628e+07  0.31%   210 4635s
 10541  3609 2.3660e+07  159  213 2.3701e+07 2.3628e+07  0.31%   210 4640s
 10542  3609 2.3694e+07  174  180 2.3701e+07 2.3628e+07  0.31%   210 4645s
 10543  3610 2.3660e+07  302  203 2.3701e+07 2.3628e+07  0.31%   210 4650s
 10544  3611 2.3646e+07  159  208 2.3701e+07 2.3628e+07  0.31%   210 4656s
 10545  3611 2.3671e+07  216  200 2.3701e+07 2.3628e+07  0.31%   210 4663s
 10546  3612 2.3633e+07   69  190 2.3701e+07 2.3628e+07  0.31%   210 4667s
 10547  3613 2.3682e+07  207  221 2.3701e+07 2.3628e+07  0.31%   210 4670s
 10549  3614 2.3634e+07   65  197 2.3701e+07 2.3628e+07  0.31%   210 4678s
 10550  3615 2.3661e+07  175  183 2.3701e+07 2.3628e+07  0.31%   210 4682s
 10551  3615 2.3696e+07   73  163 2.3701e+07 2.3628e+07  0.31%   210 4685s
 10553  3617 2.3661e+07   91  171 2.3701e+07 2.3628e+07  0.31%   210 4691s
 10555  3618 2.3679e+07   58  181 2.3701e+07 2.3628e+07  0.31%   210 4697s
 10556  3619 2.3682e+07   66  217 2.3701e+07 2.3628e+07  0.31%   210 4701s
 10557  3619 2.3633e+07   68  202 2.3701e+07 2.3628e+07  0.31%   210 4707s
 10558  3620 2.3677e+07  178  186 2.3701e+07 2.3628e+07  0.31%   210 4710s
 10560  3621 2.3690e+07  271  210 2.3701e+07 2.3628e+07  0.31%   210 4717s
 10561  3622 2.3695e+07  101  181 2.3701e+07 2.3628e+07  0.31%   209 4721s
 10563  3623 2.3651e+07  108  179 2.3701e+07 2.3628e+07  0.31%   209 4726s
 10564  3624 2.3658e+07  163  191 2.3701e+07 2.3628e+07  0.31%   209 4732s
 10565  3625 2.3643e+07  109  211 2.3701e+07 2.3628e+07  0.31%   209 4735s
 10568  3627 2.3672e+07  310  201 2.3701e+07 2.3628e+07  0.31%   209 4743s
 10569  3627 2.3643e+07   48  242 2.3701e+07 2.3628e+07  0.31%   209 4749s
 10570  3628 2.3629e+07   38  229 2.3701e+07 2.3628e+07  0.31%   209 4752s
 10571  3629 2.3663e+07  149  239 2.3701e+07 2.3628e+07  0.31%   209 4758s
 10572  3629 2.3679e+07  193  229 2.3701e+07 2.3628e+07  0.31%   209 4763s
 10573  3630 2.3643e+07   50  211 2.3701e+07 2.3628e+07  0.31%   209 4766s
 10575  3631 2.3633e+07   51  232 2.3701e+07 2.3628e+07  0.31%   209 4771s
 10577  3633 2.3676e+07  201  213 2.3701e+07 2.3628e+07  0.31%   209 4777s
 10578  3633 2.3655e+07  125  224 2.3701e+07 2.3628e+07  0.31%   209 4781s
 10580  3635 2.3665e+07  147  222 2.3701e+07 2.3628e+07  0.31%   209 4788s
 10581  3635 2.3636e+07   73  209 2.3701e+07 2.3628e+07  0.31%   209 4792s
 10583  3637 2.3658e+07  186  204 2.3701e+07 2.3628e+07  0.31%   209 4796s
 10584  3637 2.3650e+07   77  225 2.3701e+07 2.3628e+07  0.31%   209 4800s
 10586  3639 2.3634e+07   54  216 2.3701e+07 2.3628e+07  0.31%   209 4805s
 10588  3640 2.3637e+07  115  214 2.3701e+07 2.3628e+07  0.31%   209 4811s
 10590  3641 2.3631e+07   54  210 2.3701e+07 2.3628e+07  0.31%   209 4816s
 10592  3643 2.3658e+07  293  222 2.3701e+07 2.3628e+07  0.31%   209 4821s
 10594  3644 2.3662e+07   90  227 2.3701e+07 2.3628e+07  0.31%   209 4826s
 10595  3645 2.3632e+07   46  238 2.3701e+07 2.3628e+07  0.31%   209 4830s
 10598  3647 2.3640e+07   77  227 2.3701e+07 2.3628e+07  0.31%   209 4837s
 10600  3648 2.3692e+07  473  226 2.3701e+07 2.3628e+07  0.31%   209 4842s
 10601  3649 2.3642e+07  104  230 2.3701e+07 2.3628e+07  0.31%   209 4845s
 10603  3650 2.3644e+07  104  222 2.3701e+07 2.3628e+07  0.31%   209 4851s
 10605  3651 2.3664e+07  355  221 2.3701e+07 2.3628e+07  0.31%   209 4856s
 10608  3653 2.3679e+07   75  223 2.3701e+07 2.3628e+07  0.31%   209 4860s
 10612  3656 2.3648e+07   61  232 2.3701e+07 2.3628e+07  0.31%   208 4866s
 10614  3657 2.3630e+07   49  223 2.3701e+07 2.3628e+07  0.31%   208 4871s
 10616  3659 2.3634e+07   62  216 2.3701e+07 2.3628e+07  0.31%   208 4875s
 10621  3662 2.3640e+07   69  220 2.3701e+07 2.3628e+07  0.31%   208 4920s
 10622  3663 2.3669e+07  182  222 2.3701e+07 2.3628e+07  0.31%   208 4926s
 10624  3664 2.3693e+07  129  226 2.3701e+07 2.3628e+07  0.31%   208 4936s
 10626  3665 2.3694e+07  245  230 2.3701e+07 2.3628e+07  0.31%   208 4942s
 10628  3667 2.3684e+07  269  240 2.3701e+07 2.3628e+07  0.31%   208 4945s
 10629  3667 2.3656e+07  128  217 2.3701e+07 2.3628e+07  0.31%   208 4965s
 10631  3669 2.3655e+07  160  224 2.3701e+07 2.3628e+07  0.31%   208 4971s
 10633  3670 2.3629e+07   45  228 2.3701e+07 2.3628e+07  0.31%   208 4977s
 10634  3671 2.3641e+07   90  221 2.3701e+07 2.3629e+07  0.31%   208 4981s
 10639  3674 2.3664e+07  304  226 2.3701e+07 2.3629e+07  0.31%   208 4988s
 10641  3675 2.3660e+07  159  212 2.3701e+07 2.3629e+07  0.31%   208 4990s
 10643  3677 2.3660e+07  302  212 2.3701e+07 2.3629e+07  0.31%   208 4996s
 10646  3679 2.3633e+07   69  219 2.3701e+07 2.3629e+07  0.31%   208 5003s
 10647  3679 2.3682e+07  207  212 2.3701e+07 2.3629e+07  0.31%   208 5007s
 10649  3681 2.3634e+07   65  223 2.3701e+07 2.3629e+07  0.31%   208 5012s
 10651  3682 2.3696e+07   73  221 2.3701e+07 2.3629e+07  0.31%   208 5015s
 10652  3683 2.3671e+07  316  221 2.3701e+07 2.3629e+07  0.31%   208 5021s
 10653  3683 2.3661e+07   91  221 2.3701e+07 2.3630e+07  0.30%   208 5072s
 10654  3687 2.3630e+07   44  222 2.3701e+07 2.3630e+07  0.30%   228 5078s
 10656  3690 2.3630e+07   45  222 2.3701e+07 2.3630e+07  0.30%   228 5081s
 10660  3693 2.3630e+07   46  219 2.3701e+07 2.3630e+07  0.30%   228 5086s
 10664  3703 2.3630e+07   47  237 2.3701e+07 2.3630e+07  0.30%   228 5091s
 10676  3708 2.3630e+07   49  195 2.3701e+07 2.3630e+07  0.30%   229 5095s
 10694  3717 2.3630e+07   51  207 2.3701e+07 2.3630e+07  0.30%   229 5102s
 10703  3720 2.3636e+07   52  171 2.3701e+07 2.3630e+07  0.30%   230 5105s
 10718  3727 2.3630e+07   54  175 2.3701e+07 2.3630e+07  0.30%   230 5111s
 10735  3735 2.3630e+07   56  190 2.3701e+07 2.3630e+07  0.30%   230 5117s
 10742  3744 2.3630e+07   57  189 2.3701e+07 2.3630e+07  0.30%   231 5121s
 10760  3750 2.3630e+07   58  194 2.3701e+07 2.3630e+07  0.30%   231 5126s
 10766  3757 2.3630e+07   59  184 2.3701e+07 2.3630e+07  0.30%   231 5131s
 10777  3767 2.3630e+07   60  182 2.3701e+07 2.3630e+07  0.30%   232 5135s
 10792  3776 2.3631e+07   61  191 2.3701e+07 2.3630e+07  0.30%   232 5142s
 10813  3783 2.3631e+07   63  174 2.3701e+07 2.3630e+07  0.30%   232 5146s
 10828  3788 2.3635e+07   64  166 2.3701e+07 2.3630e+07  0.30%   233 5153s
 10849  3789 2.3679e+07   66  177 2.3701e+07 2.3630e+07  0.30%   233 5158s
 10865  3790 2.3681e+07   67  173 2.3701e+07 2.3630e+07  0.30%   233 5163s
 10880  3795 2.3679e+07   68  185 2.3701e+07 2.3630e+07  0.30%   234 5168s
 10895  3805 2.3632e+07   69  191 2.3701e+07 2.3630e+07  0.30%   234 5174s
 10913  3802 2.3632e+07   72  206 2.3701e+07 2.3630e+07  0.30%   234 5180s
 10917  3803 2.3639e+07   72  190 2.3701e+07 2.3630e+07  0.30%   234 5185s
 10921  3805 2.3632e+07   73  211 2.3701e+07 2.3630e+07  0.30%   234 5190s
 10930  3808 2.3632e+07   74  208 2.3701e+07 2.3630e+07  0.30%   234 5198s
 10936  3813 2.3683e+07   74  173 2.3701e+07 2.3630e+07  0.30%   235 5202s
 10946  3820 2.3632e+07   75  207 2.3701e+07 2.3630e+07  0.30%   235 5207s
 10962  3829 2.3632e+07   75  186 2.3701e+07 2.3630e+07  0.30%   235 5213s
 10980  3825 2.3684e+07   76  192 2.3701e+07 2.3630e+07  0.30%   236 5219s
 10984  3827 2.3632e+07   77  189 2.3701e+07 2.3630e+07  0.30%   236 5225s
 10992  3831 2.3632e+07   78  191 2.3701e+07 2.3630e+07  0.30%   236 5234s
 10996  3833 2.3679e+07   78  178 2.3701e+07 2.3630e+07  0.30%   236 5239s
 11000  3835 2.3632e+07   79  195 2.3701e+07 2.3630e+07  0.30%   236 5243s
 11004  3842 2.3679e+07   79  178 2.3701e+07 2.3630e+07  0.30%   236 5249s
 11015  3850 2.3632e+07   82  180 2.3701e+07 2.3630e+07  0.30%   236 5256s
 11031  3856 2.3632e+07   84  185 2.3701e+07 2.3630e+07  0.30%   237 5263s
 11049  3863 2.3632e+07   86  179 2.3701e+07 2.3630e+07  0.30%   237 5270s
 11070  3874 2.3632e+07   88  185 2.3701e+07 2.3630e+07  0.30%   238 5277s
 11098  3885 2.3633e+07   90  177 2.3701e+07 2.3630e+07  0.30%   238 5285s
 11130  3888 2.3633e+07   93  164 2.3701e+07 2.3630e+07  0.30%   239 5293s
 11157  3894 2.3633e+07   97  172 2.3701e+07 2.3630e+07  0.30%   239 5301s
 11191  3901 2.3633e+07  100  153 2.3701e+07 2.3630e+07  0.30%   240 5310s
 11223  3901 2.3633e+07  103  180 2.3701e+07 2.3630e+07  0.30%   241 5319s
 11257  3911 2.3633e+07  107  167 2.3701e+07 2.3630e+07  0.30%   241 5329s
 11287  3928 2.3636e+07  110  164 2.3701e+07 2.3630e+07  0.30%   242 5338s
 11326  3946 2.3634e+07  115  173 2.3701e+07 2.3630e+07  0.30%   243 5348s
 11371  3953 2.3657e+07  120  158 2.3701e+07 2.3630e+07  0.30%   243 5360s
 11416  3964 2.3636e+07  126  164 2.3701e+07 2.3630e+07  0.30%   244 5370s
 11478  3973 2.3636e+07  132  162 2.3701e+07 2.3630e+07  0.30%   245 5381s
 11531  3984 2.3636e+07  137  139 2.3701e+07 2.3630e+07  0.30%   245 5392s
 11593  3984 2.3689e+07  142  174 2.3701e+07 2.3630e+07  0.30%   246 5405s
 11665  3985     cutoff  149      2.3701e+07 2.3630e+07  0.30%   246 5418s
 11744  3987 2.3651e+07  164  149 2.3701e+07 2.3630e+07  0.30%   246 5430s
 11824  3973     cutoff  174      2.3701e+07 2.3630e+07  0.30%   246 5442s
 11934  3957 2.3652e+07  192  154 2.3701e+07 2.3630e+07  0.30%   246 5455s
 12053  3947 2.3654e+07  207  145 2.3701e+07 2.3630e+07  0.30%   245 5468s
 12156  3939 2.3661e+07  232  143 2.3701e+07 2.3630e+07  0.30%   245 5483s
 12274  3941 2.3693e+07  259  149 2.3701e+07 2.3630e+07  0.30%   245 5498s
 12388  3947 2.3698e+07  300  117 2.3701e+07 2.3630e+07  0.30%   245 5514s
 12531  3945 2.3630e+07   56  184 2.3701e+07 2.3630e+07  0.30%   244 5531s
 12655  3940 2.3631e+07   63  167 2.3701e+07 2.3630e+07  0.30%   245 5548s
 12756  3960 2.3632e+07   68  158 2.3701e+07 2.3630e+07  0.30%   245 5567s
 12835  4003 2.3632e+07   77  164 2.3701e+07 2.3630e+07  0.30%   246 5587s
 12931  4023 2.3633e+07   90  164 2.3701e+07 2.3630e+07  0.30%   248 5607s
 13030  4054 2.3634e+07  106  149 2.3701e+07 2.3630e+07  0.30%   249 5627s
 13131  4090 2.3697e+07  120  157 2.3701e+07 2.3630e+07  0.30%   250 5647s
 13238  4126 2.3639e+07  136  154 2.3701e+07 2.3630e+07  0.30%   251 5676s
 13419  4128 2.3641e+07  152  146 2.3701e+07 2.3630e+07  0.30%   252 5709s
 13628  4123 2.3645e+07  167  156 2.3701e+07 2.3630e+07  0.30%   251 5739s
 13832  4150 2.3671e+07  206  101 2.3701e+07 2.3630e+07  0.30%   250 5771s
 14151  4171 2.3677e+07  262   91 2.3701e+07 2.3630e+07  0.30%   248 5806s
 14585  4036     cutoff  335      2.3701e+07 2.3630e+07  0.30%   245 5829s
 14700  4015 2.3681e+07  379   89 2.3701e+07 2.3630e+07  0.30%   244 5858s
 14719  4110 2.3681e+07  380   89 2.3701e+07 2.3630e+07  0.30%   243 5889s
 14931  4058 2.3632e+07   56  188 2.3701e+07 2.3630e+07  0.30%   242 5915s
 15130  4162 2.3633e+07   57  181 2.3701e+07 2.3630e+07  0.30%   240 5952s
 15400  4335 2.3635e+07   65  182 2.3701e+07 2.3630e+07  0.30%   238 5995s
 15804  4404 2.3642e+07  115  154 2.3701e+07 2.3630e+07  0.30%   236 6041s
 16336  4491 2.3651e+07  175  140 2.3701e+07 2.3630e+07  0.30%   231 6084s
 16709  4724 2.3666e+07  292  131 2.3701e+07 2.3630e+07  0.30%   230 6112s
 17318  4810 2.3689e+07  469  102 2.3701e+07 2.3630e+07  0.30%   225 6143s
 17918  4688 2.3665e+07   94  137 2.3701e+07 2.3630e+07  0.30%   221 6174s
H18021  4466                    2.370110e+07 2.3630e+07  0.30%   220 6174s
 18039  4717 2.3669e+07  115  126 2.3701e+07 2.3630e+07  0.30%   220 6207s
 18466  4963 2.3632e+07   60  161 2.3701e+07 2.3631e+07  0.30%   219 6240s
 19016  5165 2.3663e+07  107  154 2.3701e+07 2.3631e+07  0.30%   216 6274s
 19637  5257 2.3632e+07   56  179 2.3701e+07 2.3631e+07  0.30%   213 6308s
 20154  5505 2.3641e+07  100  151 2.3701e+07 2.3631e+07  0.30%   211 6344s
 20713  5661 2.3692e+07  296   69 2.3701e+07 2.3631e+07  0.30%   209 6380s
 21117  6025 2.3690e+07  233  163 2.3701e+07 2.3631e+07  0.30%   208 6459s
 21738  6284 2.3651e+07  177  177 2.3701e+07 2.3631e+07  0.30%   207 6491s
 22328  6443 2.3673e+07  298  132 2.3701e+07 2.3631e+07  0.30%   203 6518s
 22676  6707 2.3685e+07  448  137 2.3701e+07 2.3631e+07  0.30%   203 6547s
 23081  6894 2.3648e+07  117  166 2.3701e+07 2.3631e+07  0.30%   202 6573s
 23391  7088 2.3631e+07   48  203 2.3701e+07 2.3631e+07  0.30%   202 6601s
 23853  7258 2.3681e+07  106  137 2.3701e+07 2.3631e+07  0.30%   201 6630s
 24098  7507 2.3643e+07   85  188 2.3701e+07 2.3631e+07  0.30%   201 6659s
 24379  7613 2.3655e+07  146  150 2.3701e+07 2.3631e+07  0.30%   201 6686s
 24531  7782 2.3632e+07   60  182 2.3701e+07 2.3631e+07  0.30%   201 6718s
 24744  7939 2.3656e+07   68  182 2.3701e+07 2.3631e+07  0.30%   201 6744s
 25079  8214 2.3688e+07   97  180 2.3701e+07 2.3631e+07  0.30%   200 6776s
 25490  8674 2.3646e+07  127  138 2.3701e+07 2.3631e+07  0.30%   199 6807s
 26107  8899 2.3662e+07  247  164 2.3701e+07 2.3631e+07  0.30%   197 6839s
 26596  9021 2.3692e+07   98  169 2.3701e+07 2.3631e+07  0.30%   196 6868s
 26839  9216 2.3635e+07   67  174 2.3701e+07 2.3631e+07  0.30%   198 6897s
 27225  9442 2.3685e+07   70  189 2.3701e+07 2.3631e+07  0.30%   198 6927s
 27632  9673 2.3653e+07  151  166 2.3701e+07 2.3631e+07  0.30%   199 6954s
 28218  9803 2.3632e+07   63  198 2.3701e+07 2.3631e+07  0.30%   199 6980s
 28818 10041 2.3633e+07   78  166 2.3701e+07 2.3631e+07  0.30%   198 7009s
 29299 10303 2.3694e+07   82  168 2.3701e+07 2.3631e+07  0.30%   197 7038s
 29658 10510 2.3632e+07   57  183 2.3701e+07 2.3631e+07  0.30%   197 7068s
 29936 10872 2.3657e+07  116  165 2.3701e+07 2.3631e+07  0.30%   198 7098s
 30383 11193 2.3680e+07  270  158 2.3701e+07 2.3631e+07  0.30%   197 7130s
 30879 11514 2.3649e+07  109  146 2.3701e+07 2.3631e+07  0.30%   196 7158s
 31308 11790 2.3680e+07   86  165 2.3701e+07 2.3631e+07  0.30%   195 7188s

Cutting planes:
  Gomory: 4
  Lift-and-project: 3
  Projected implied bound: 564
  MIR: 517
  Flow cover: 71
  RLT: 3
  Relax-and-lift: 38

Explored 31678 nodes (6379530 simplex iterations) in 7209.57 seconds (4643.34 work units)
Thread count was 8 (of 8 available processors)

Solution count 10: 2.37011e+07 2.37011e+07 2.37011e+07 ... 2.3706e+07

Time limit reached
Best objective 2.370109616403e+07, best bound 2.363107655319e+07, gap 0.2954%
